<?xml version="1.0" encoding="UTF-8"?>
<Site BuildName="Win32-MSBuild"
	BuildStamp="20210514-1825-Experimental"
	Name="win10-amd64"
	Generator="ctest-3.20.1"
	CompilerName="C:/Program Files (x86)/Microsoft Visual Studio/2019/Community/VC/Tools/MSVC/14.28.29333/bin/Hostx64/x64/cl.exe"
	CompilerVersion="19.28.29334.0"
	OSName="Windows"
	Hostname="win10-amd64"
	OSRelease=" Professional"
	OSVersion=" (Build 19042)"
	OSPlatform="AMD64"
	Is64Bits="1"
	VendorString="GenuineIntel"
	VendorID="Intel Corporation"
	FamilyID="6"
	ModelID="14"
	ProcessorCacheSize="-1"
	NumberOfLogicalCPU="4"
	NumberOfPhysicalCPU="4"
	TotalVirtualMemory="4799"
	TotalPhysicalMemory="4095"
	LogicalProcessorsPerPhysical="1"
	ProcessorClockFrequency="1497"
	>
	<Testing>
		<StartDateTime>May 14 11:30 Pacific Daylight Time</StartDateTime>
		<StartTestTime>1621017014</StartTestTime>
		<TestList>
			<Test>./src/ddscxx/tests/EntityStatus.publication_matched</Test>
			<Test>./src/ddscxx/tests/EntityStatus.subscription_matched</Test>
			<Test>./src/ddscxx/tests/EntityStatus.incompatible_qos</Test>
			<Test>./src/ddscxx/tests/EntityStatus.sample_lost</Test>
			<Test>./src/ddscxx/tests/EntityStatus.sample_rejected</Test>
			<Test>./src/ddscxx/tests/EntityStatus.liveliness_changed</Test>
			<Test>./src/ddscxx/tests/Listener.participant_with_listener</Test>
			<Test>./src/ddscxx/tests/Listener.already_closed_participant</Test>
			<Test>./src/ddscxx/tests/Listener.participant_without_listener</Test>
			<Test>./src/ddscxx/tests/Listener.topic_without_listener</Test>
			<Test>./src/ddscxx/tests/Listener.topic_with_listener</Test>
			<Test>./src/ddscxx/tests/Listener.already_closed_topic</Test>
			<Test>./src/ddscxx/tests/Listener.publisher_without_listener</Test>
			<Test>./src/ddscxx/tests/Listener.publisher_with_listener</Test>
			<Test>./src/ddscxx/tests/Listener.already_closed_publisher</Test>
			<Test>./src/ddscxx/tests/Listener.subscriber_without_listener</Test>
			<Test>./src/ddscxx/tests/Listener.subscriber_with_listener</Test>
			<Test>./src/ddscxx/tests/Listener.already_closed_subscriber</Test>
			<Test>./src/ddscxx/tests/Listener.writer_without_listener</Test>
			<Test>./src/ddscxx/tests/Listener.writer_with_listener</Test>
			<Test>./src/ddscxx/tests/Listener.already_closed_writer</Test>
			<Test>./src/ddscxx/tests/Listener.reader_without_listener</Test>
			<Test>./src/ddscxx/tests/Listener.reader_with_listener</Test>
			<Test>./src/ddscxx/tests/Listener.already_closed_reader</Test>
			<Test>./src/ddscxx/tests/Listener.incorrect_listener_mask</Test>
			<Test>./src/ddscxx/tests/Listener.sample_lost</Test>
			<Test>./src/ddscxx/tests/Listener.sample_rejected</Test>
			<Test>./src/ddscxx/tests/Listener.liveliness_changed</Test>
			<Test>./src/ddscxx/tests/Listener.incompatible_qos</Test>
			<Test>./src/ddscxx/tests/Listener.publication_matched</Test>
			<Test>./src/ddscxx/tests/Listener.subscription_matched</Test>
			<Test>./src/ddscxx/tests/Listener.publication_subscription_matched</Test>
			<Test>./src/ddscxx/tests/Listener.data_available</Test>
			<Test>./src/ddscxx/tests/Listener.data_available_subscriber</Test>
			<Test>./src/ddscxx/tests/Listener.data_available_participant</Test>
			<Test>./src/ddscxx/tests/Listener.propagation</Test>
			<Test>./src/ddscxx/tests/listener_stress.data_available_reader</Test>
			<Test>./src/ddscxx/tests/listener_stress.data_available_subscriber</Test>
			<Test>./src/ddscxx/tests/listener_stress.data_available_participant</Test>
			<Test>./src/ddscxx/tests/DomainParticipant.null</Test>
			<Test>./src/ddscxx/tests/DomainParticipant.create_with_conf</Test>
			<Test>./src/ddscxx/tests/DomainParticipant.create_with_str_conffile</Test>
			<Test>./src/ddscxx/tests/DomainParticipant.create_with_str_conf</Test>
			<Test>./src/ddscxx/tests/DomainParticipant.recreate_with_str_conf</Test>
			<Test>./src/ddscxx/tests/DomainParticipant.create_with_str_conf_default</Test>
			<Test>./src/ddscxx/tests/DomainParticipant.create_with_str_conf_invalid</Test>
			<Test>./src/ddscxx/tests/DomainParticipant.create_without_conf</Test>
			<Test>./src/ddscxx/tests/DomainParticipant.create_multiple</Test>
			<Test>./src/ddscxx/tests/DomainParticipant.create_invalid</Test>
			<Test>./src/ddscxx/tests/DomainParticipant.recreate_after_delete</Test>
			<Test>./src/ddscxx/tests/DomainParticipant.recreate_after_close</Test>
			<Test>./src/ddscxx/tests/DomainParticipant.use_after_close</Test>
			<Test>./src/ddscxx/tests/DomainParticipant.use_after_deletion</Test>
			<Test>./src/ddscxx/tests/DomainParticipant.find_none</Test>
			<Test>./src/ddscxx/tests/DomainParticipant.find_wrong</Test>
			<Test>./src/ddscxx/tests/DomainParticipant.find_deleted</Test>
			<Test>./src/ddscxx/tests/DomainParticipant.find_one</Test>
			<Test>./src/ddscxx/tests/DomainParticipant.find_multiple</Test>
			<Test>./src/ddscxx/tests/DomainParticipant.find_first</Test>
			<Test>./src/ddscxx/tests/DomainParticipant.find_second</Test>
			<Test>./src/ddscxx/tests/DomainParticipant.ignore_none</Test>
			<Test>./src/ddscxx/tests/DomainParticipant.ignore_one</Test>
			<Test>./src/ddscxx/tests/DomainParticipant.non_default_constructor</Test>
			<Test>./src/ddscxx/tests/DomainParticipant.current_time</Test>
			<Test>./src/ddscxx/tests/DomainParticipant.default__qos</Test>
			<Test>./src/ddscxx/tests/Exception.Error</Test>
			<Test>./src/ddscxx/tests/Exception.InvalidDataError</Test>
			<Test>./src/ddscxx/tests/Exception.PreconditionNotMetError</Test>
			<Test>./src/ddscxx/tests/Exception.UnsupportedError</Test>
			<Test>./src/ddscxx/tests/Exception.NotEnabledError</Test>
			<Test>./src/ddscxx/tests/Exception.InconsistentPolicyError</Test>
			<Test>./src/ddscxx/tests/Exception.ImmutablePolicyError</Test>
			<Test>./src/ddscxx/tests/Exception.AlreadyClosedError</Test>
			<Test>./src/ddscxx/tests/Exception.IllegalOperationError</Test>
			<Test>./src/ddscxx/tests/Exception.OutOfResourcesError</Test>
			<Test>./src/ddscxx/tests/Exception.TimeoutError</Test>
			<Test>./src/ddscxx/tests/Exception.InvalidDowncastError</Test>
			<Test>./src/ddscxx/tests/Exception.NullReferenceError</Test>
			<Test>./src/ddscxx/tests/Exception.InvalidArgumentError</Test>
			<Test>./src/ddscxx/tests/Conversions.participant_entity_to</Test>
			<Test>./src/ddscxx/tests/Conversions.participant_entity_from</Test>
			<Test>./src/ddscxx/tests/Conversions.participant_entity_null</Test>
			<Test>./src/ddscxx/tests/Conversions.participant_entity_invalid</Test>
			<Test>./src/ddscxx/tests/Conversions.participant_entity_implicit</Test>
			<Test>./src/ddscxx/tests/Conversions.publisher_entity_to</Test>
			<Test>./src/ddscxx/tests/Conversions.publisher_entity_from</Test>
			<Test>./src/ddscxx/tests/Conversions.publisher_entity_null</Test>
			<Test>./src/ddscxx/tests/Conversions.publisher_entity_invalid</Test>
			<Test>./src/ddscxx/tests/Conversions.publisher_entity_implicit</Test>
			<Test>./src/ddscxx/tests/Conversions.subscriber_entity_to</Test>
			<Test>./src/ddscxx/tests/Conversions.subscriber_entity_from</Test>
			<Test>./src/ddscxx/tests/Conversions.subscriber_entity_null</Test>
			<Test>./src/ddscxx/tests/Conversions.subscriber_entity_invalid</Test>
			<Test>./src/ddscxx/tests/Conversions.subscriber_entity_implicit</Test>
			<Test>./src/ddscxx/tests/Conversions.topic_any_to</Test>
			<Test>./src/ddscxx/tests/Conversions.topic_any_from</Test>
			<Test>./src/ddscxx/tests/Conversions.topic_any_null</Test>
			<Test>./src/ddscxx/tests/Conversions.topic_any_invalid</Test>
			<Test>./src/ddscxx/tests/Conversions.topic_any_implicit</Test>
			<Test>./src/ddscxx/tests/Conversions.topic_description_to</Test>
			<Test>./src/ddscxx/tests/Conversions.topic_description_from</Test>
			<Test>./src/ddscxx/tests/Conversions.topic_description_null</Test>
			<Test>./src/ddscxx/tests/Conversions.topic_description_invalid</Test>
			<Test>./src/ddscxx/tests/Conversions.topic_description_implicit</Test>
			<Test>./src/ddscxx/tests/Conversions.topic_entity_to</Test>
			<Test>./src/ddscxx/tests/Conversions.topic_entity_from</Test>
			<Test>./src/ddscxx/tests/Conversions.topic_entity_null</Test>
			<Test>./src/ddscxx/tests/Conversions.topic_entity_invalid</Test>
			<Test>./src/ddscxx/tests/Conversions.topic_entity_implicit</Test>
			<Test>./src/ddscxx/tests/Conversions.writer_any_to</Test>
			<Test>./src/ddscxx/tests/Conversions.writer_any_from</Test>
			<Test>./src/ddscxx/tests/Conversions.writer_any_null</Test>
			<Test>./src/ddscxx/tests/Conversions.writer_any_invalid</Test>
			<Test>./src/ddscxx/tests/Conversions.writer_any_implicit</Test>
			<Test>./src/ddscxx/tests/Conversions.writer_entity_to</Test>
			<Test>./src/ddscxx/tests/Conversions.writer_entity_from</Test>
			<Test>./src/ddscxx/tests/Conversions.writer_entity_null</Test>
			<Test>./src/ddscxx/tests/Conversions.writer_entity_invalid</Test>
			<Test>./src/ddscxx/tests/Conversions.writer_entity_implicit</Test>
			<Test>./src/ddscxx/tests/Conversions.reader_any_to</Test>
			<Test>./src/ddscxx/tests/Conversions.reader_any_from</Test>
			<Test>./src/ddscxx/tests/Conversions.reader_any_null</Test>
			<Test>./src/ddscxx/tests/Conversions.reader_any_invalid</Test>
			<Test>./src/ddscxx/tests/Conversions.reader_any_implicit</Test>
			<Test>./src/ddscxx/tests/Conversions.reader_entity_to</Test>
			<Test>./src/ddscxx/tests/Conversions.reader_entity_from</Test>
			<Test>./src/ddscxx/tests/Conversions.reader_entity_null</Test>
			<Test>./src/ddscxx/tests/Conversions.reader_entity_invalid</Test>
			<Test>./src/ddscxx/tests/Conversions.reader_entity_implicit</Test>
			<Test>./src/ddscxx/tests/FindDataWriter.BinIterator_find_with_empty</Test>
			<Test>./src/ddscxx/tests/FindDataWriter.BinIterator_find_with_other_type</Test>
			<Test>./src/ddscxx/tests/FindDataWriter.BinIterator_find_nonexisting</Test>
			<Test>./src/ddscxx/tests/FindDataWriter.BinIterator_find</Test>
			<Test>./src/ddscxx/tests/FindDataWriter.BinIterator_find_any</Test>
			<Test>./src/ddscxx/tests/FindDataWriter.FwdIterator_find_with_empty</Test>
			<Test>./src/ddscxx/tests/FindDataWriter.FwdIterator_find_with_other_type</Test>
			<Test>./src/ddscxx/tests/FindDataWriter.FwdIterator_find_nonexisting</Test>
			<Test>./src/ddscxx/tests/FindDataWriter.FwdIterator_find</Test>
			<Test>./src/ddscxx/tests/FindDataWriter.FwdIterator_find_any</Test>
			<Test>./src/ddscxx/tests/FindDataWriter.ignore</Test>
			<Test>./src/ddscxx/tests/FindDataReader.BinIterator_tname_find_with_empty</Test>
			<Test>./src/ddscxx/tests/FindDataReader.BinIterator_tname_find_with_other_type</Test>
			<Test>./src/ddscxx/tests/FindDataReader.BinIterator_tname_find_nonexisting</Test>
			<Test>./src/ddscxx/tests/FindDataReader.BinIterator_tname_find</Test>
			<Test>./src/ddscxx/tests/FindDataReader.BinIterator_tname_find_any</Test>
			<Test>./src/ddscxx/tests/FindDataReader.BinIterator_tdesc_find_with_empty</Test>
			<Test>./src/ddscxx/tests/FindDataReader.BinIterator_tdesc_find_with_other_type</Test>
			<Test>./src/ddscxx/tests/FindDataReader.BinIterator_tdesc_find</Test>
			<Test>./src/ddscxx/tests/FindDataReader.BinIterator_tdesc_find_any</Test>
			<Test>./src/ddscxx/tests/FindDataReader.FwdIterator_tname_find_with_empty</Test>
			<Test>./src/ddscxx/tests/FindDataReader.FwdIterator_tname_find_with_other_type</Test>
			<Test>./src/ddscxx/tests/FindDataReader.FwdIterator_tname_find_nonexisting</Test>
			<Test>./src/ddscxx/tests/FindDataReader.FwdIterator_tname_find</Test>
			<Test>./src/ddscxx/tests/FindDataReader.FwdIterator_tname_find_any</Test>
			<Test>./src/ddscxx/tests/FindDataReader.FwdIterator_tdesc_find_with_empty</Test>
			<Test>./src/ddscxx/tests/FindDataReader.FwdIterator_tdesc_find_with_other_type</Test>
			<Test>./src/ddscxx/tests/FindDataReader.FwdIterator_tdesc_find</Test>
			<Test>./src/ddscxx/tests/FindDataReader.FwdIterator_tdesc_find_any</Test>
			<Test>./src/ddscxx/tests/FindDataReader.ignore</Test>
			<Test>./src/ddscxx/tests/FindTopic.find_with_null</Test>
			<Test>./src/ddscxx/tests/FindTopic.find_with_empty</Test>
			<Test>./src/ddscxx/tests/FindTopic.find_with_other_type</Test>
			<Test>./src/ddscxx/tests/FindTopic.find_nonexisting</Test>
			<Test>./src/ddscxx/tests/FindTopic.find_first</Test>
			<Test>./src/ddscxx/tests/FindTopic.find_last</Test>
			<Test>./src/ddscxx/tests/FindTopic.find_any</Test>
			<Test>./src/ddscxx/tests/FindTopic.find_description</Test>
			<Test>./src/ddscxx/tests/FindTopic.discover_with_null</Test>
			<Test>./src/ddscxx/tests/FindTopic.discover_with_empty</Test>
			<Test>./src/ddscxx/tests/FindTopic.discover_with_other_type</Test>
			<Test>./src/ddscxx/tests/FindTopic.discover_nonexisting</Test>
			<Test>./src/ddscxx/tests/FindTopic.discover_first</Test>
			<Test>./src/ddscxx/tests/FindTopic.discover_last</Test>
			<Test>./src/ddscxx/tests/FindTopic.discover_any</Test>
			<Test>./src/ddscxx/tests/FindTopic.discover_description</Test>
			<Test>./src/ddscxx/tests/FindTopic.discover_list_with_null</Test>
			<Test>./src/ddscxx/tests/FindTopic.discover_list</Test>
			<Test>./src/ddscxx/tests/FindTopic.discover_on_2nd</Test>
			<Test>./src/ddscxx/tests/FindTopic.discover_any_on_2nd</Test>
			<Test>./src/ddscxx/tests/FindTopic.discover_description_on_2nd</Test>
			<Test>./src/ddscxx/tests/Topic.null</Test>
			<Test>./src/ddscxx/tests/Topic.create_null</Test>
			<Test>./src/ddscxx/tests/Topic.create</Test>
			<Test>./src/ddscxx/tests/Topic.create_same</Test>
			<Test>./src/ddscxx/tests/Topic.create_conflict</Test>
			<Test>./src/ddscxx/tests/Topic.name</Test>
			<Test>./src/ddscxx/tests/Topic.type_name_default</Test>
			<Test>./src/ddscxx/tests/Topic.type_name_nondefault</Test>
			<Test>./src/ddscxx/tests/Topic.domain_participant</Test>
			<Test>./src/ddscxx/tests/Topic.qos_default</Test>
			<Test>./src/ddscxx/tests/Topic.qos_nondefault_constructor</Test>
			<Test>./src/ddscxx/tests/Topic.qos_immutable_constructor</Test>
			<Test>./src/ddscxx/tests/Topic.qos_nondefault_set</Test>
			<Test>./src/ddscxx/tests/Topic.qos_immutable_set</Test>
			<Test>./src/ddscxx/tests/Topic.qos_nondefault_shift</Test>
			<Test>./src/ddscxx/tests/Topic.qos_immutable_shift</Test>
			<Test>./src/ddscxx/tests/Topic.inconsistent_topic_status</Test>
			<Test>./src/ddscxx/tests/Topic.close_busy</Test>
			<Test>./src/ddscxx/tests/Topic.traits</Test>
			<Test>./src/ddscxx/tests/Topic.use_after_close</Test>
			<Test>./src/ddscxx/tests/Topic.use_after_deletion</Test>
			<Test>./src/ddscxx/tests/Publisher.null</Test>
			<Test>./src/ddscxx/tests/Publisher.create_multiple</Test>
			<Test>./src/ddscxx/tests/Publisher.non_default_constructor</Test>
			<Test>./src/ddscxx/tests/Publisher.wait_for_acknowledgments</Test>
			<Test>./src/ddscxx/tests/Publisher.participant</Test>
			<Test>./src/ddscxx/tests/Publisher.default__qos</Test>
			<Test>./src/ddscxx/tests/Publisher.use_after_close</Test>
			<Test>./src/ddscxx/tests/Publisher.use_after_deletion</Test>
			<Test>./src/ddscxx/tests/Subscriber.null</Test>
			<Test>./src/ddscxx/tests/Subscriber.create_multiple</Test>
			<Test>./src/ddscxx/tests/Subscriber.non_default_constructor</Test>
			<Test>./src/ddscxx/tests/Subscriber.participant</Test>
			<Test>./src/ddscxx/tests/Subscriber.default_qos</Test>
			<Test>./src/ddscxx/tests/Subscriber.use_after_close</Test>
			<Test>./src/ddscxx/tests/Subscriber.use_after_deletion</Test>
			<Test>./src/ddscxx/tests/Subscriber.builtin</Test>
			<Test>./src/ddscxx/tests/DataWriter.null</Test>
			<Test>./src/ddscxx/tests/DataWriter.create_publisher_null</Test>
			<Test>./src/ddscxx/tests/DataWriter.create_topic_null</Test>
			<Test>./src/ddscxx/tests/DataWriter.create</Test>
			<Test>./src/ddscxx/tests/DataWriter.publisher</Test>
			<Test>./src/ddscxx/tests/DataWriter.topic_description</Test>
			<Test>./src/ddscxx/tests/DataWriter.qos_default</Test>
			<Test>./src/ddscxx/tests/DataWriter.qos_nondefault_constructor</Test>
			<Test>./src/ddscxx/tests/DataWriter.qos_immutable_constructor</Test>
			<Test>./src/ddscxx/tests/DataWriter.qos_nondefault_set</Test>
			<Test>./src/ddscxx/tests/DataWriter.qos_immutable_set</Test>
			<Test>./src/ddscxx/tests/DataWriter.qos_nondefault_shift</Test>
			<Test>./src/ddscxx/tests/DataWriter.qos_immutable_shift</Test>
			<Test>./src/ddscxx/tests/DataWriter.write_data</Test>
			<Test>./src/ddscxx/tests/DataWriter.write_InstanceHandle</Test>
			<Test>./src/ddscxx/tests/DataWriter.write_TopicInstance</Test>
			<Test>./src/ddscxx/tests/DataWriter.write_iter</Test>
			<Test>./src/ddscxx/tests/DataWriter.write_data_with_timestamp</Test>
			<Test>./src/ddscxx/tests/DataWriter.write_InstanceHandle_with_timestamp</Test>
			<Test>./src/ddscxx/tests/DataWriter.write_TopicInstance_with_timestamp</Test>
			<Test>./src/ddscxx/tests/DataWriter.write_iter_with_timestamp</Test>
			<Test>./src/ddscxx/tests/DataWriter.writedispose</Test>
			<Test>./src/ddscxx/tests/DataWriter.dispose_instance</Test>
			<Test>./src/ddscxx/tests/DataWriter.dispose_instance_2nd</Test>
			<Test>./src/ddscxx/tests/DataWriter.dispose_instance_after_read</Test>
			<Test>./src/ddscxx/tests/DataWriter.matched_subscriptions_sequence</Test>
			<Test>./src/ddscxx/tests/DataWriter.matched_subscriptions_array</Test>
			<Test>./src/ddscxx/tests/DataWriter.shift_sample</Test>
			<Test>./src/ddscxx/tests/DataWriter.shift_pair_timestamp</Test>
			<Test>./src/ddscxx/tests/DataWriter.shift_pair_InstanceHandle</Test>
			<Test>./src/ddscxx/tests/DataWriter.lookup_instance</Test>
			<Test>./src/ddscxx/tests/DataWriter.unregister_instance</Test>
			<Test>./src/ddscxx/tests/DataWriter.unregister_instance_InstanceHandle</Test>
			<Test>./src/ddscxx/tests/DataWriter.unregister_instance_with_timestamp</Test>
			<Test>./src/ddscxx/tests/DataWriter.unregister_instance_InstanceHandle_with_timestamp</Test>
			<Test>./src/ddscxx/tests/DataWriter.register_instance_with_timestamp</Test>
			<Test>./src/ddscxx/tests/DataWriter.key_value_ti</Test>
			<Test>./src/ddscxx/tests/DataWriter.key_value_sample</Test>
			<Test>./src/ddscxx/tests/DataWriter.topic</Test>
			<Test>./src/ddscxx/tests/DataWriter.use_after_close</Test>
			<Test>./src/ddscxx/tests/DataWriter.use_after_deletion</Test>
			<Test>./src/ddscxx/tests/DataReader.null</Test>
			<Test>./src/ddscxx/tests/DataReader.create_subscriber_null</Test>
			<Test>./src/ddscxx/tests/DataReader.create_topic_null</Test>
			<Test>./src/ddscxx/tests/DataReader.create_cftopic_null</Test>
			<Test>./src/ddscxx/tests/DataReader.create</Test>
			<Test>./src/ddscxx/tests/DataReader.subscriber</Test>
			<Test>./src/ddscxx/tests/DataReader.topic_description</Test>
			<Test>./src/ddscxx/tests/DataReader.qos_default</Test>
			<Test>./src/ddscxx/tests/DataReader.qos_nondefault_constructor</Test>
			<Test>./src/ddscxx/tests/DataReader.qos_immutable_constructor</Test>
			<Test>./src/ddscxx/tests/DataReader.qos_nondefault_set</Test>
			<Test>./src/ddscxx/tests/DataReader.qos_immutable_set</Test>
			<Test>./src/ddscxx/tests/DataReader.qos_nondefault_shift</Test>
			<Test>./src/ddscxx/tests/DataReader.qos_immutable_shift</Test>
			<Test>./src/ddscxx/tests/DataReader.read</Test>
			<Test>./src/ddscxx/tests/DataReader.read_no_data</Test>
			<Test>./src/ddscxx/tests/DataReader.read_shift_LoanedSamples</Test>
			<Test>./src/ddscxx/tests/DataReader.read_SamplesFWIterator</Test>
			<Test>./src/ddscxx/tests/DataReader.read_SamplesBIIterator</Test>
			<Test>./src/ddscxx/tests/DataReader.read_default_filter_read</Test>
			<Test>./src/ddscxx/tests/DataReader.read_default_filter_not_read</Test>
			<Test>./src/ddscxx/tests/DataReader.read_default_filter_new_view</Test>
			<Test>./src/ddscxx/tests/DataReader.read_default_filter_not_new_view</Test>
			<Test>./src/ddscxx/tests/DataReader.read_default_filter_alive</Test>
			<Test>./src/ddscxx/tests/DataReader.read_default_filter_not_alive_disposed</Test>
			<Test>./src/ddscxx/tests/DataReader.read_default_filter_not_alive_no_writers</Test>
			<Test>./src/ddscxx/tests/DataReader.take</Test>
			<Test>./src/ddscxx/tests/DataReader.take_no_data</Test>
			<Test>./src/ddscxx/tests/DataReader.take_SamplesFWIterator</Test>
			<Test>./src/ddscxx/tests/DataReader.take_SamplesBIIterator</Test>
			<Test>./src/ddscxx/tests/DataReader.take_default_filter_read</Test>
			<Test>./src/ddscxx/tests/DataReader.take_default_filter_not_read</Test>
			<Test>./src/ddscxx/tests/DataReader.take_default_filter_new_view</Test>
			<Test>./src/ddscxx/tests/DataReader.take_default_filter_not_new_view</Test>
			<Test>./src/ddscxx/tests/DataReader.take_default_filter_alive</Test>
			<Test>./src/ddscxx/tests/DataReader.take_default_filter_not_alive_disposed</Test>
			<Test>./src/ddscxx/tests/DataReader.take_default_filter_not_alive_no_writers</Test>
			<Test>./src/ddscxx/tests/DataReader.readtake1</Test>
			<Test>./src/ddscxx/tests/DataReader.readtake2</Test>
			<Test>./src/ddscxx/tests/DataReader.lookup_instance</Test>
			<Test>./src/ddscxx/tests/DataReader.key_value_by_sample</Test>
			<Test>./src/ddscxx/tests/DataReader.key_value_by_topic</Test>
			<Test>./src/ddscxx/tests/DataReader.use_after_close</Test>
			<Test>./src/ddscxx/tests/DataReader.use_after_deletion</Test>
			<Test>./src/ddscxx/tests/DataReaderSelector.reader_null</Test>
			<Test>./src/ddscxx/tests/DataReaderSelector.implicit</Test>
			<Test>./src/ddscxx/tests/DataReaderSelector.implicit_instance</Test>
			<Test>./src/ddscxx/tests/DataReaderSelector.implicit_next_instance</Test>
			<Test>./src/ddscxx/tests/DataReaderSelector.implicit_state</Test>
			<Test>./src/ddscxx/tests/DataReaderSelector.implicit_content</Test>
			<Test>./src/ddscxx/tests/DataReaderSelector.implicit_max_samples</Test>
			<Test>./src/ddscxx/tests/DataReaderSelector.implicit_multiple</Test>
			<Test>./src/ddscxx/tests/DataReaderSelector.read_LoanedSamples</Test>
			<Test>./src/ddscxx/tests/DataReaderSelector.read_LoanedSamples_instance</Test>
			<Test>./src/ddscxx/tests/DataReaderSelector.read_LoanedSamples_next_instance</Test>
			<Test>./src/ddscxx/tests/DataReaderSelector.read_LoanedSamples_state</Test>
			<Test>./src/ddscxx/tests/DataReaderSelector.read_LoanedSamples_content</Test>
			<Test>./src/ddscxx/tests/DataReaderSelector.read_LoanedSamples_max_samples</Test>
			<Test>./src/ddscxx/tests/DataReaderSelector.read_LoanedSamples_multiple</Test>
			<Test>./src/ddscxx/tests/DataReaderSelector.read_FWIterator</Test>
			<Test>./src/ddscxx/tests/DataReaderSelector.read_FWIterator_instance</Test>
			<Test>./src/ddscxx/tests/DataReaderSelector.read_FWIterator_next_instance</Test>
			<Test>./src/ddscxx/tests/DataReaderSelector.read_FWIterator_state</Test>
			<Test>./src/ddscxx/tests/DataReaderSelector.read_FWIterator_content</Test>
			<Test>./src/ddscxx/tests/DataReaderSelector.read_FWIterator_max_samples</Test>
			<Test>./src/ddscxx/tests/DataReaderSelector.read_FWIterator_multiple</Test>
			<Test>./src/ddscxx/tests/DataReaderSelector.read_BIIterator</Test>
			<Test>./src/ddscxx/tests/DataReaderSelector.read_BIIterator_instance</Test>
			<Test>./src/ddscxx/tests/DataReaderSelector.read_BIIterator_next_instance</Test>
			<Test>./src/ddscxx/tests/DataReaderSelector.read_BIIterator_state</Test>
			<Test>./src/ddscxx/tests/DataReaderSelector.read_BIIterator_content</Test>
			<Test>./src/ddscxx/tests/DataReaderSelector.read_BIIterator_max_samples</Test>
			<Test>./src/ddscxx/tests/DataReaderSelector.read_BIIterator_multiple</Test>
			<Test>./src/ddscxx/tests/DataReaderSelector.take_LoanedSamples</Test>
			<Test>./src/ddscxx/tests/DataReaderSelector.take_LoanedSamples_instance</Test>
			<Test>./src/ddscxx/tests/DataReaderSelector.take_LoanedSamples_next_instance</Test>
			<Test>./src/ddscxx/tests/DataReaderSelector.take_LoanedSamples_state</Test>
			<Test>./src/ddscxx/tests/DataReaderSelector.take_LoanedSamples_content</Test>
			<Test>./src/ddscxx/tests/DataReaderSelector.take_LoanedSamples_max_samples</Test>
			<Test>./src/ddscxx/tests/DataReaderSelector.take_LoanedSamples_multiple</Test>
			<Test>./src/ddscxx/tests/DataReaderSelector.take_FWIterator</Test>
			<Test>./src/ddscxx/tests/DataReaderSelector.take_FWIterator_instance</Test>
			<Test>./src/ddscxx/tests/DataReaderSelector.take_FWIterator_next_instance</Test>
			<Test>./src/ddscxx/tests/DataReaderSelector.take_FWIterator_state</Test>
			<Test>./src/ddscxx/tests/DataReaderSelector.take_FWIterator_content</Test>
			<Test>./src/ddscxx/tests/DataReaderSelector.take_FWIterator_max_samples</Test>
			<Test>./src/ddscxx/tests/DataReaderSelector.take_FWIterator_multiple</Test>
			<Test>./src/ddscxx/tests/DataReaderSelector.take_BIIterator</Test>
			<Test>./src/ddscxx/tests/DataReaderSelector.take_BIIterator_instance</Test>
			<Test>./src/ddscxx/tests/DataReaderSelector.take_BIIterator_next_instance</Test>
			<Test>./src/ddscxx/tests/DataReaderSelector.take_BIIterator_state</Test>
			<Test>./src/ddscxx/tests/DataReaderSelector.take_BIIterator_content</Test>
			<Test>./src/ddscxx/tests/DataReaderSelector.take_BIIterator_max_samples</Test>
			<Test>./src/ddscxx/tests/DataReaderSelector.take_BIIterator_multiple</Test>
			<Test>./src/ddscxx/tests/DataReaderManipulatorSelector.reader_null</Test>
			<Test>./src/ddscxx/tests/DataReaderManipulatorSelector.implicit_read</Test>
			<Test>./src/ddscxx/tests/DataReaderManipulatorSelector.implicit_take</Test>
			<Test>./src/ddscxx/tests/DataReaderManipulatorSelector.implicit_instance</Test>
			<Test>./src/ddscxx/tests/DataReaderManipulatorSelector.implicit_next_instance</Test>
			<Test>./src/ddscxx/tests/DataReaderManipulatorSelector.implicit_state</Test>
			<Test>./src/ddscxx/tests/DataReaderManipulatorSelector.implicit_content</Test>
			<Test>./src/ddscxx/tests/DataReaderManipulatorSelector.implicit_max_samples</Test>
			<Test>./src/ddscxx/tests/DataReaderManipulatorSelector.implicit_multiple</Test>
			<Test>./src/ddscxx/tests/DataReaderManipulatorSelector.explicit_read</Test>
			<Test>./src/ddscxx/tests/DataReaderManipulatorSelector.explicit_take</Test>
			<Test>./src/ddscxx/tests/DataReaderManipulatorSelector.explicit_instance</Test>
			<Test>./src/ddscxx/tests/DataReaderManipulatorSelector.explicit_next_instance</Test>
			<Test>./src/ddscxx/tests/DataReaderManipulatorSelector.explicit_state</Test>
			<Test>./src/ddscxx/tests/DataReaderManipulatorSelector.explicit_content</Test>
			<Test>./src/ddscxx/tests/DataReaderManipulatorSelector.explicit_max_samples</Test>
			<Test>./src/ddscxx/tests/DataReaderManipulatorSelector.explicit_multiple</Test>
			<Test>./src/ddscxx/tests/Duration.plus</Test>
			<Test>./src/ddscxx/tests/Duration.plus_is</Test>
			<Test>./src/ddscxx/tests/Duration.minus</Test>
			<Test>./src/ddscxx/tests/Duration.minus_is</Test>
			<Test>./src/ddscxx/tests/Duration.times</Test>
			<Test>./src/ddscxx/tests/Duration.times_is</Test>
			<Test>./src/ddscxx/tests/Duration.divide</Test>
			<Test>./src/ddscxx/tests/Duration.nanosec</Test>
			<Test>./src/ddscxx/tests/Duration.microsec</Test>
			<Test>./src/ddscxx/tests/Duration.millisec</Test>
			<Test>./src/ddscxx/tests/Duration.sec</Test>
			<Test>./src/ddscxx/tests/Duration.greater</Test>
			<Test>./src/ddscxx/tests/Duration.greater_then</Test>
			<Test>./src/ddscxx/tests/Duration.equals</Test>
			<Test>./src/ddscxx/tests/Duration.not_equals</Test>
			<Test>./src/ddscxx/tests/Duration.less_then</Test>
			<Test>./src/ddscxx/tests/Duration.less</Test>
			<Test>./src/ddscxx/tests/Duration.compare</Test>
			<Test>./src/ddscxx/tests/Time.plus</Test>
			<Test>./src/ddscxx/tests/Time.plus_is</Test>
			<Test>./src/ddscxx/tests/Time.minus</Test>
			<Test>./src/ddscxx/tests/Time.minus_is</Test>
			<Test>./src/ddscxx/tests/Time.nanosec</Test>
			<Test>./src/ddscxx/tests/Time.microsec</Test>
			<Test>./src/ddscxx/tests/Time.millisec</Test>
			<Test>./src/ddscxx/tests/Time.sec</Test>
			<Test>./src/ddscxx/tests/Time.greater</Test>
			<Test>./src/ddscxx/tests/Time.greater_then</Test>
			<Test>./src/ddscxx/tests/Time.equals</Test>
			<Test>./src/ddscxx/tests/Time.not_equals</Test>
			<Test>./src/ddscxx/tests/Time.less_then</Test>
			<Test>./src/ddscxx/tests/Time.less</Test>
			<Test>./src/ddscxx/tests/Time.compare</Test>
			<Test>./src/ddscxx/tests/Query.null</Test>
			<Test>./src/ddscxx/tests/Query.create_reader_null</Test>
			<Test>./src/ddscxx/tests/Query.create_params_none</Test>
			<Test>./src/ddscxx/tests/Query.create_params_vector</Test>
			<Test>./src/ddscxx/tests/Query.create_params_iter</Test>
			<Test>./src/ddscxx/tests/Query.expression</Test>
			<Test>./src/ddscxx/tests/Query.add_parameter</Test>
			<Test>./src/ddscxx/tests/Query.parameters</Test>
			<Test>./src/ddscxx/tests/WaitSet.null</Test>
			<Test>./src/ddscxx/tests/WaitSet.create</Test>
			<Test>./src/ddscxx/tests/WaitSet.attach_conditions</Test>
			<Test>./src/ddscxx/tests/WaitSet.wait_timeout</Test>
			<Test>./src/ddscxx/tests/WaitSet.wait_reader_status</Test>
			<Test>./src/ddscxx/tests/WaitSet.wait_reader_timeout</Test>
			<Test>./src/ddscxx/tests/WaitSet.guard_trigger_during_wait</Test>
			<Test>./src/ddscxx/tests/WaitSet.guard_trigger_before_wait</Test>
			<Test>./src/ddscxx/tests/WaitSet.multiple_conditions</Test>
			<Test>./src/ddscxx/tests/WaitSet.multiple_conditions_handlers</Test>
			<Test>./src/ddscxx/tests/WaitSet.dispatch_timeout</Test>
			<Test>./src/ddscxx/tests/WaitSet.multiple_conditions_same</Test>
			<Test>./src/ddscxx/tests/WaitSet.detach_condition_nonexisting</Test>
			<Test>./src/ddscxx/tests/WaitSet.attach_detach_during_wait</Test>
			<Test>./src/ddscxx/tests/WaitSet.attach_detach_guard_during_wait</Test>
			<Test>./src/ddscxx/tests/WaitSet.destructor</Test>
			<Test>./src/ddscxx/tests/WaitSet.attach_detach_multiple_during_wait</Test>
			<Test>./src/ddscxx/tests/Qos.DomainParticipant</Test>
			<Test>./src/ddscxx/tests/Qos.Topic</Test>
			<Test>./src/ddscxx/tests/Qos.Publisher</Test>
			<Test>./src/ddscxx/tests/Qos.Subscriber</Test>
			<Test>./src/ddscxx/tests/Qos.DataWriter</Test>
			<Test>./src/ddscxx/tests/Qos.DataReader</Test>
			<Test>./src/ddscxx/tests/Qos.invalid_values</Test>
			<Test>./src/ddscxx/tests/Qos.invalid_policies</Test>
			<Test>./src/ddscxx/tests/Qos.policy_name</Test>
			<Test>./src/ddscxx/tests/Condition.create</Test>
			<Test>./src/ddscxx/tests/Condition.handler</Test>
			<Test>./src/ddscxx/tests/Condition.status_condition</Test>
			<Test>./src/ddscxx/tests/Condition.status_condition_entity</Test>
			<Test>./src/ddscxx/tests/Condition.guard_condition</Test>
			<Test>./src/ddscxx/tests/Condition.read_condition</Test>
			<Test>./src/ddscxx/tests/Condition.read_condition_functor</Test>
			<Test>./src/ddscxx/tests/Condition.query_condition</Test>
			<Test>./src/ddscxx/tests/Condition.conversion_null</Test>
			<Test>./src/ddscxx/tests/Condition.conversion</Test>
			<Test>./src/ddscxx/tests/Condition.conversion_invalid</Test>
		</TestList>
		<Test Status="passed">
			<Name>EntityStatus.publication_matched</Name>
			<Path>./src/ddscxx/tests</Path>
			<FullName>./src/ddscxx/tests/EntityStatus.publication_matched</FullName>
			<FullCommandLine>Z:\Projects\cyclonedds-cxx\build.windows\bin\ddscxx_tests.exe "--gtest_filter=EntityStatus.publication_matched"</FullCommandLine>
			<Results>
				<NamedMeasurement type="numeric/double" name="Execution Time">
					<Value>0.12877</Value>
				</NamedMeasurement>
				<NamedMeasurement type="numeric/double" name="Processors">
					<Value>1</Value>
				</NamedMeasurement>
				<NamedMeasurement type="text/string" name="Completion Status">
					<Value>Completed</Value>
				</NamedMeasurement>
				<NamedMeasurement type="text/string" name="Command Line">
					<Value>Z:\Projects\cyclonedds-cxx\build.windows\bin\ddscxx_tests.exe "--gtest_filter=EntityStatus.publication_matched"</Value>
				</NamedMeasurement>
				<NamedMeasurement type="text/string" name="Environment">
					<Value>PATH=C:\Users\k0ekk0ek\.conan\data\gtest\1.8.1\_\_\package\3f0ace30056da8c8008a05842de931e7808916f6\bin;C:\Users\k0ekk0ek\.conan\data\gtest\1.8.1\_\_\package\3f0ace30056da8c8008a05842de931e7808916f6\bin;Z:\Projects\cyclonedds\build.windows\install\bin
#CTEST_RESOURCE_GROUP_COUNT=</Value>
				</NamedMeasurement>
				<Measurement>
					<Value encoding="base64" compression="gzip">eJyNkFFrwjAUhd/7K+6jPjSks3ZVEDY2ETZwo25PRkqapl0gTSS5nezfr1YRJwx68hK4X07OuVlrjDI1NFyZ0RgqZxt4mrMXdmBCqPw9C+MkiR9iRoQ13LCSI2c1So8sIimJWN6dolW6ZJOKciEnlE6TkqcipTTldJrGd6WcTSJ5n9J0FiVVwrxtnZC5b4vK6lI6Vltba9mbeidO9vkxEREiWFuUc1j1CHx0E6iURulgAUuDCn82yLH1ZN8WWgmOypruLYovWQbbxUU7yM5VI8De5Vj1fBfcSxJsw4t2sNK24Po0luZbOWsaaRC8xLDd38DXltehgi1kn2votRsQ90TC2+sAGkbxDBo/HpYERlPa0YAWuR4Hw7qi5C4s7cH8XeQ/CwTHDbn5p2v0/rjZLJ+P/U8sCX4B8XHLjg==</Value>
				</Measurement>
			</Results>
		</Test>
		<Test Status="passed">
			<Name>EntityStatus.subscription_matched</Name>
			<Path>./src/ddscxx/tests</Path>
			<FullName>./src/ddscxx/tests/EntityStatus.subscription_matched</FullName>
			<FullCommandLine>Z:\Projects\cyclonedds-cxx\build.windows\bin\ddscxx_tests.exe "--gtest_filter=EntityStatus.subscription_matched"</FullCommandLine>
			<Results>
				<NamedMeasurement type="numeric/double" name="Execution Time">
					<Value>0.133789</Value>
				</NamedMeasurement>
				<NamedMeasurement type="numeric/double" name="Processors">
					<Value>1</Value>
				</NamedMeasurement>
				<NamedMeasurement type="text/string" name="Completion Status">
					<Value>Completed</Value>
				</NamedMeasurement>
				<NamedMeasurement type="text/string" name="Command Line">
					<Value>Z:\Projects\cyclonedds-cxx\build.windows\bin\ddscxx_tests.exe "--gtest_filter=EntityStatus.subscription_matched"</Value>
				</NamedMeasurement>
				<NamedMeasurement type="text/string" name="Environment">
					<Value>PATH=C:\Users\k0ekk0ek\.conan\data\gtest\1.8.1\_\_\package\3f0ace30056da8c8008a05842de931e7808916f6\bin;C:\Users\k0ekk0ek\.conan\data\gtest\1.8.1\_\_\package\3f0ace30056da8c8008a05842de931e7808916f6\bin;Z:\Projects\cyclonedds\build.windows\install\bin
#CTEST_RESOURCE_GROUP_COUNT=</Value>
				</NamedMeasurement>
				<Measurement>
					<Value encoding="base64" compression="gzip">eJyNkFFrwjAUhd/7K+6jPjS0WrsqCBubCBs4qduTkRLT2y7QJpLcTvbvV6uIEwa9eQncLyfnnLTRWukSaqH0YAiFNTU8z/grP3IpVbZO/SiOo8eIM2m00DwXJHhJ6IiHLGEhz9qzb1SV83ERCInjIJjEuUhkEgSJCCZJNMpxOg7xIQmSaRgXMXemsRIz1+wLU+VoeWlMWWEn6qw8y2cnR0xKb2UIZ7DsEPhoN1CoitDCHBaaFP1sSFDjWCvnpFUHUka3j0l+Ye5t59fZQXrJGgJ1Mqesl7sUDpm39a+zg2Vl9qI6r1F/K2t0jZrAIfnN4Q6+lbx15W0h/VxBN7s+fs8ovL/1wWEwGUHthv28XGggQ6Iaev3SEgrr5+ao/1b5T4VghWZ3/7SR1k+bzeLl1MCZZd4vHaTNLQ==</Value>
				</Measurement>
			</Results>
		</Test>
		<Test Status="passed">
			<Name>EntityStatus.incompatible_qos</Name>
			<Path>./src/ddscxx/tests</Path>
			<FullName>./src/ddscxx/tests/EntityStatus.incompatible_qos</FullName>
			<FullCommandLine>Z:\Projects\cyclonedds-cxx\build.windows\bin\ddscxx_tests.exe "--gtest_filter=EntityStatus.incompatible_qos"</FullCommandLine>
			<Results>
				<NamedMeasurement type="numeric/double" name="Execution Time">
					<Value>0.116321</Value>
				</NamedMeasurement>
				<NamedMeasurement type="numeric/double" name="Processors">
					<Value>1</Value>
				</NamedMeasurement>
				<NamedMeasurement type="text/string" name="Completion Status">
					<Value>Completed</Value>
				</NamedMeasurement>
				<NamedMeasurement type="text/string" name="Command Line">
					<Value>Z:\Projects\cyclonedds-cxx\build.windows\bin\ddscxx_tests.exe "--gtest_filter=EntityStatus.incompatible_qos"</Value>
				</NamedMeasurement>
				<NamedMeasurement type="text/string" name="Environment">
					<Value>PATH=C:\Users\k0ekk0ek\.conan\data\gtest\1.8.1\_\_\package\3f0ace30056da8c8008a05842de931e7808916f6\bin;C:\Users\k0ekk0ek\.conan\data\gtest\1.8.1\_\_\package\3f0ace30056da8c8008a05842de931e7808916f6\bin;Z:\Projects\cyclonedds\build.windows\install\bin
#CTEST_RESOURCE_GROUP_COUNT=</Value>
				</NamedMeasurement>
				<Measurement>
					<Value encoding="base64" compression="gzip">eJyNkFFrwjAUhd/7K+6jPjSks3ZVEDY2ETZwUrcnIyVN0xJIE5fcTvbvp62IGww99yVwP07OuVlrjDI1NFyZwRAqZxt4mrIXtmdCqHyVhXGSxA8xI8IabljJkbMapUcWkZRELD9M0SpdslFFuZAjSsdJyVORUppyOk7ju1JORpG8T2k6iZIqYd62Tsjct0VldSkdq62ttexMvRO9fX5MRIQIlhblFBYdAu+HDVRKo3Qwg7lBhd9r5Nh6ooywzY6jKrTMP60PNrOztpCdekaAncWx5+ktuJck2IRnbWGhbcF1v5bmSzlrGmkQvMSw3f2BLy0vEwUbyD6W0Gl7LWuPwdvrNRQG8QQaP7wtw4kGtMj1MLitJUruwtLuze8T/nM6cNyQP/8c6qwe1+v587F5z5LgBx2yyCw=</Value>
				</Measurement>
			</Results>
		</Test>
		<Test Status="passed">
			<Name>EntityStatus.sample_lost</Name>
			<Path>./src/ddscxx/tests</Path>
			<FullName>./src/ddscxx/tests/EntityStatus.sample_lost</FullName>
			<FullCommandLine>Z:\Projects\cyclonedds-cxx\build.windows\bin\ddscxx_tests.exe "--gtest_filter=EntityStatus.sample_lost"</FullCommandLine>
			<Results>
				<NamedMeasurement type="numeric/double" name="Execution Time">
					<Value>0.097477</Value>
				</NamedMeasurement>
				<NamedMeasurement type="numeric/double" name="Processors">
					<Value>1</Value>
				</NamedMeasurement>
				<NamedMeasurement type="text/string" name="Completion Status">
					<Value>Completed</Value>
				</NamedMeasurement>
				<NamedMeasurement type="text/string" name="Command Line">
					<Value>Z:\Projects\cyclonedds-cxx\build.windows\bin\ddscxx_tests.exe "--gtest_filter=EntityStatus.sample_lost"</Value>
				</NamedMeasurement>
				<NamedMeasurement type="text/string" name="Environment">
					<Value>PATH=C:\Users\k0ekk0ek\.conan\data\gtest\1.8.1\_\_\package\3f0ace30056da8c8008a05842de931e7808916f6\bin;C:\Users\k0ekk0ek\.conan\data\gtest\1.8.1\_\_\package\3f0ace30056da8c8008a05842de931e7808916f6\bin;Z:\Projects\cyclonedds\build.windows\install\bin
#CTEST_RESOURCE_GROUP_COUNT=</Value>
				</NamedMeasurement>
				<Measurement>
					<Value encoding="base64" compression="gzip">eJyNkEFrwkAQhe/5FXPUQ5ZEYxoFoaUVoQUr0Z5cCetmEgKbXdmdVPrvq4mIFSq+uSzMtzPvTdpoXekSalHpXh8Ka2p4nfB3fuBSVtky9aM4jp4jzqTRQvNckOAloSMesoSFPDvWrqlUzodFICQOg2AU5yKRSRAkIhgl0SDH8TDEpyRIxmFcxNyZxkrMXLMrjMrR8tKYUmE71FnZjc9OjpiU3sIQTmDeIrA+dqCoFKGFKcw0VfSzIkGNY07Ue4WZMo68zfSiLaTniCFQ+/sU8fyWwiHzNv5FW5grsxOqa6P+rqzRNWoCh+Q3+xv4euS1GW8D6dcCWm3v2OwI+Py4Q0FvMIba9R/bfKaBDAnV9x7LRiisn5uD/nu4fw4GVmh2s+eYZPmyWs3eTnk7lnm/9kzCFA==</Value>
				</Measurement>
			</Results>
		</Test>
		<Test Status="passed">
			<Name>EntityStatus.sample_rejected</Name>
			<Path>./src/ddscxx/tests</Path>
			<FullName>./src/ddscxx/tests/EntityStatus.sample_rejected</FullName>
			<FullCommandLine>Z:\Projects\cyclonedds-cxx\build.windows\bin\ddscxx_tests.exe "--gtest_filter=EntityStatus.sample_rejected"</FullCommandLine>
			<Results>
				<NamedMeasurement type="numeric/double" name="Execution Time">
					<Value>0.12342</Value>
				</NamedMeasurement>
				<NamedMeasurement type="numeric/double" name="Processors">
					<Value>1</Value>
				</NamedMeasurement>
				<NamedMeasurement type="text/string" name="Completion Status">
					<Value>Completed</Value>
				</NamedMeasurement>
				<NamedMeasurement type="text/string" name="Command Line">
					<Value>Z:\Projects\cyclonedds-cxx\build.windows\bin\ddscxx_tests.exe "--gtest_filter=EntityStatus.sample_rejected"</Value>
				</NamedMeasurement>
				<NamedMeasurement type="text/string" name="Environment">
					<Value>PATH=C:\Users\k0ekk0ek\.conan\data\gtest\1.8.1\_\_\package\3f0ace30056da8c8008a05842de931e7808916f6\bin;C:\Users\k0ekk0ek\.conan\data\gtest\1.8.1\_\_\package\3f0ace30056da8c8008a05842de931e7808916f6\bin;Z:\Projects\cyclonedds\build.windows\install\bin
#CTEST_RESOURCE_GROUP_COUNT=</Value>
				</NamedMeasurement>
				<Measurement>
					<Value encoding="base64" compression="gzip">eJyNkEFrwkAQhe/5FXPUQ5akxjQKQksrQgtWoj25EtbNJKRsdmV3Uum/ryYiVij65rIwH2/fm7TRutIl1KLSvT4U1tTwMuZvfM+lrLJF6kdxHD1FnEmjhea5IMFLQkc8ZAkLeXaYbVOpnA+KQEgcBMEwzkUikyBIRDBMooccR4MQH5MgGYVxEXNnGisxc822MCpHy0tjSoWtqbOys8+OiZiU3twQjmHWIrA6bKCoFKGFCUw1VfSzJEGNY07UO4WZxS+UhLm3npy1gfRUMwRqHY41T28pHDJv7Z+1gZkyW6G6NervyhpdoyZwSH6zu4IvLS8DeWtIP+fQanMjakfBx/sNEnrDCGrXvy/BiQYyJFTfu68jobB+bvb67wH/ORxYodnVP4c2i+flcvp67N2xzPsFG23Gmg==</Value>
				</Measurement>
			</Results>
		</Test>
		<Test Status="passed">
			<Name>EntityStatus.liveliness_changed</Name>
			<Path>./src/ddscxx/tests</Path>
			<FullName>./src/ddscxx/tests/EntityStatus.liveliness_changed</FullName>
			<FullCommandLine>Z:\Projects\cyclonedds-cxx\build.windows\bin\ddscxx_tests.exe "--gtest_filter=EntityStatus.liveliness_changed"</FullCommandLine>
			<Results>
				<NamedMeasurement type="numeric/double" name="Execution Time">
					<Value>0.117267</Value>
				</NamedMeasurement>
				<NamedMeasurement type="numeric/double" name="Processors">
					<Value>1</Value>
				</NamedMeasurement>
				<NamedMeasurement type="text/string" name="Completion Status">
					<Value>Completed</Value>
				</NamedMeasurement>
				<NamedMeasurement type="text/string" name="Command Line">
					<Value>Z:\Projects\cyclonedds-cxx\build.windows\bin\ddscxx_tests.exe "--gtest_filter=EntityStatus.liveliness_changed"</Value>
				</NamedMeasurement>
				<NamedMeasurement type="text/string" name="Environment">
					<Value>PATH=C:\Users\k0ekk0ek\.conan\data\gtest\1.8.1\_\_\package\3f0ace30056da8c8008a05842de931e7808916f6\bin;C:\Users\k0ekk0ek\.conan\data\gtest\1.8.1\_\_\package\3f0ace30056da8c8008a05842de931e7808916f6\bin;Z:\Projects\cyclonedds\build.windows\install\bin
#CTEST_RESOURCE_GROUP_COUNT=</Value>
				</NamedMeasurement>
				<Measurement>
					<Value encoding="base64" compression="gzip">eJyNkFFrwjAUhd/7K+7jfGhIZ+2qIGxsImzgpG5PRkpMb7tAmowkVfbvV1sRJww99yVwP07OuVmjtdQV1FzquwGU1tTwPGGvbM+EkPkyC+MkiR9jRoTRXLOCe84qj86ziKQkYnk720aqgg1LygUOKR0lBU9FSmnK6SiN7wscDyN8SGk6jpIyYc40VmDumm1pVIGWVcZUCjtTZ0Vvnx8SESGChfE4gXmHwEe7gVIqjxamMNNe+p+V575xRMkdKqnRuVx8cV1hEaynJ20gOzaNwHcmh6bHt+AOSbAOT9rAXJktV/0a9U5ao2vUHhz6sPm+gM8tzzMFa8g+F9Bpcz1tD8L723UY7uIYaje4LUdLj1oavPFcDYLbmnrkNizMXv894z/nA8s1ufinLbR8Wq1mL4f2PUuCXzzUylk=</Value>
				</Measurement>
			</Results>
		</Test>
		<Test Status="passed">
			<Name>Listener.participant_with_listener</Name>
			<Path>./src/ddscxx/tests</Path>
			<FullName>./src/ddscxx/tests/Listener.participant_with_listener</FullName>
			<FullCommandLine>Z:\Projects\cyclonedds-cxx\build.windows\bin\ddscxx_tests.exe "--gtest_filter=Listener.participant_with_listener"</FullCommandLine>
			<Results>
				<NamedMeasurement type="numeric/double" name="Execution Time">
					<Value>0.0969818</Value>
				</NamedMeasurement>
				<NamedMeasurement type="numeric/double" name="Processors">
					<Value>1</Value>
				</NamedMeasurement>
				<NamedMeasurement type="text/string" name="Completion Status">
					<Value>Completed</Value>
				</NamedMeasurement>
				<NamedMeasurement type="text/string" name="Command Line">
					<Value>Z:\Projects\cyclonedds-cxx\build.windows\bin\ddscxx_tests.exe "--gtest_filter=Listener.participant_with_listener"</Value>
				</NamedMeasurement>
				<NamedMeasurement type="text/string" name="Environment">
					<Value>PATH=C:\Users\k0ekk0ek\.conan\data\gtest\1.8.1\_\_\package\3f0ace30056da8c8008a05842de931e7808916f6\bin;C:\Users\k0ekk0ek\.conan\data\gtest\1.8.1\_\_\package\3f0ace30056da8c8008a05842de931e7808916f6\bin;Z:\Projects\cyclonedds\build.windows\install\bin
#CTEST_RESOURCE_GROUP_COUNT=</Value>
				</NamedMeasurement>
				<Measurement>
					<Value encoding="base64" compression="gzip">eJyNkFFrwjAUhd/7K+6jPjS0tnZVEDa2IWzipG5PRkpMb7tAmkiSzr8/bUvZhDFvXgLn49xzbtYoJVQFNRNqNIbS6Boe5/SFnijnIt9kfpwk8X1MCdeKKVowx2jl0DoakpSEND+/QyNkQaMyYByjIJgmBUt5GgQpC6ZpPClwFoV4lwbpLEzKhFrdGI65bQ6llgUaWmldSWxNreGdfX5JRDj31trhHJYtAu9nBUohHRpYwEpYhwoNOTLjBBdHplx+Eu4zl73i7RbD7CHry4bgWp9L2f7PmUXi7fxh9rCU+sBkJ6P6EkarGpUDi85vjlfwT8vVsByyjzW0s78pbMfC2+tNPIwmEdR2/H+SngSnHZNj77aeDpnxC31Sv4/4x/HAMEWu9pz7bB622+enS/+OJd43mpnK7w==</Value>
				</Measurement>
			</Results>
		</Test>
		<Test Status="passed">
			<Name>Listener.already_closed_participant</Name>
			<Path>./src/ddscxx/tests</Path>
			<FullName>./src/ddscxx/tests/Listener.already_closed_participant</FullName>
			<FullCommandLine>Z:\Projects\cyclonedds-cxx\build.windows\bin\ddscxx_tests.exe "--gtest_filter=Listener.already_closed_participant"</FullCommandLine>
			<Results>
				<NamedMeasurement type="numeric/double" name="Execution Time">
					<Value>0.112044</Value>
				</NamedMeasurement>
				<NamedMeasurement type="numeric/double" name="Processors">
					<Value>1</Value>
				</NamedMeasurement>
				<NamedMeasurement type="text/string" name="Completion Status">
					<Value>Completed</Value>
				</NamedMeasurement>
				<NamedMeasurement type="text/string" name="Command Line">
					<Value>Z:\Projects\cyclonedds-cxx\build.windows\bin\ddscxx_tests.exe "--gtest_filter=Listener.already_closed_participant"</Value>
				</NamedMeasurement>
				<NamedMeasurement type="text/string" name="Environment">
					<Value>PATH=C:\Users\k0ekk0ek\.conan\data\gtest\1.8.1\_\_\package\3f0ace30056da8c8008a05842de931e7808916f6\bin;C:\Users\k0ekk0ek\.conan\data\gtest\1.8.1\_\_\package\3f0ace30056da8c8008a05842de931e7808916f6\bin;Z:\Projects\cyclonedds\build.windows\install\bin
#CTEST_RESOURCE_GROUP_COUNT=</Value>
				</NamedMeasurement>
				<Measurement>
					<Value encoding="base64" compression="gzip">eJyNUNFKw0AQfM9X7GP7kJDYNKaFgqJSUKkl1adeCdu7TTi43JW7i8W/t01qUUHs3MvCzs7NTNFqLXUNDUo9GEJlTQN3U/bI9oxzWS6LMM2y9CZlETcaNRPokdWenGdJlEcJKw9v20ol2KiKkdMojseZwJzncZxjPM7TK0GTUULXeZxPkqzKmDOt5VS6dlsZJciy2phaUSfqLO/ly6OjiPNgYTxNYd5R4PWwgUoqTxZm8CydJ002QmUJxUfJlXEkyh1aL7ncofbBenbGBopT2gR8J3RMe5o5OoqCdXjGBubKbFH1a9Lv0hrdkPbgyIft7hf5u+SXr2ANxdsCOmwuc9uT4eXpsgMYpGNo3PB/LycmeONRDYPLknpCGwqz1z9r/KM+sKijX/8cAi1vV6uH+2MDPTcKPgG5Bcup====</Value>
				</Measurement>
			</Results>
		</Test>
		<Test Status="passed">
			<Name>Listener.participant_without_listener</Name>
			<Path>./src/ddscxx/tests</Path>
			<FullName>./src/ddscxx/tests/Listener.participant_without_listener</FullName>
			<FullCommandLine>Z:\Projects\cyclonedds-cxx\build.windows\bin\ddscxx_tests.exe "--gtest_filter=Listener.participant_without_listener"</FullCommandLine>
			<Results>
				<NamedMeasurement type="numeric/double" name="Execution Time">
					<Value>0.100385</Value>
				</NamedMeasurement>
				<NamedMeasurement type="numeric/double" name="Processors">
					<Value>1</Value>
				</NamedMeasurement>
				<NamedMeasurement type="text/string" name="Completion Status">
					<Value>Completed</Value>
				</NamedMeasurement>
				<NamedMeasurement type="text/string" name="Command Line">
					<Value>Z:\Projects\cyclonedds-cxx\build.windows\bin\ddscxx_tests.exe "--gtest_filter=Listener.participant_without_listener"</Value>
				</NamedMeasurement>
				<NamedMeasurement type="text/string" name="Environment">
					<Value>PATH=C:\Users\k0ekk0ek\.conan\data\gtest\1.8.1\_\_\package\3f0ace30056da8c8008a05842de931e7808916f6\bin;C:\Users\k0ekk0ek\.conan\data\gtest\1.8.1\_\_\package\3f0ace30056da8c8008a05842de931e7808916f6\bin;Z:\Projects\cyclonedds\build.windows\install\bin
#CTEST_RESOURCE_GROUP_COUNT=</Value>
				</NamedMeasurement>
				<Measurement>
					<Value encoding="base64" compression="gzip">eJyNUNFKw0AQfM9X7GP7kJCYNKaFgqJS0FIl1adeCdfLJh5c7srdxv6+bRKKFsTuvhzM3OzM5K3WUtfQcKlHY6isaeBhxp7ZgQkhi7fcT9I0uUtYIIzmmpWcOKsJHbEoyIKIFcfdtVKVLK5CLjAOw0la8kxkYZjxcJIlNyVO4whvszCbRmmVMmdaK7Bw7a4yqkTLamNqhZ2os6KXL06OAiG8lSGcwaKjwPsRgUoqQgtzWEpHqNEGe25JCrnnmoqDpE/TUqEG0NvMz7OFfMgbAXVSp7zDW3CHgbfxz7OFhTI7rnoY9Ze0RjeoCRyS3+4vyD8ll+fjkH+soJvttX57Ory+XPsFRnEEjRv/72dgAhniauxdl5aQW780B/27yj8qBMt1cHHnGOntfr1+ejy10HMD7xswtc70====</Value>
				</Measurement>
			</Results>
		</Test>
		<Test Status="passed">
			<Name>Listener.topic_without_listener</Name>
			<Path>./src/ddscxx/tests</Path>
			<FullName>./src/ddscxx/tests/Listener.topic_without_listener</FullName>
			<FullCommandLine>Z:\Projects\cyclonedds-cxx\build.windows\bin\ddscxx_tests.exe "--gtest_filter=Listener.topic_without_listener"</FullCommandLine>
			<Results>
				<NamedMeasurement type="numeric/double" name="Execution Time">
					<Value>0.0810253</Value>
				</NamedMeasurement>
				<NamedMeasurement type="numeric/double" name="Processors">
					<Value>1</Value>
				</NamedMeasurement>
				<NamedMeasurement type="text/string" name="Completion Status">
					<Value>Completed</Value>
				</NamedMeasurement>
				<NamedMeasurement type="text/string" name="Command Line">
					<Value>Z:\Projects\cyclonedds-cxx\build.windows\bin\ddscxx_tests.exe "--gtest_filter=Listener.topic_without_listener"</Value>
				</NamedMeasurement>
				<NamedMeasurement type="text/string" name="Environment">
					<Value>PATH=C:\Users\k0ekk0ek\.conan\data\gtest\1.8.1\_\_\package\3f0ace30056da8c8008a05842de931e7808916f6\bin;C:\Users\k0ekk0ek\.conan\data\gtest\1.8.1\_\_\package\3f0ace30056da8c8008a05842de931e7808916f6\bin;Z:\Projects\cyclonedds\build.windows\install\bin
#CTEST_RESOURCE_GROUP_COUNT=</Value>
				</NamedMeasurement>
				<Measurement>
					<Value encoding="base64" compression="gzip">eJyNkNFrwjAQxt/7V9yjPjS0s3ZREDa2IWzipG5PRkpMr10gTSRJ578/bYtMYbjLS7j78d33XdZoLXUFNZd6MITSmhqepuyVHZgQMl9lYZKmyUPCiDCaa1Zwz1nl0XkWE0pilh/frpGqYKMy4gJHUTROC04FjSLKozFN7gqcjGK8pxGdxGmZMmcaKzB3za40qkDLKmMqha2os6KTz0+OiBDB0nicwrxF4OM4gVIqjxZmsJDOo0ZLvNlLkR+k/zKNz1XfDjazc20h65PG4FuRU9L+L7hDEmzCc21hrsyOq26M+ltao2vUHhz6sNlfwb8lF+flkH0uoa3tbacdCO9vt2EYxBRqN7ztoSfBG8/VMPhfQo/choU56Mvz/XE2sFyTqz3HMKvH9frl+ZS8Y0nwA8qhx4M=</Value>
				</Measurement>
			</Results>
		</Test>
		<Test Status="passed">
			<Name>Listener.topic_with_listener</Name>
			<Path>./src/ddscxx/tests</Path>
			<FullName>./src/ddscxx/tests/Listener.topic_with_listener</FullName>
			<FullCommandLine>Z:\Projects\cyclonedds-cxx\build.windows\bin\ddscxx_tests.exe "--gtest_filter=Listener.topic_with_listener"</FullCommandLine>
			<Results>
				<NamedMeasurement type="numeric/double" name="Execution Time">
					<Value>0.0937369</Value>
				</NamedMeasurement>
				<NamedMeasurement type="numeric/double" name="Processors">
					<Value>1</Value>
				</NamedMeasurement>
				<NamedMeasurement type="text/string" name="Completion Status">
					<Value>Completed</Value>
				</NamedMeasurement>
				<NamedMeasurement type="text/string" name="Command Line">
					<Value>Z:\Projects\cyclonedds-cxx\build.windows\bin\ddscxx_tests.exe "--gtest_filter=Listener.topic_with_listener"</Value>
				</NamedMeasurement>
				<NamedMeasurement type="text/string" name="Environment">
					<Value>PATH=C:\Users\k0ekk0ek\.conan\data\gtest\1.8.1\_\_\package\3f0ace30056da8c8008a05842de931e7808916f6\bin;C:\Users\k0ekk0ek\.conan\data\gtest\1.8.1\_\_\package\3f0ace30056da8c8008a05842de931e7808916f6\bin;Z:\Projects\cyclonedds\build.windows\install\bin
#CTEST_RESOURCE_GROUP_COUNT=</Value>
				</NamedMeasurement>
				<Measurement>
					<Value encoding="base64" compression="gzip">eJyNkNFrwjAQxt/7V9yjPjSkWrsqCBvbEDZxUrcnIyWm1y6QJpKk89+ftkU2YbjLS7j78X33XdZoLXUFNZd6MITSmhoeZ+yFHZkQMl9nYZwk8X3MiDCaa1Zwz1nl0XkWkZRELD+9fSNVwcYl5QLHlE6SgqcipTTldJLGowKn4wjvUppOo6RMmDONFZi7Zl8aVaBllTGVwlbUWdHJ5+eNiBDBynicwaJF4P00gVIqjxbmsJTOo0ZLvDlIkR+l/8xV3wu280vtIOtjRuBbhXPM/i+4QxJsw0vtYKHMnqtujPpLWqNr1B4c+rA5XME/JZcXc8g+VtDW7saaHQVvrzdIGIymULvhbfeeBG88V8Pgf9k8chsW5qh/H+6Pg4Hlmlz5nJKsHzab56dz5o4lwTd7J8OB====</Value>
				</Measurement>
			</Results>
		</Test>
		<Test Status="passed">
			<Name>Listener.already_closed_topic</Name>
			<Path>./src/ddscxx/tests</Path>
			<FullName>./src/ddscxx/tests/Listener.already_closed_topic</FullName>
			<FullCommandLine>Z:\Projects\cyclonedds-cxx\build.windows\bin\ddscxx_tests.exe "--gtest_filter=Listener.already_closed_topic"</FullCommandLine>
			<Results>
				<NamedMeasurement type="numeric/double" name="Execution Time">
					<Value>0.106715</Value>
				</NamedMeasurement>
				<NamedMeasurement type="numeric/double" name="Processors">
					<Value>1</Value>
				</NamedMeasurement>
				<NamedMeasurement type="text/string" name="Completion Status">
					<Value>Completed</Value>
				</NamedMeasurement>
				<NamedMeasurement type="text/string" name="Command Line">
					<Value>Z:\Projects\cyclonedds-cxx\build.windows\bin\ddscxx_tests.exe "--gtest_filter=Listener.already_closed_topic"</Value>
				</NamedMeasurement>
				<NamedMeasurement type="text/string" name="Environment">
					<Value>PATH=C:\Users\k0ekk0ek\.conan\data\gtest\1.8.1\_\_\package\3f0ace30056da8c8008a05842de931e7808916f6\bin;C:\Users\k0ekk0ek\.conan\data\gtest\1.8.1\_\_\package\3f0ace30056da8c8008a05842de931e7808916f6\bin;Z:\Projects\cyclonedds\build.windows\install\bin
#CTEST_RESOURCE_GROUP_COUNT=</Value>
				</NamedMeasurement>
				<Measurement>
					<Value encoding="base64" compression="gzip">eJyNkF1rwjAUhu/7K86lXrS0a61REDa2IWzDiW5XRkpMTksgTSRJJ/v3q60TNxju5CZwHt6Ps2q0lrqCmkk9GEJpTQ33U/pED5RzWSxXYZbn2W1GI24001Qwz2jl0XmaRCRKaNG+XSOVoGkZM45pHI9ywQgncUxYPCLZjcBJmuCYxGSS5GVOnWksx8I1u9IogZZWxlQKO1FneS9fHBNFnAcL43EK8w6Bt3YDpVQeLczgRTqPGm3ElEUmPguujENReLOXPNjMzrOF1alnAr6TOPY8/TlzGAWb8DxbmCuzY6pfo/6Q1ugatQeHPmz2v+BLye9EwQZW7wvoZnstZ4/B6/M1FAZpDrUbXvdvyXFLgjeeqWHwv3YemQ2FOeifp/vjZGCZjlofcuHTVlnerdePD8fWPRsFX4HFxCw=</Value>
				</Measurement>
			</Results>
		</Test>
		<Test Status="passed">
			<Name>Listener.publisher_without_listener</Name>
			<Path>./src/ddscxx/tests</Path>
			<FullName>./src/ddscxx/tests/Listener.publisher_without_listener</FullName>
			<FullCommandLine>Z:\Projects\cyclonedds-cxx\build.windows\bin\ddscxx_tests.exe "--gtest_filter=Listener.publisher_without_listener"</FullCommandLine>
			<Results>
				<NamedMeasurement type="numeric/double" name="Execution Time">
					<Value>0.118151</Value>
				</NamedMeasurement>
				<NamedMeasurement type="numeric/double" name="Processors">
					<Value>1</Value>
				</NamedMeasurement>
				<NamedMeasurement type="text/string" name="Completion Status">
					<Value>Completed</Value>
				</NamedMeasurement>
				<NamedMeasurement type="text/string" name="Command Line">
					<Value>Z:\Projects\cyclonedds-cxx\build.windows\bin\ddscxx_tests.exe "--gtest_filter=Listener.publisher_without_listener"</Value>
				</NamedMeasurement>
				<NamedMeasurement type="text/string" name="Environment">
					<Value>PATH=C:\Users\k0ekk0ek\.conan\data\gtest\1.8.1\_\_\package\3f0ace30056da8c8008a05842de931e7808916f6\bin;C:\Users\k0ekk0ek\.conan\data\gtest\1.8.1\_\_\package\3f0ace30056da8c8008a05842de931e7808916f6\bin;Z:\Projects\cyclonedds\build.windows\install\bin
#CTEST_RESOURCE_GROUP_COUNT=</Value>
				</NamedMeasurement>
				<Measurement>
					<Value encoding="base64" compression="gzip">eJyNUNFqwjAUfe9X3Ed9aGjX2lVB2NiGsImTuj0ZKWl6WwNpIkk6f3/aFtmEMe99CZyTc885WauUUDU0TKjRGCqjG3ia0Vd6pJyLfJ35cZLEDzElXCumaMkco7VD62hIUhLS/LRFK2RJoypgHKMgmCQlS3kaBCkLJml8V+I0CvE+DdJpmFQJtbo1HHPbFpWWJRpaa11L7ESt4b18fnZEOPdW2uEMFh0FPk4IVEI6NDCHpbAOFRpyaAsp7B5NfhRur1uXywHytvPL7CAb0obgOqFz2uHNmUXibf3L7GAhdcFkD6P6EkarBpUDi85vD1fkn5LLy3HIPlfQze42tz0Z3t9u+wCjOILGjv/3MjDBacfk2LstqUNm/FIf1e8a/6gPDFPk6s4p0Ppxs3l5PjfQc4n3DbtSzIo=</Value>
				</Measurement>
			</Results>
		</Test>
		<Test Status="passed">
			<Name>Listener.publisher_with_listener</Name>
			<Path>./src/ddscxx/tests</Path>
			<FullName>./src/ddscxx/tests/Listener.publisher_with_listener</FullName>
			<FullCommandLine>Z:\Projects\cyclonedds-cxx\build.windows\bin\ddscxx_tests.exe "--gtest_filter=Listener.publisher_with_listener"</FullCommandLine>
			<Results>
				<NamedMeasurement type="numeric/double" name="Execution Time">
					<Value>0.0981186</Value>
				</NamedMeasurement>
				<NamedMeasurement type="numeric/double" name="Processors">
					<Value>1</Value>
				</NamedMeasurement>
				<NamedMeasurement type="text/string" name="Completion Status">
					<Value>Completed</Value>
				</NamedMeasurement>
				<NamedMeasurement type="text/string" name="Command Line">
					<Value>Z:\Projects\cyclonedds-cxx\build.windows\bin\ddscxx_tests.exe "--gtest_filter=Listener.publisher_with_listener"</Value>
				</NamedMeasurement>
				<NamedMeasurement type="text/string" name="Environment">
					<Value>PATH=C:\Users\k0ekk0ek\.conan\data\gtest\1.8.1\_\_\package\3f0ace30056da8c8008a05842de931e7808916f6\bin;C:\Users\k0ekk0ek\.conan\data\gtest\1.8.1\_\_\package\3f0ace30056da8c8008a05842de931e7808916f6\bin;Z:\Projects\cyclonedds\build.windows\install\bin
#CTEST_RESOURCE_GROUP_COUNT=</Value>
				</NamedMeasurement>
				<Measurement>
					<Value encoding="base64" compression="gzip">eJyNkNFrwjAQxt/7V9yjPjS0tnZVEDa2IWziRt2ejJQ0vdZAmkiSzn9/2hbZhDEvL+Hux3ffd1mrlFA1NEyo0Rgqoxt4nNMXeqSci/w98+Mkie9jSrhWTNGSOUZrh9bRkKQkpPnpFa2QJY2qgHGMgmCalCzlaRCkLJim8aTEWRTiXRqkszCpEmp1azjmti0qLUs0tNa6ltiJWsN7+fzsiHDurbXDOSw7BD5OE6iEdGhgASthHSo05NAWUtg9mvwo3D6XQ9/bLi61g2yIGoLrVM5Rhz9nFom39S+1g6XUBZP9GNWXMFo1qBxYdH57uIJ/Sq4uyyH7XENXuxus9iS8vd5AwyiaQGPH/7sYSHDaMTn2bsvokBm/1Ef1+4B/HA4MU+RqzynN+8Nm8/x0zt6zxPsGN/DIfA==</Value>
				</Measurement>
			</Results>
		</Test>
		<Test Status="passed">
			<Name>Listener.already_closed_publisher</Name>
			<Path>./src/ddscxx/tests</Path>
			<FullName>./src/ddscxx/tests/Listener.already_closed_publisher</FullName>
			<FullCommandLine>Z:\Projects\cyclonedds-cxx\build.windows\bin\ddscxx_tests.exe "--gtest_filter=Listener.already_closed_publisher"</FullCommandLine>
			<Results>
				<NamedMeasurement type="numeric/double" name="Execution Time">
					<Value>0.0882914</Value>
				</NamedMeasurement>
				<NamedMeasurement type="numeric/double" name="Processors">
					<Value>1</Value>
				</NamedMeasurement>
				<NamedMeasurement type="text/string" name="Completion Status">
					<Value>Completed</Value>
				</NamedMeasurement>
				<NamedMeasurement type="text/string" name="Command Line">
					<Value>Z:\Projects\cyclonedds-cxx\build.windows\bin\ddscxx_tests.exe "--gtest_filter=Listener.already_closed_publisher"</Value>
				</NamedMeasurement>
				<NamedMeasurement type="text/string" name="Environment">
					<Value>PATH=C:\Users\k0ekk0ek\.conan\data\gtest\1.8.1\_\_\package\3f0ace30056da8c8008a05842de931e7808916f6\bin;C:\Users\k0ekk0ek\.conan\data\gtest\1.8.1\_\_\package\3f0ace30056da8c8008a05842de931e7808916f6\bin;Z:\Projects\cyclonedds\build.windows\install\bin
#CTEST_RESOURCE_GROUP_COUNT=</Value>
				</NamedMeasurement>
				<Measurement>
					<Value encoding="base64" compression="gzip">eJyNkFFLwzAUhd/7K+7j9tDQrl3tBgNFZaAyR6dPyyhpclsDaTKS1OG/d1vnUEHcuS+B+3Fyzi06raVuoGVSD4ZQW9PC7ZQ+0B3lXJbLIkyzLL1OKeFGM00F84w2Hp2nMclJTMv9VJ1UgiZ1xDgmUTTOBMt5HkU5i8Z5OhI4SWK8yqN8Emd1Rp3pLMfSdVVtlEBLG2MahUdTZ3lvXx4SEc6DhfE4hfkRgZf9BmqpPFqYwZN0HjVawpRFJj5KroxDUW67Skn3hjZYz87aQHHqGoM/2hy6nt6cOSTBOjxrA3NlKqb6Nep3aY1uUXtw6MNu+wv+bvmVKlhD8bqAozaXZO1ReH68BIfBKIHWDf/PcSLBG8/UMLispUdmQ2F2+ucJ/zgdWKbJr3/2dZY3q9X93aF9z5LgE0q+ySo=</Value>
				</Measurement>
			</Results>
		</Test>
		<Test Status="passed">
			<Name>Listener.subscriber_without_listener</Name>
			<Path>./src/ddscxx/tests</Path>
			<FullName>./src/ddscxx/tests/Listener.subscriber_without_listener</FullName>
			<FullCommandLine>Z:\Projects\cyclonedds-cxx\build.windows\bin\ddscxx_tests.exe "--gtest_filter=Listener.subscriber_without_listener"</FullCommandLine>
			<Results>
				<NamedMeasurement type="numeric/double" name="Execution Time">
					<Value>0.0917896</Value>
				</NamedMeasurement>
				<NamedMeasurement type="numeric/double" name="Processors">
					<Value>1</Value>
				</NamedMeasurement>
				<NamedMeasurement type="text/string" name="Completion Status">
					<Value>Completed</Value>
				</NamedMeasurement>
				<NamedMeasurement type="text/string" name="Command Line">
					<Value>Z:\Projects\cyclonedds-cxx\build.windows\bin\ddscxx_tests.exe "--gtest_filter=Listener.subscriber_without_listener"</Value>
				</NamedMeasurement>
				<NamedMeasurement type="text/string" name="Environment">
					<Value>PATH=C:\Users\k0ekk0ek\.conan\data\gtest\1.8.1\_\_\package\3f0ace30056da8c8008a05842de931e7808916f6\bin;C:\Users\k0ekk0ek\.conan\data\gtest\1.8.1\_\_\package\3f0ace30056da8c8008a05842de931e7808916f6\bin;Z:\Projects\cyclonedds\build.windows\install\bin
#CTEST_RESOURCE_GROUP_COUNT=</Value>
				</NamedMeasurement>
				<Measurement>
					<Value encoding="base64" compression="gzip">eJyNUNFqwjAUfe9X3Ed9aGi11ioIG9sQNnFStycjJU1vu0CajCSdv7/aFtmEMe99CZyTc885aaOUUBXUTKjRGEqja3hY0md6opyLbJf6URxHdxElXCumaMEco5VD62hIEhLSrN28EbKg0zJgHKdBMIsLlvAkCBIWzJJoUuBiGuI8CZJFGJcxtboxHDPb5KWWBRpaaV1J7ESt4b18dnZEOPe22uES1h0F3loESiEdGljBRliHCg1ppSw3IkeTnYT70I3L5IB5h9VljpAOcUNwndI57vDmzCLxDv5ljrCWOmeyh1F9CaNVjcqBRec3n1fkn5Kby3FI37fQzfFGuz0bXl9u/AGjyRxqO/7fzcAEpx2TY++2rA6Z8Qt9Ur+L/KNAMEyRqzttot39fv/0eO6g5xLvG3EBzcI=</Value>
				</Measurement>
			</Results>
		</Test>
		<Test Status="passed">
			<Name>Listener.subscriber_with_listener</Name>
			<Path>./src/ddscxx/tests</Path>
			<FullName>./src/ddscxx/tests/Listener.subscriber_with_listener</FullName>
			<FullCommandLine>Z:\Projects\cyclonedds-cxx\build.windows\bin\ddscxx_tests.exe "--gtest_filter=Listener.subscriber_with_listener"</FullCommandLine>
			<Results>
				<NamedMeasurement type="numeric/double" name="Execution Time">
					<Value>0.108094</Value>
				</NamedMeasurement>
				<NamedMeasurement type="numeric/double" name="Processors">
					<Value>1</Value>
				</NamedMeasurement>
				<NamedMeasurement type="text/string" name="Completion Status">
					<Value>Completed</Value>
				</NamedMeasurement>
				<NamedMeasurement type="text/string" name="Command Line">
					<Value>Z:\Projects\cyclonedds-cxx\build.windows\bin\ddscxx_tests.exe "--gtest_filter=Listener.subscriber_with_listener"</Value>
				</NamedMeasurement>
				<NamedMeasurement type="text/string" name="Environment">
					<Value>PATH=C:\Users\k0ekk0ek\.conan\data\gtest\1.8.1\_\_\package\3f0ace30056da8c8008a05842de931e7808916f6\bin;C:\Users\k0ekk0ek\.conan\data\gtest\1.8.1\_\_\package\3f0ace30056da8c8008a05842de931e7808916f6\bin;Z:\Projects\cyclonedds\build.windows\install\bin
#CTEST_RESOURCE_GROUP_COUNT=</Value>
				</NamedMeasurement>
				<Measurement>
					<Value encoding="base64" compression="gzip">eJyNkFFLwzAUhd/7K+7j9tDQ2q52g4GiMtAxR6dPyyhpelsDaSJJ6v6+XVuGDsTdvATOx7nn3KxVSqgaGibUZAqV0Q08LOgzPVLORb7N/DhJ4ruYEq4VU7RkjtHaoXU0JCkJad69ohWypFEVMI5REMySkqU8DYKUBbM0vilxHoV4mwbpPEyqhFrdGo65bYtKyxINrbWuJfam1vDBPj8lIpx7G+1wAasegbdOgUpIhwaWsBbWoUJDOivLjSjQ5EfhPnI5Ct5+eZ4DZGPXEFxvc+o6/jmzSLy9f54DrKQumBxkVF/CaNWgcmDR+e3nBfzTcn1eDtn7Bvo5XJN1QOH15RocJnEEjZ3+n2MkwWnH5NS7rqVDZvxSH9XvE/5xOjBMkYs9XZ3t/W739HhqP7DE+wbiZcm0====</Value>
				</Measurement>
			</Results>
		</Test>
		<Test Status="passed">
			<Name>Listener.already_closed_subscriber</Name>
			<Path>./src/ddscxx/tests</Path>
			<FullName>./src/ddscxx/tests/Listener.already_closed_subscriber</FullName>
			<FullCommandLine>Z:\Projects\cyclonedds-cxx\build.windows\bin\ddscxx_tests.exe "--gtest_filter=Listener.already_closed_subscriber"</FullCommandLine>
			<Results>
				<NamedMeasurement type="numeric/double" name="Execution Time">
					<Value>0.0799065</Value>
				</NamedMeasurement>
				<NamedMeasurement type="numeric/double" name="Processors">
					<Value>1</Value>
				</NamedMeasurement>
				<NamedMeasurement type="text/string" name="Completion Status">
					<Value>Completed</Value>
				</NamedMeasurement>
				<NamedMeasurement type="text/string" name="Command Line">
					<Value>Z:\Projects\cyclonedds-cxx\build.windows\bin\ddscxx_tests.exe "--gtest_filter=Listener.already_closed_subscriber"</Value>
				</NamedMeasurement>
				<NamedMeasurement type="text/string" name="Environment">
					<Value>PATH=C:\Users\k0ekk0ek\.conan\data\gtest\1.8.1\_\_\package\3f0ace30056da8c8008a05842de931e7808916f6\bin;C:\Users\k0ekk0ek\.conan\data\gtest\1.8.1\_\_\package\3f0ace30056da8c8008a05842de931e7808916f6\bin;Z:\Projects\cyclonedds\build.windows\install\bin
#CTEST_RESOURCE_GROUP_COUNT=</Value>
				</NamedMeasurement>
				<Measurement>
					<Value encoding="base64" compression="gzip">eJyNkFFLwzAUhd/7K+7j9tDQuq52g4GiMlCZo9OnZZQ0uS2BNJEkdfjvXds5dCDu3JfA/Tg55+at1lLX0DCpR2OorGngbk4f6Z5yLot1HiZpmtwklHCjmaaCeUZrj87TmGQkpsVhylYqQSdVxDhOomiaCpbxLIoyFk2z5ErgbBLjdRZlszitUupMazkWri0rowRaWhtTK+xNneWDfdElIpwHK+NxDssegdfDBiqpPFpYwLN0HjVawpRFJj4LroxD0Tk7bmWJNtguTtpBfiwbg+99urLHN2cOSbANT9rBUpmSqWGN+kNaoxvUHhz6sH0/g39afscKtpC/raDX7qKwAwsvTxfxMIpjaNz4/yRHErzxTI2Dy3p6ZDYUZq9/H/GP44Flmpz9c+izvt1sHu67/gNLgi/xzspT====</Value>
				</Measurement>
			</Results>
		</Test>
		<Test Status="passed">
			<Name>Listener.writer_without_listener</Name>
			<Path>./src/ddscxx/tests</Path>
			<FullName>./src/ddscxx/tests/Listener.writer_without_listener</FullName>
			<FullCommandLine>Z:\Projects\cyclonedds-cxx\build.windows\bin\ddscxx_tests.exe "--gtest_filter=Listener.writer_without_listener"</FullCommandLine>
			<Results>
				<NamedMeasurement type="numeric/double" name="Execution Time">
					<Value>0.0947892</Value>
				</NamedMeasurement>
				<NamedMeasurement type="numeric/double" name="Processors">
					<Value>1</Value>
				</NamedMeasurement>
				<NamedMeasurement type="text/string" name="Completion Status">
					<Value>Completed</Value>
				</NamedMeasurement>
				<NamedMeasurement type="text/string" name="Command Line">
					<Value>Z:\Projects\cyclonedds-cxx\build.windows\bin\ddscxx_tests.exe "--gtest_filter=Listener.writer_without_listener"</Value>
				</NamedMeasurement>
				<NamedMeasurement type="text/string" name="Environment">
					<Value>PATH=C:\Users\k0ekk0ek\.conan\data\gtest\1.8.1\_\_\package\3f0ace30056da8c8008a05842de931e7808916f6\bin;C:\Users\k0ekk0ek\.conan\data\gtest\1.8.1\_\_\package\3f0ace30056da8c8008a05842de931e7808916f6\bin;Z:\Projects\cyclonedds\build.windows\install\bin
#CTEST_RESOURCE_GROUP_COUNT=</Value>
				</NamedMeasurement>
				<Measurement>
					<Value encoding="base64" compression="gzip">eJyNkNFrwjAQxt/7V9yjPjS0tnZVEDa2IWzipG5PRkpMr10gTUaSrv/+aisyhTEvL+Hux3ffd1mjlFAV1Eyo0RhKo2t4nNMX2lLORb7J/DhJ4vuYEq4VU7RgjtHKoXU0JCkJad69QyNkQaMyYByjIJgmBUt5GgQpC6ZpPClwFoV4lwbpLEzKhFrdGI65bQ6llgUaWmldSexFreGDfH50RDj31trhHJY9Au/dBEohHRpYwEpYhwoNaY3oOnkr3KduXC5PfW+3ONceslPUEFyvcox6+nNmkXg7/1x7WEp9YHIYo/oWRqsalQOLzm++ruDfkqvzcsg+1tDX/garAwlvrzfQMIpCqO34fxcdOelIcNoxOfZuy+iQGb/Qrbo84B+HA8MUudrTpdk8bLfPT8fsA0u8H7miyPA=</Value>
				</Measurement>
			</Results>
		</Test>
		<Test Status="passed">
			<Name>Listener.writer_with_listener</Name>
			<Path>./src/ddscxx/tests</Path>
			<FullName>./src/ddscxx/tests/Listener.writer_with_listener</FullName>
			<FullCommandLine>Z:\Projects\cyclonedds-cxx\build.windows\bin\ddscxx_tests.exe "--gtest_filter=Listener.writer_with_listener"</FullCommandLine>
			<Results>
				<NamedMeasurement type="numeric/double" name="Execution Time">
					<Value>0.119986</Value>
				</NamedMeasurement>
				<NamedMeasurement type="numeric/double" name="Processors">
					<Value>1</Value>
				</NamedMeasurement>
				<NamedMeasurement type="text/string" name="Completion Status">
					<Value>Completed</Value>
				</NamedMeasurement>
				<NamedMeasurement type="text/string" name="Command Line">
					<Value>Z:\Projects\cyclonedds-cxx\build.windows\bin\ddscxx_tests.exe "--gtest_filter=Listener.writer_with_listener"</Value>
				</NamedMeasurement>
				<NamedMeasurement type="text/string" name="Environment">
					<Value>PATH=C:\Users\k0ekk0ek\.conan\data\gtest\1.8.1\_\_\package\3f0ace30056da8c8008a05842de931e7808916f6\bin;C:\Users\k0ekk0ek\.conan\data\gtest\1.8.1\_\_\package\3f0ace30056da8c8008a05842de931e7808916f6\bin;Z:\Projects\cyclonedds\build.windows\install\bin
#CTEST_RESOURCE_GROUP_COUNT=</Value>
				</NamedMeasurement>
				<Measurement>
					<Value encoding="base64" compression="gzip">eJyNkNFrwjAQxt/7V9yjPjS0WrsqCBvbEDZxUrcnIyWm1y6QJiNJ139/tS0yheEuL+Hux/fdd2mtlFAlVEyo0RgKoyt4XNAX2lDORbZN/SiOo/uIEq4VUzRnjtHSoXU0JAkJada+Yy1kTqdFwDhOg2AW5yzhSRAkLJgl0STH+TTEuyRI5mFcxNTq2nDMbH0stMzR0FLrUmInag3v5bPTRoRzb6MdLmDVIfDeTqAQ0qGBJayFdajQkMaItpM1wn1mcmh6++W5DpAOOUNwncQp5/DnzCLx9v65DrCS+shkP0b1LYxWFSoHFp1ff13BvyXXZ3NIPzbQ1eHWnj0Gb6+3UBjNJlDZ8W3/gQSnHZNj73/pHDLj57pRl6f742RgmCJXPm2U7cNu9/x0St2zxPsBXfrE7w==</Value>
				</Measurement>
			</Results>
		</Test>
		<Test Status="passed">
			<Name>Listener.already_closed_writer</Name>
			<Path>./src/ddscxx/tests</Path>
			<FullName>./src/ddscxx/tests/Listener.already_closed_writer</FullName>
			<FullCommandLine>Z:\Projects\cyclonedds-cxx\build.windows\bin\ddscxx_tests.exe "--gtest_filter=Listener.already_closed_writer"</FullCommandLine>
			<Results>
				<NamedMeasurement type="numeric/double" name="Execution Time">
					<Value>0.119841</Value>
				</NamedMeasurement>
				<NamedMeasurement type="numeric/double" name="Processors">
					<Value>1</Value>
				</NamedMeasurement>
				<NamedMeasurement type="text/string" name="Completion Status">
					<Value>Completed</Value>
				</NamedMeasurement>
				<NamedMeasurement type="text/string" name="Command Line">
					<Value>Z:\Projects\cyclonedds-cxx\build.windows\bin\ddscxx_tests.exe "--gtest_filter=Listener.already_closed_writer"</Value>
				</NamedMeasurement>
				<NamedMeasurement type="text/string" name="Environment">
					<Value>PATH=C:\Users\k0ekk0ek\.conan\data\gtest\1.8.1\_\_\package\3f0ace30056da8c8008a05842de931e7808916f6\bin;C:\Users\k0ekk0ek\.conan\data\gtest\1.8.1\_\_\package\3f0ace30056da8c8008a05842de931e7808916f6\bin;Z:\Projects\cyclonedds\build.windows\install\bin
#CTEST_RESOURCE_GROUP_COUNT=</Value>
				</NamedMeasurement>
				<Measurement>
					<Value encoding="base64" compression="gzip">eJyNkFFrwjAUhd/7K+6jPjS0WrsqCBvbELbhpG5PRkpMbksgTUaSTvbvV1uVTRju3JfA/Tg55+aN1lJXUDOpB0Moranhfkaf6J5yLotVHiZpmtwmlHCjmaaCeUYrj87TmGQkpkU7u0YqQcdlxDiOo2iSCpbxLIoyFk2yZCRwOo7xJouyaZyWKXWmsRwL1+xKowRaWhlTKexMneW9fXFIRDgPlsbjDBYdAm/tBkqpPFqYw4t0HjVawpRFJr4KroxDUeytbIFgMz9rC/mxaAy+8zgUPb45c0iCTXjWFhbK7Jjq16g/pTW6Ru3BoQ+bjwv4p+UpUrCB/H0JnbZXg/YcvD5fZWEwGUHthtcTHEnwxjM1DP7XzyOzoTB7/ft4fxwNLNPk4p+2y+puvX58OPTuWRJ8A2ZOxZ0=</Value>
				</Measurement>
			</Results>
		</Test>
		<Test Status="passed">
			<Name>Listener.reader_without_listener</Name>
			<Path>./src/ddscxx/tests</Path>
			<FullName>./src/ddscxx/tests/Listener.reader_without_listener</FullName>
			<FullCommandLine>Z:\Projects\cyclonedds-cxx\build.windows\bin\ddscxx_tests.exe "--gtest_filter=Listener.reader_without_listener"</FullCommandLine>
			<Results>
				<NamedMeasurement type="numeric/double" name="Execution Time">
					<Value>0.115167</Value>
				</NamedMeasurement>
				<NamedMeasurement type="numeric/double" name="Processors">
					<Value>1</Value>
				</NamedMeasurement>
				<NamedMeasurement type="text/string" name="Completion Status">
					<Value>Completed</Value>
				</NamedMeasurement>
				<NamedMeasurement type="text/string" name="Command Line">
					<Value>Z:\Projects\cyclonedds-cxx\build.windows\bin\ddscxx_tests.exe "--gtest_filter=Listener.reader_without_listener"</Value>
				</NamedMeasurement>
				<NamedMeasurement type="text/string" name="Environment">
					<Value>PATH=C:\Users\k0ekk0ek\.conan\data\gtest\1.8.1\_\_\package\3f0ace30056da8c8008a05842de931e7808916f6\bin;C:\Users\k0ekk0ek\.conan\data\gtest\1.8.1\_\_\package\3f0ace30056da8c8008a05842de931e7808916f6\bin;Z:\Projects\cyclonedds\build.windows\install\bin
#CTEST_RESOURCE_GROUP_COUNT=</Value>
				</NamedMeasurement>
				<Measurement>
					<Value encoding="base64" compression="gzip">eJyNkNFLwzAQxt/7V9zj9tCQbl3tBgNFZaBjSqdPyyhZeq2BNJEkdf++XVuGDsRdXsLdj+++77JGa6krqLnUozGU1tRwv2BP7MiEkPlrFsZJEt/GjAijuWYF95xVHp1nEUlJxPL2HRqpCjYtKRc4pXSWFDwVKaUpp7M0nhQ4n0Z4k9J0HiVlwpxprMDcNYfSqAItq4ypFHaizopePj85IkIEG+NxAasOgbd2AqVUHi0sYS2dR42WWOStTn6U/sM0PldDP9gtz7WHbIgage9UTlGHv+AOSbALz7WHlTIHrvox6i9pja5Re3Dow+bzAv4puT4vh+x9A13tr7Dak/DyfAUNo3gCtRv/72IgwRvP1Ti4LqNHbsPCHPXvA/5xOLBck4s9bZrXu+328eGUvWdJ8A0skMh2====</Value>
				</Measurement>
			</Results>
		</Test>
		<Test Status="passed">
			<Name>Listener.reader_with_listener</Name>
			<Path>./src/ddscxx/tests</Path>
			<FullName>./src/ddscxx/tests/Listener.reader_with_listener</FullName>
			<FullCommandLine>Z:\Projects\cyclonedds-cxx\build.windows\bin\ddscxx_tests.exe "--gtest_filter=Listener.reader_with_listener"</FullCommandLine>
			<Results>
				<NamedMeasurement type="numeric/double" name="Execution Time">
					<Value>0.118582</Value>
				</NamedMeasurement>
				<NamedMeasurement type="numeric/double" name="Processors">
					<Value>1</Value>
				</NamedMeasurement>
				<NamedMeasurement type="text/string" name="Completion Status">
					<Value>Completed</Value>
				</NamedMeasurement>
				<NamedMeasurement type="text/string" name="Command Line">
					<Value>Z:\Projects\cyclonedds-cxx\build.windows\bin\ddscxx_tests.exe "--gtest_filter=Listener.reader_with_listener"</Value>
				</NamedMeasurement>
				<NamedMeasurement type="text/string" name="Environment">
					<Value>PATH=C:\Users\k0ekk0ek\.conan\data\gtest\1.8.1\_\_\package\3f0ace30056da8c8008a05842de931e7808916f6\bin;C:\Users\k0ekk0ek\.conan\data\gtest\1.8.1\_\_\package\3f0ace30056da8c8008a05842de931e7808916f6\bin;Z:\Projects\cyclonedds\build.windows\install\bin
#CTEST_RESOURCE_GROUP_COUNT=</Value>
				</NamedMeasurement>
				<Measurement>
					<Value encoding="base64" compression="gzip">eJyNkNFrwjAQxt/7V9yjPjS0s9YoCBvbEDZxUrcnIyWm1y6QJiNJ57+/2oroYLjLS7j78X33XdZoLXUFNZd6MITSmhoeZ+yFHZgQMl9nYZKmyX3CiDCaa1Zwz1nl0XkWE0pilrdv30hVsFEZcYGjKBqnBaeCRhHl0ZgmdwVORzFOaESncVqmzJnGCsxdsy+NKtCyyphKYSfqrOjl8+NGRIhgZTzOYNEh8N5OoJTKo4U5LKXzqNESi7zVyQ/Sf+bq1Ay283PtIDvljMF3Esecp7/gDkmwDc+1g4Uye676MepvaY2uUXtw6MPm6xd8Kbk8m0P2sYKudrf27DF4e72FwiAZQ+2Gt/1bMm1J8MZzNQz+l84jt2FhDvr6dH+cDCzXpPWZXPi0UdYPm83z0zF1z5LgB9U8xHo=</Value>
				</Measurement>
			</Results>
		</Test>
		<Test Status="passed">
			<Name>Listener.already_closed_reader</Name>
			<Path>./src/ddscxx/tests</Path>
			<FullName>./src/ddscxx/tests/Listener.already_closed_reader</FullName>
			<FullCommandLine>Z:\Projects\cyclonedds-cxx\build.windows\bin\ddscxx_tests.exe "--gtest_filter=Listener.already_closed_reader"</FullCommandLine>
			<Results>
				<NamedMeasurement type="numeric/double" name="Execution Time">
					<Value>0.117064</Value>
				</NamedMeasurement>
				<NamedMeasurement type="numeric/double" name="Processors">
					<Value>1</Value>
				</NamedMeasurement>
				<NamedMeasurement type="text/string" name="Completion Status">
					<Value>Completed</Value>
				</NamedMeasurement>
				<NamedMeasurement type="text/string" name="Command Line">
					<Value>Z:\Projects\cyclonedds-cxx\build.windows\bin\ddscxx_tests.exe "--gtest_filter=Listener.already_closed_reader"</Value>
				</NamedMeasurement>
				<NamedMeasurement type="text/string" name="Environment">
					<Value>PATH=C:\Users\k0ekk0ek\.conan\data\gtest\1.8.1\_\_\package\3f0ace30056da8c8008a05842de931e7808916f6\bin;C:\Users\k0ekk0ek\.conan\data\gtest\1.8.1\_\_\package\3f0ace30056da8c8008a05842de931e7808916f6\bin;Z:\Projects\cyclonedds\build.windows\install\bin
#CTEST_RESOURCE_GROUP_COUNT=</Value>
				</NamedMeasurement>
				<Measurement>
					<Value encoding="base64" compression="gzip">eJyNkFFLwzAUhd/7K+7j9tDQ2q5mg4GiMlCZo9OnZZQsuS2FNJEkdfjvXds5dCDz5CXhfpycc/NW61pX0PBaj8ZQWtPA3Yw9sj0Toi5WeZhmWXqTMiKM5ppJ7jmrPDrPYkJJzIrD2bW1kiwpIy4wiaJJJjkVNIoojyY0vZI4TWK8phGdxlmZMWdaK7Bw7a40SqJllTGVwt7UWTHYF10iIkSwNB5nsOgReD1MoKyVRwtzeK6dR42WcGWRy89CKONQFt0DbbCZn7SF/Fg0Bt97dEWPd8EdkmATnrSFhTI7roYx6o/aGt2g9uDQh+37GfzT8jtSsIH8bQm9theDDhy8PF1kYZQm0Ljx5QRHErzxXI2D//XzyG0ozV7/Xt4fSwPLNTn759BldbteP9x3vQeWBF/gccUf====</Value>
				</Measurement>
			</Results>
		</Test>
		<Test Status="passed">
			<Name>Listener.incorrect_listener_mask</Name>
			<Path>./src/ddscxx/tests</Path>
			<FullName>./src/ddscxx/tests/Listener.incorrect_listener_mask</FullName>
			<FullCommandLine>Z:\Projects\cyclonedds-cxx\build.windows\bin\ddscxx_tests.exe "--gtest_filter=Listener.incorrect_listener_mask"</FullCommandLine>
			<Results>
				<NamedMeasurement type="numeric/double" name="Execution Time">
					<Value>1.60298</Value>
				</NamedMeasurement>
				<NamedMeasurement type="numeric/double" name="Processors">
					<Value>1</Value>
				</NamedMeasurement>
				<NamedMeasurement type="text/string" name="Completion Status">
					<Value>Completed</Value>
				</NamedMeasurement>
				<NamedMeasurement type="text/string" name="Command Line">
					<Value>Z:\Projects\cyclonedds-cxx\build.windows\bin\ddscxx_tests.exe "--gtest_filter=Listener.incorrect_listener_mask"</Value>
				</NamedMeasurement>
				<NamedMeasurement type="text/string" name="Environment">
					<Value>PATH=C:\Users\k0ekk0ek\.conan\data\gtest\1.8.1\_\_\package\3f0ace30056da8c8008a05842de931e7808916f6\bin;C:\Users\k0ekk0ek\.conan\data\gtest\1.8.1\_\_\package\3f0ace30056da8c8008a05842de931e7808916f6\bin;Z:\Projects\cyclonedds\build.windows\install\bin
#CTEST_RESOURCE_GROUP_COUNT=</Value>
				</NamedMeasurement>
				<Measurement>
					<Value encoding="base64" compression="gzip">eJyNUF1LwzAUfe+vuI/bQ0Nqu64bDBSVgcqUTp+WUbL0tgTTRJLU/X27dg4/EHfyEnJPzj3n5K3WUtfQcKlHY6isaeB6zu7Yngkhi6c8TNI0uUwYEUZzzUruOas9Os8ikpGIFd3ZtVKVLK4oFxhTOklLnomM0ozTSZZclDiLI5xmNJtFaZUyZ1orsHDtrjKqRMtqY2qFvaizYpAvDo6IEMHKeJzDsqfAczeBSiqPFhbwIJ1HjZZILYy1KHyhjk/dd/cabBYnbCE/Ro3A9yqHqMe74A5JsAlP2MJSmR1Xwxj1u7RGN6g9OPRh+/aD/FXy01SwgfxlBT22Z1gdmPB4fwYbRtEknkLjxv/7OHHBG8/VODgvp0duw9Ls9fcS/ygPLNfk16Yu09PVen17c2hgYJPgA2xwyX4=</Value>
				</Measurement>
			</Results>
		</Test>
		<Test Status="passed">
			<Name>Listener.sample_lost</Name>
			<Path>./src/ddscxx/tests</Path>
			<FullName>./src/ddscxx/tests/Listener.sample_lost</FullName>
			<FullCommandLine>Z:\Projects\cyclonedds-cxx\build.windows\bin\ddscxx_tests.exe "--gtest_filter=Listener.sample_lost"</FullCommandLine>
			<Results>
				<NamedMeasurement type="numeric/double" name="Execution Time">
					<Value>0.116365</Value>
				</NamedMeasurement>
				<NamedMeasurement type="numeric/double" name="Processors">
					<Value>1</Value>
				</NamedMeasurement>
				<NamedMeasurement type="text/string" name="Completion Status">
					<Value>Completed</Value>
				</NamedMeasurement>
				<NamedMeasurement type="text/string" name="Command Line">
					<Value>Z:\Projects\cyclonedds-cxx\build.windows\bin\ddscxx_tests.exe "--gtest_filter=Listener.sample_lost"</Value>
				</NamedMeasurement>
				<NamedMeasurement type="text/string" name="Environment">
					<Value>PATH=C:\Users\k0ekk0ek\.conan\data\gtest\1.8.1\_\_\package\3f0ace30056da8c8008a05842de931e7808916f6\bin;C:\Users\k0ekk0ek\.conan\data\gtest\1.8.1\_\_\package\3f0ace30056da8c8008a05842de931e7808916f6\bin;Z:\Projects\cyclonedds\build.windows\install\bin
#CTEST_RESOURCE_GROUP_COUNT=</Value>
				</NamedMeasurement>
				<Measurement>
					<Value encoding="base64" compression="gzip">eJyNUNFqwjAUfe9X3Ed9aEjX2lVB2NiGsA0ndXsypcT0tgTSRJJ0/v60dbIJsp37Ejgn555z805rqRtoudSjMdTWtPAwY89sz4SQ5SoPkzRN7hJGhNFcs4p7zhqPzrOIZCRi5WG2nVQVi2vKBcaUTtKKZyKjNON0kiU3FU7jCG8zmk2jtE6ZM50VWLpuWxtVoWWNMY3C3tRZMdiXx0REiGBpPM5g0Uvg/cBALZVHC3N4lc6jRkscb3cKS2WcDzbzMwrIT/Ui8P3PY73TW3CHJNiEZxSwUGbL1UCj/pTW6Ba1B4c+7HYX4p+W30GCDeQfS+hRXIk3sPD2ckUBo3gKrRv/ve2kBG88V+Pgf108chtWZq9/H+rKgcByTS72HBqs7tfrp8djx0FLgi+tZrlw====</Value>
				</Measurement>
			</Results>
		</Test>
		<Test Status="passed">
			<Name>Listener.sample_rejected</Name>
			<Path>./src/ddscxx/tests</Path>
			<FullName>./src/ddscxx/tests/Listener.sample_rejected</FullName>
			<FullCommandLine>Z:\Projects\cyclonedds-cxx\build.windows\bin\ddscxx_tests.exe "--gtest_filter=Listener.sample_rejected"</FullCommandLine>
			<Results>
				<NamedMeasurement type="numeric/double" name="Execution Time">
[...]
			<Results>
				<NamedMeasurement type="numeric/double" name="Execution Time">
					<Value>0.111023</Value>
				</NamedMeasurement>
				<NamedMeasurement type="numeric/double" name="Processors">
					<Value>1</Value>
				</NamedMeasurement>
				<NamedMeasurement type="text/string" name="Completion Status">
					<Value>Completed</Value>
				</NamedMeasurement>
				<NamedMeasurement type="text/string" name="Command Line">
					<Value>Z:\Projects\cyclonedds-cxx\build.windows\bin\ddscxx_tests.exe "--gtest_filter=Condition.create"</Value>
				</NamedMeasurement>
				<NamedMeasurement type="text/string" name="Environment">
					<Value>PATH=C:\Users\k0ekk0ek\.conan\data\gtest\1.8.1\_\_\package\3f0ace30056da8c8008a05842de931e7808916f6\bin;C:\Users\k0ekk0ek\.conan\data\gtest\1.8.1\_\_\package\3f0ace30056da8c8008a05842de931e7808916f6\bin;Z:\Projects\cyclonedds\build.windows\install\bin
#CTEST_RESOURCE_GROUP_COUNT=</Value>
				</NamedMeasurement>
				<Measurement>
					<Value encoding="base64" compression="gzip">eJyNUNFqwjAUfe9X3Ed9aEln7aIgbLghbOCk256MlJjclkCajCSdv7/aimziwHNfAufk3HNu0RqjTA0NV2Y0hsrZBpZz9sIOTAhVboo4y/PsIWOJsIYbJnngrA7oA0sTmqSs7GbfKi3ZpCJc4ISQaS45FZQQysmUZncSZ5MU7ymhszSvcuZt6wSWvt1XVkt0rLa21tibeicG+/KYKBEiWtuAc1j1EvjoGKiUDuhgAUtrpArKdjqHPGC0XZyxg+JULYXQ/zpWO70F95hE2/iMHay03XM90Gi+lbOmQRPAY4jbrwvxb8tziGgLxecaeuyuZBsYeHu9wsJomkPjxzesOUkh2MD1OLqtRUDuYmkP5u+J/jkNOG6Siz1d/M3j+/vz07HcoE2iH8cgtMU=</Value>
				</Measurement>
			</Results>
		</Test>
		<Test Status="passed">
			<Name>Condition.handler</Name>
			<Path>./src/ddscxx/tests</Path>
			<FullName>./src/ddscxx/tests/Condition.handler</FullName>
			<FullCommandLine>Z:\Projects\cyclonedds-cxx\build.windows\bin\ddscxx_tests.exe "--gtest_filter=Condition.handler"</FullCommandLine>
			<Results>
				<NamedMeasurement type="numeric/double" name="Execution Time">
					<Value>0.0825708</Value>
				</NamedMeasurement>
				<NamedMeasurement type="numeric/double" name="Processors">
					<Value>1</Value>
				</NamedMeasurement>
				<NamedMeasurement type="text/string" name="Completion Status">
					<Value>Completed</Value>
				</NamedMeasurement>
				<NamedMeasurement type="text/string" name="Command Line">
					<Value>Z:\Projects\cyclonedds-cxx\build.windows\bin\ddscxx_tests.exe "--gtest_filter=Condition.handler"</Value>
				</NamedMeasurement>
				<NamedMeasurement type="text/string" name="Environment">
					<Value>PATH=C:\Users\k0ekk0ek\.conan\data\gtest\1.8.1\_\_\package\3f0ace30056da8c8008a05842de931e7808916f6\bin;C:\Users\k0ekk0ek\.conan\data\gtest\1.8.1\_\_\package\3f0ace30056da8c8008a05842de931e7808916f6\bin;Z:\Projects\cyclonedds\build.windows\install\bin
#CTEST_RESOURCE_GROUP_COUNT=</Value>
				</NamedMeasurement>
				<Measurement>
					<Value encoding="base64" compression="gzip">eJyNUNFqwjAUfe9X3Ed9aEi1dlUQNtwQNnDSbU9GSkxuu0CajCSdvz9tRTZx4LkvgXNy7jm3aI1RpoaGKzMYQuVsA4sZe2Z7JoQq10WcZll6nzIirOGGSR44qwP6wBKSk4SVh9m1Sks2rigXOKZ0kkmei5zSnNNJno4kTscJ3uU0nyZZlTFvWyew9O2uslqiY7W1tcbO1DvR25fHRESIaGUDzmDZSeD9wECldEAHc1hYI1VQ1pBPbqRGF23mZ2yhOHVLIHTfjt1Ob8E9kmgTn7GFpbY7rnsazbdy1jRoAngMcft1If5teU4RbaD4WEGH7bVwPQWvL9doGIwyaPzwhkUnKQQbuB5Gt/UIyF0s7d78PdI/xwHHDbnYc8i/fnh7e3o81uu1JPoBPVG1+g==</Value>
				</Measurement>
			</Results>
		</Test>
		<Test Status="passed">
			<Name>Condition.status_condition</Name>
			<Path>./src/ddscxx/tests</Path>
			<FullName>./src/ddscxx/tests/Condition.status_condition</FullName>
			<FullCommandLine>Z:\Projects\cyclonedds-cxx\build.windows\bin\ddscxx_tests.exe "--gtest_filter=Condition.status_condition"</FullCommandLine>
			<Results>
				<NamedMeasurement type="numeric/double" name="Execution Time">
					<Value>0.125787</Value>
				</NamedMeasurement>
				<NamedMeasurement type="numeric/double" name="Processors">
					<Value>1</Value>
				</NamedMeasurement>
				<NamedMeasurement type="text/string" name="Completion Status">
					<Value>Completed</Value>
				</NamedMeasurement>
				<NamedMeasurement type="text/string" name="Command Line">
					<Value>Z:\Projects\cyclonedds-cxx\build.windows\bin\ddscxx_tests.exe "--gtest_filter=Condition.status_condition"</Value>
				</NamedMeasurement>
				<NamedMeasurement type="text/string" name="Environment">
					<Value>PATH=C:\Users\k0ekk0ek\.conan\data\gtest\1.8.1\_\_\package\3f0ace30056da8c8008a05842de931e7808916f6\bin;C:\Users\k0ekk0ek\.conan\data\gtest\1.8.1\_\_\package\3f0ace30056da8c8008a05842de931e7808916f6\bin;Z:\Projects\cyclonedds\build.windows\install\bin
#CTEST_RESOURCE_GROUP_COUNT=</Value>
				</NamedMeasurement>
				<Measurement>
					<Value encoding="base64" compression="gzip">eJyNkFFrwjAUhd/7K+6jPjSks3ZREDbcEDZwUrcnIyWmaQmkyUhu59+fts4NYeLNS8j9cs49N2+t1baGRmg7GELlXQPzKX/hey6lLlZ5nGZZ+pByIp0VlpcCBa9RBeQJYSThxeHsWm1KPqqokGpE6TgrBZOMUibomKV3pZqMEnXPKJskWZXx4FovVRHaXeVMqTyvnauN6kSDl718cZyISBktHaopLDoE3g8dqLRB5WEGc2dLjdpZElBgGwr58xBtZufaQn4KmQB2/48hT3cpgiLRJj7XFhbG7YTp28p+ae9soyxCUBi3nxfwX8n5rzvkH0voant1yp6Bt9erHAwyBk0Y3mB9QgEdCjOMbkuGSvi4dPuLtf2zLvDCkgufQ5DV43r9/HQM3LMk+gbeucHQ====</Value>
				</Measurement>
			</Results>
		</Test>
		<Test Status="passed">
			<Name>Condition.status_condition_entity</Name>
			<Path>./src/ddscxx/tests</Path>
			<FullName>./src/ddscxx/tests/Condition.status_condition_entity</FullName>
			<FullCommandLine>Z:\Projects\cyclonedds-cxx\build.windows\bin\ddscxx_tests.exe "--gtest_filter=Condition.status_condition_entity"</FullCommandLine>
			<Results>
				<NamedMeasurement type="numeric/double" name="Execution Time">
					<Value>0.115686</Value>
				</NamedMeasurement>
				<NamedMeasurement type="numeric/double" name="Processors">
					<Value>1</Value>
				</NamedMeasurement>
				<NamedMeasurement type="text/string" name="Completion Status">
					<Value>Completed</Value>
				</NamedMeasurement>
				<NamedMeasurement type="text/string" name="Command Line">
					<Value>Z:\Projects\cyclonedds-cxx\build.windows\bin\ddscxx_tests.exe "--gtest_filter=Condition.status_condition_entity"</Value>
				</NamedMeasurement>
				<NamedMeasurement type="text/string" name="Environment">
					<Value>PATH=C:\Users\k0ekk0ek\.conan\data\gtest\1.8.1\_\_\package\3f0ace30056da8c8008a05842de931e7808916f6\bin;C:\Users\k0ekk0ek\.conan\data\gtest\1.8.1\_\_\package\3f0ace30056da8c8008a05842de931e7808916f6\bin;Z:\Projects\cyclonedds\build.windows\install\bin
#CTEST_RESOURCE_GROUP_COUNT=</Value>
				</NamedMeasurement>
				<Measurement>
					<Value encoding="base64" compression="gzip">eJyNkFFrwjAUhd/7K+6jPjSks3ZVEDbcEDZwUt2TkRLTtATSZCS3k/371dbJJgx68hJyP07OuVljjDIV1FyZ0RhKZ2tYztkLOzEhVL7JwjhJ4oeYEWENN6zgyFmF0iOLSEoilrfn2ChdsElJuZATSqdJwVORUppyOk3ju0LOJpG8T2k6i5IyYd42TsjcN8fS6kI6VllbadmZeid6+/yciAgRrC3KOaw6BHbtBEqlUTpYwNKaQqGyhnjk2Phc/Dzk0qDCr2C/uOoA2aVrBNjZnLte7oJ7SYJ9eNUBVtoeue7H0nwqZ03duoKXGDYfN/Bvy2uqYA/Z+xo6HYaE7VF4ex2CwyieQe3HA4JcUECLXI+DYT1RchcW9mT+LvGf5YHjhtz80/bZPG63z0/n+j1Lgm/Y6srB====</Value>
				</Measurement>
			</Results>
		</Test>
		<Test Status="passed">
			<Name>Condition.guard_condition</Name>
			<Path>./src/ddscxx/tests</Path>
			<FullName>./src/ddscxx/tests/Condition.guard_condition</FullName>
			<FullCommandLine>Z:\Projects\cyclonedds-cxx\build.windows\bin\ddscxx_tests.exe "--gtest_filter=Condition.guard_condition"</FullCommandLine>
			<Results>
				<NamedMeasurement type="numeric/double" name="Execution Time">
					<Value>0.115525</Value>
				</NamedMeasurement>
				<NamedMeasurement type="numeric/double" name="Processors">
					<Value>1</Value>
				</NamedMeasurement>
				<NamedMeasurement type="text/string" name="Completion Status">
					<Value>Completed</Value>
				</NamedMeasurement>
				<NamedMeasurement type="text/string" name="Command Line">
					<Value>Z:\Projects\cyclonedds-cxx\build.windows\bin\ddscxx_tests.exe "--gtest_filter=Condition.guard_condition"</Value>
				</NamedMeasurement>
				<NamedMeasurement type="text/string" name="Environment">
					<Value>PATH=C:\Users\k0ekk0ek\.conan\data\gtest\1.8.1\_\_\package\3f0ace30056da8c8008a05842de931e7808916f6\bin;C:\Users\k0ekk0ek\.conan\data\gtest\1.8.1\_\_\package\3f0ace30056da8c8008a05842de931e7808916f6\bin;Z:\Projects\cyclonedds\build.windows\install\bin
#CTEST_RESOURCE_GROUP_COUNT=</Value>
				</NamedMeasurement>
				<Measurement>
					<Value encoding="base64" compression="gzip">eJyNkFFrwjAUhd/7K+6jPjSks3ZREDbcEDZwUrcnIyUmtyWQJiNN59+fts4NYeLNS8L9cs49N2+t1baCWmg7GELpXQ3zKX/hey6lLlZ5nGZZ+pByIp0VlisRBK8CNoEnhJGEF4eza7VRfFRSIXFE6ThTgklGKRN0zNI7hZNRgveMskmSlRlvXOslFk27K51R6HnlXGWwE2287OWL40REymjpAk5h0SHwfuhAqU1ADzOYO6t00M6SqhVeFfLnHW1m59pCfsqYQOi+HzOe7lI0SKJNfK4tLIzbCdO30X5p72yNNkCDIW4/L+C/kvNfd8g/ltDV9tqQPQJvr9cwGIxTqJvhDcYnFIILwgyj23IFFD5Wbn+xtH+WBV5YcuFzyLF6XK+fn45xe5ZE37xtwA4=</Value>
				</Measurement>
			</Results>
		</Test>
		<Test Status="passed">
			<Name>Condition.read_condition</Name>
			<Path>./src/ddscxx/tests</Path>
			<FullName>./src/ddscxx/tests/Condition.read_condition</FullName>
			<FullCommandLine>Z:\Projects\cyclonedds-cxx\build.windows\bin\ddscxx_tests.exe "--gtest_filter=Condition.read_condition"</FullCommandLine>
			<Results>
				<NamedMeasurement type="numeric/double" name="Execution Time">
					<Value>0.119124</Value>
				</NamedMeasurement>
				<NamedMeasurement type="numeric/double" name="Processors">
					<Value>1</Value>
				</NamedMeasurement>
				<NamedMeasurement type="text/string" name="Completion Status">
					<Value>Completed</Value>
				</NamedMeasurement>
				<NamedMeasurement type="text/string" name="Command Line">
					<Value>Z:\Projects\cyclonedds-cxx\build.windows\bin\ddscxx_tests.exe "--gtest_filter=Condition.read_condition"</Value>
				</NamedMeasurement>
				<NamedMeasurement type="text/string" name="Environment">
					<Value>PATH=C:\Users\k0ekk0ek\.conan\data\gtest\1.8.1\_\_\package\3f0ace30056da8c8008a05842de931e7808916f6\bin;C:\Users\k0ekk0ek\.conan\data\gtest\1.8.1\_\_\package\3f0ace30056da8c8008a05842de931e7808916f6\bin;Z:\Projects\cyclonedds\build.windows\install\bin
#CTEST_RESOURCE_GROUP_COUNT=</Value>
				</NamedMeasurement>
				<Measurement>
					<Value encoding="base64" compression="gzip">eJyNkFFrwjAUhd/7K+6jPjSks9YqCBtuCBs46bYnIyUmtyWQJiNJ59+fts4NYeLNS8L9cs49t2iNUaaGhiszGELlbAOLGXtmeyaEKtdFnGZZep8yIqzhhkkeOKsD+sASkpOElYeza5WWbFRRLnBE6TiTPBc5pTmn4zy9kzgdJTjJaT5Nsipj3rZOYOnbXWW1RMdqa2uNnah3opcvjxMRIaKVDTiDZYfA+6EDldIBHcxhYY1UQVlDHHJZip9ntJmfawvFKWICoft9jHi6C+6RRJv4XFtYarvjum+j+VLOmgZNAI8hbj8v4L+Si193KD5W0NX2yow9Aa8vVygYjCfQ+OENticUgg1cD6PbUgXkLpZ2f7Gyf1YFjhty4XOIsX54e3t6PIbtWRJ9A/4MvrI=</Value>
				</Measurement>
			</Results>
		</Test>
		<Test Status="passed">
			<Name>Condition.read_condition_functor</Name>
			<Path>./src/ddscxx/tests</Path>
			<FullName>./src/ddscxx/tests/Condition.read_condition_functor</FullName>
			<FullCommandLine>Z:\Projects\cyclonedds-cxx\build.windows\bin\ddscxx_tests.exe "--gtest_filter=Condition.read_condition_functor"</FullCommandLine>
			<Results>
				<NamedMeasurement type="numeric/double" name="Execution Time">
					<Value>0.1313</Value>
				</NamedMeasurement>
				<NamedMeasurement type="numeric/double" name="Processors">
					<Value>1</Value>
				</NamedMeasurement>
				<NamedMeasurement type="text/string" name="Completion Status">
					<Value>Completed</Value>
				</NamedMeasurement>
				<NamedMeasurement type="text/string" name="Command Line">
					<Value>Z:\Projects\cyclonedds-cxx\build.windows\bin\ddscxx_tests.exe "--gtest_filter=Condition.read_condition_functor"</Value>
				</NamedMeasurement>
				<NamedMeasurement type="text/string" name="Environment">
					<Value>PATH=C:\Users\k0ekk0ek\.conan\data\gtest\1.8.1\_\_\package\3f0ace30056da8c8008a05842de931e7808916f6\bin;C:\Users\k0ekk0ek\.conan\data\gtest\1.8.1\_\_\package\3f0ace30056da8c8008a05842de931e7808916f6\bin;Z:\Projects\cyclonedds\build.windows\install\bin
#CTEST_RESOURCE_GROUP_COUNT=</Value>
				</NamedMeasurement>
				<Measurement>
					<Value encoding="base64" compression="gzip">eJyNkFFrwjAUhd/7K+6jPjS0WmsVhA03hA2c1O3JSInJbQmkyUjS+fenrSubMOjJS8L9ODnn5o3WUldQM6lHYyitqWG9pC/0TDmXxS4PkzRNHhJKuNFMU8E8o5VH52lMMhLT4nJOjVSCTsuIcZxG0SwVLONZFGUsmmXJROBiGuM8i7JFnJYpdaaxHAvXnEqjBFpaGVMpbE2d5Z19cU1EOA+2xuMSNi0C75cJlFJ5tLCCtdFCemk0schEwX+eRdlo7o0NDqteR8hvVWPwrcu16u3OmUMSHMJeR9goc2KqG6P+ktboGrUHhz5sPu/g35Z9qOAA+ccWWh0HZO1IeHsdQMNoPoHajQfEuKHgjWdqHAxr6ZHZUJiz/rvCf1YHlmly98+lzu5xv39+upbvWBJ8A1gUyMk=</Value>
				</Measurement>
			</Results>
		</Test>
		<Test Status="passed">
			<Name>Condition.query_condition</Name>
			<Path>./src/ddscxx/tests</Path>
			<FullName>./src/ddscxx/tests/Condition.query_condition</FullName>
			<FullCommandLine>Z:\Projects\cyclonedds-cxx\build.windows\bin\ddscxx_tests.exe "--gtest_filter=Condition.query_condition"</FullCommandLine>
			<Results>
				<NamedMeasurement type="numeric/double" name="Execution Time">
					<Value>0.104585</Value>
				</NamedMeasurement>
				<NamedMeasurement type="numeric/double" name="Processors">
					<Value>1</Value>
				</NamedMeasurement>
				<NamedMeasurement type="text/string" name="Completion Status">
					<Value>Completed</Value>
				</NamedMeasurement>
				<NamedMeasurement type="text/string" name="Command Line">
					<Value>Z:\Projects\cyclonedds-cxx\build.windows\bin\ddscxx_tests.exe "--gtest_filter=Condition.query_condition"</Value>
				</NamedMeasurement>
				<NamedMeasurement type="text/string" name="Environment">
					<Value>PATH=C:\Users\k0ekk0ek\.conan\data\gtest\1.8.1\_\_\package\3f0ace30056da8c8008a05842de931e7808916f6\bin;C:\Users\k0ekk0ek\.conan\data\gtest\1.8.1\_\_\package\3f0ace30056da8c8008a05842de931e7808916f6\bin;Z:\Projects\cyclonedds\build.windows\install\bin
#CTEST_RESOURCE_GROUP_COUNT=</Value>
				</NamedMeasurement>
				<Measurement>
					<Value encoding="base64" compression="gzip">eJyNkFFrwjAUhd/7K+6jPjSkWrsqCBtuCBs4qduTkRLT2xJIky1JJ/v301bdECbevCTcL+fcc7NGa6krqLnUvT6U1tQwm7BntmNCyHyZhXGSxPcxI8JorlnBPWeVR+dZRFISsXx/to1UBRuWlAscUjpKCp6KlNKU01EaDwocDyO8S2k6jpIyYc40VmDumm1pVIGWVcZUCltRZ0Unnx8mIkIEC+NxAvMWgbd9B0qpPFqYwszoQnppNPls0H7n4vQO1tNzbSA7ZozAt98PGY93wR2SYB2eawNzZbZcdW3UX9IaXaP24NCHzccF/Fdy9usO2fsC2tpcG7JD4PXlGga90QBq17/B+IiCN56rfnBbLo/choXZXSztn2WB5Zpc+OxzLB9Wq6fHQ9yOJcEPKxvAcQ==</Value>
				</Measurement>
			</Results>
		</Test>
		<Test Status="passed">
			<Name>Condition.conversion_null</Name>
			<Path>./src/ddscxx/tests</Path>
			<FullName>./src/ddscxx/tests/Condition.conversion_null</FullName>
			<FullCommandLine>Z:\Projects\cyclonedds-cxx\build.windows\bin\ddscxx_tests.exe "--gtest_filter=Condition.conversion_null"</FullCommandLine>
			<Results>
				<NamedMeasurement type="numeric/double" name="Execution Time">
					<Value>0.0977405</Value>
				</NamedMeasurement>
				<NamedMeasurement type="numeric/double" name="Processors">
					<Value>1</Value>
				</NamedMeasurement>
				<NamedMeasurement type="text/string" name="Completion Status">
					<Value>Completed</Value>
				</NamedMeasurement>
				<NamedMeasurement type="text/string" name="Command Line">
					<Value>Z:\Projects\cyclonedds-cxx\build.windows\bin\ddscxx_tests.exe "--gtest_filter=Condition.conversion_null"</Value>
				</NamedMeasurement>
				<NamedMeasurement type="text/string" name="Environment">
					<Value>PATH=C:\Users\k0ekk0ek\.conan\data\gtest\1.8.1\_\_\package\3f0ace30056da8c8008a05842de931e7808916f6\bin;C:\Users\k0ekk0ek\.conan\data\gtest\1.8.1\_\_\package\3f0ace30056da8c8008a05842de931e7808916f6\bin;Z:\Projects\cyclonedds\build.windows\install\bin
#CTEST_RESOURCE_GROUP_COUNT=</Value>
				</NamedMeasurement>
				<Measurement>
					<Value encoding="base64" compression="gzip">eJyNkF9rwjAUxd/7Ke6jPrS0a+2iIGy4IWzgpG5PppSY3pZAmowk1a+//hHZhIknLxfuL/eec7NWKaFqaJhQkylURjewWtA3eqKci2Kb+UmaJk8JDbhWTNGSOUZrh9bRKCBBRIvuHVohSxpXIeMYh+EsLRnhJAwJC2ckeShxHkf4SEIyj9IqpVa3hmNh20OlZYmG1lrXEoeh1vBxfNE7Cjj3NtrhAtYDAp9dByohHRpYwkqrUjihVW/uiMZ2ZaFaKb398qIcsnPGCNzwvc94rjmzGHh7/6Ic1lIfmBzbqI7CaNWgcmDR+e33Ffx75MWNt4fsawOD8lsmRwQ+3m9hMEliaOz0jsVnFJx2TE69+3I5ZMYv9Un9Pdo/xwLDVHC1p8uxfd7tXl/6uCMbeD82+sB9====</Value>
				</Measurement>
			</Results>
		</Test>
		<Test Status="passed">
			<Name>Condition.conversion</Name>
			<Path>./src/ddscxx/tests</Path>
			<FullName>./src/ddscxx/tests/Condition.conversion</FullName>
			<FullCommandLine>Z:\Projects\cyclonedds-cxx\build.windows\bin\ddscxx_tests.exe "--gtest_filter=Condition.conversion"</FullCommandLine>
			<Results>
				<NamedMeasurement type="numeric/double" name="Execution Time">
					<Value>0.074604</Value>
				</NamedMeasurement>
				<NamedMeasurement type="numeric/double" name="Processors">
					<Value>1</Value>
				</NamedMeasurement>
				<NamedMeasurement type="text/string" name="Completion Status">
					<Value>Completed</Value>
				</NamedMeasurement>
				<NamedMeasurement type="text/string" name="Command Line">
					<Value>Z:\Projects\cyclonedds-cxx\build.windows\bin\ddscxx_tests.exe "--gtest_filter=Condition.conversion"</Value>
				</NamedMeasurement>
				<NamedMeasurement type="text/string" name="Environment">
					<Value>PATH=C:\Users\k0ekk0ek\.conan\data\gtest\1.8.1\_\_\package\3f0ace30056da8c8008a05842de931e7808916f6\bin;C:\Users\k0ekk0ek\.conan\data\gtest\1.8.1\_\_\package\3f0ace30056da8c8008a05842de931e7808916f6\bin;Z:\Projects\cyclonedds\build.windows\install\bin
#CTEST_RESOURCE_GROUP_COUNT=</Value>
				</NamedMeasurement>
				<Measurement>
					<Value encoding="base64" compression="gzip">eJyNUF1rwjAUfe+vuI/60NBq7aIgbLghbOCkbk9GSkxvSyBNRpLq318/REQQPHm5cE7OPedmjdZSV1BzqUdjKK2pYbVgn+zMhJD5NguTNE1eE0aE0VyzgnvOKo/Os5hQErO8fcdGqoJNy4gLnEbRLC04FTSKKI9mNJkUOJ/G+EIjOo/TMmXONFZg7ppjaVSBllXGVAp7U2fFYJ93iYgQwcZ4XMC6l8BPy0AplUcLS1gZXUgvje7CndC6dgz2yysOkF3qxeD7n129yyy4QxLswysOsFbmyNVAoz5Ja3SN2oNDHzZ/d+Jby2uQYA/Z7wZ6HB7kG1j4/nqggNFkArUbP7HuIgVvPFfj4Lk2HrkNC3O+O9WDE4HlmtztaSts33a7j/eu5KAlwT9AVrom====</Value>
				</Measurement>
			</Results>
		</Test>
		<Test Status="passed">
			<Name>Condition.conversion_invalid</Name>
			<Path>./src/ddscxx/tests</Path>
			<FullName>./src/ddscxx/tests/Condition.conversion_invalid</FullName>
			<FullCommandLine>Z:\Projects\cyclonedds-cxx\build.windows\bin\ddscxx_tests.exe "--gtest_filter=Condition.conversion_invalid"</FullCommandLine>
			<Results>
				<NamedMeasurement type="numeric/double" name="Execution Time">
					<Value>0.109811</Value>
				</NamedMeasurement>
				<NamedMeasurement type="numeric/double" name="Processors">
					<Value>1</Value>
				</NamedMeasurement>
				<NamedMeasurement type="text/string" name="Completion Status">
					<Value>Completed</Value>
				</NamedMeasurement>
				<NamedMeasurement type="text/string" name="Command Line">
					<Value>Z:\Projects\cyclonedds-cxx\build.windows\bin\ddscxx_tests.exe "--gtest_filter=Condition.conversion_invalid"</Value>
				</NamedMeasurement>
				<NamedMeasurement type="text/string" name="Environment">
					<Value>PATH=C:\Users\k0ekk0ek\.conan\data\gtest\1.8.1\_\_\package\3f0ace30056da8c8008a05842de931e7808916f6\bin;C:\Users\k0ekk0ek\.conan\data\gtest\1.8.1\_\_\package\3f0ace30056da8c8008a05842de931e7808916f6\bin;Z:\Projects\cyclonedds\build.windows\install\bin
#CTEST_RESOURCE_GROUP_COUNT=</Value>
				</NamedMeasurement>
				<Measurement>
					<Value encoding="base64" compression="gzip">eJyNkE9rwkAQxe/5FHPUQ0JSkzQKQostQgtWYntyQ1h3J2Fhs1t2N/r1mz8irVB05jIwP968N3mrlFA1NFSoyRQqoxtYLcgbORHGRLnN/ThN46eYBEwrqginjpLaoXUkCrIgImXXh1ZITmZVSBnOwjBJOc1YFoYZDZMsfuA4n0X4mIXZPEqrlFjdGoalbQ+VlhwNqbWuJQ6i1rBRvuwdBYx5G+1wAesBgc9uA5WQDg0sYaUVF05o1Zs7orHdWAp1pFJwb7+8VAH5OWYEblDoY55nRi0G3t6/VAFrqQ9UjmtUR2G0alA5sOj89vsK/i15MeTtIf/awFDFDZ8jBR/vN0iYJAk0dnrH+TMKTjsqp9596RxS43N9Un9f98/LwFAVXN3pomyfd7vXlz70yAbeD+UCxAo=</Value>
				</Measurement>
			</Results>
		</Test>
		<EndDateTime>May 14 11:31 Pacific Daylight Time</EndDateTime>
		<EndTestTime>1621017077</EndTestTime>
		<ElapsedMinutes>1</ElapsedMinutes>
	</Testing>
</Site>
