Start testing: May 14 11:30 Pacific Daylight Time
----------------------------------------------------------
1/447 Testing: EntityStatus.publication_matched
1/447 Test: EntityStatus.publication_matched
Command: "Z:/Projects/cyclonedds-cxx/build.windows/bin/ddscxx_tests.exe" "--gtest_filter=EntityStatus.publication_matched"
Directory: Z:/Projects/cyclonedds-cxx/build.windows/src/ddscxx/tests
"EntityStatus.publication_matched" start time: May 14 11:30 Pacific Daylight Time
Output:
----------------------------------------------------------
Running main() from C:\J\w\cci_PR-4664@4\.conan\data\gtest\1.8.1\_\_\build\3f0ace30056da8c8008a05842de931e7808916f6\source_subfolder\googletest\src\gtest_main.cc
Note: Google Test filter = EntityStatus.publication_matched
[==========] Running 1 test from 1 test case.
[----------] Global test environment set-up.
[----------] 1 test from EntityStatus
[ RUN      ] EntityStatus.publication_matched
[       OK ] EntityStatus.publication_matched (49 ms)
[----------] 1 test from EntityStatus (50 ms total)

[----------] Global test environment tear-down
[==========] 1 test from 1 test case ran. (50 ms total)
[  PASSED  ] 1 test.
<end of output>
Test time =   0.13 sec
----------------------------------------------------------
Test Passed.
"EntityStatus.publication_matched" end time: May 14 11:30 Pacific Daylight Time
"EntityStatus.publication_matched" time elapsed: 00:00:00
----------------------------------------------------------

2/447 Testing: EntityStatus.subscription_matched
2/447 Test: EntityStatus.subscription_matched
Command: "Z:/Projects/cyclonedds-cxx/build.windows/bin/ddscxx_tests.exe" "--gtest_filter=EntityStatus.subscription_matched"
Directory: Z:/Projects/cyclonedds-cxx/build.windows/src/ddscxx/tests
"EntityStatus.subscription_matched" start time: May 14 11:30 Pacific Daylight Time
Output:
----------------------------------------------------------
Running main() from C:\J\w\cci_PR-4664@4\.conan\data\gtest\1.8.1\_\_\build\3f0ace30056da8c8008a05842de931e7808916f6\source_subfolder\googletest\src\gtest_main.cc
Note: Google Test filter = EntityStatus.subscription_matched
[==========] Running 1 test from 1 test case.
[----------] Global test environment set-up.
[----------] 1 test from EntityStatus
[ RUN      ] EntityStatus.subscription_matched
[       OK ] EntityStatus.subscription_matched (52 ms)
[----------] 1 test from EntityStatus (52 ms total)

[----------] Global test environment tear-down
[==========] 1 test from 1 test case ran. (52 ms total)
[  PASSED  ] 1 test.
<end of output>
Test time =   0.13 sec
----------------------------------------------------------
Test Passed.
"EntityStatus.subscription_matched" end time: May 14 11:30 Pacific Daylight Time
"EntityStatus.subscription_matched" time elapsed: 00:00:00
----------------------------------------------------------

3/447 Testing: EntityStatus.incompatible_qos
3/447 Test: EntityStatus.incompatible_qos
Command: "Z:/Projects/cyclonedds-cxx/build.windows/bin/ddscxx_tests.exe" "--gtest_filter=EntityStatus.incompatible_qos"
Directory: Z:/Projects/cyclonedds-cxx/build.windows/src/ddscxx/tests
"EntityStatus.incompatible_qos" start time: May 14 11:30 Pacific Daylight Time
Output:
----------------------------------------------------------
Running main() from C:\J\w\cci_PR-4664@4\.conan\data\gtest\1.8.1\_\_\build\3f0ace30056da8c8008a05842de931e7808916f6\source_subfolder\googletest\src\gtest_main.cc
Note: Google Test filter = EntityStatus.incompatible_qos
[==========] Running 1 test from 1 test case.
[----------] Global test environment set-up.
[----------] 1 test from EntityStatus
[ RUN      ] EntityStatus.incompatible_qos
[       OK ] EntityStatus.incompatible_qos (49 ms)
[----------] 1 test from EntityStatus (49 ms total)

[----------] Global test environment tear-down
[==========] 1 test from 1 test case ran. (49 ms total)
[  PASSED  ] 1 test.
<end of output>
Test time =   0.12 sec
----------------------------------------------------------
Test Passed.
"EntityStatus.incompatible_qos" end time: May 14 11:30 Pacific Daylight Time
"EntityStatus.incompatible_qos" time elapsed: 00:00:00
----------------------------------------------------------

4/447 Testing: EntityStatus.sample_lost
4/447 Test: EntityStatus.sample_lost
Command: "Z:/Projects/cyclonedds-cxx/build.windows/bin/ddscxx_tests.exe" "--gtest_filter=EntityStatus.sample_lost"
Directory: Z:/Projects/cyclonedds-cxx/build.windows/src/ddscxx/tests
"EntityStatus.sample_lost" start time: May 14 11:30 Pacific Daylight Time
Output:
----------------------------------------------------------
Running main() from C:\J\w\cci_PR-4664@4\.conan\data\gtest\1.8.1\_\_\build\3f0ace30056da8c8008a05842de931e7808916f6\source_subfolder\googletest\src\gtest_main.cc
Note: Google Test filter = EntityStatus.sample_lost
[==========] Running 1 test from 1 test case.
[----------] Global test environment set-up.
[----------] 1 test from EntityStatus
[ RUN      ] EntityStatus.sample_lost
[       OK ] EntityStatus.sample_lost (29 ms)
[----------] 1 test from EntityStatus (29 ms total)

[----------] Global test environment tear-down
[==========] 1 test from 1 test case ran. (29 ms total)
[  PASSED  ] 1 test.
<end of output>
Test time =   0.10 sec
----------------------------------------------------------
Test Passed.
"EntityStatus.sample_lost" end time: May 14 11:30 Pacific Daylight Time
"EntityStatus.sample_lost" time elapsed: 00:00:00
----------------------------------------------------------

5/447 Testing: EntityStatus.sample_rejected
5/447 Test: EntityStatus.sample_rejected
Command: "Z:/Projects/cyclonedds-cxx/build.windows/bin/ddscxx_tests.exe" "--gtest_filter=EntityStatus.sample_rejected"
Directory: Z:/Projects/cyclonedds-cxx/build.windows/src/ddscxx/tests
"EntityStatus.sample_rejected" start time: May 14 11:30 Pacific Daylight Time
Output:
----------------------------------------------------------
Running main() from C:\J\w\cci_PR-4664@4\.conan\data\gtest\1.8.1\_\_\build\3f0ace30056da8c8008a05842de931e7808916f6\source_subfolder\googletest\src\gtest_main.cc
Note: Google Test filter = EntityStatus.sample_rejected
[==========] Running 1 test from 1 test case.
[----------] Global test environment set-up.
[----------] 1 test from EntityStatus
[ RUN      ] EntityStatus.sample_rejected
[       OK ] EntityStatus.sample_rejected (54 ms)
[----------] 1 test from EntityStatus (54 ms total)

[----------] Global test environment tear-down
[==========] 1 test from 1 test case ran. (54 ms total)
[  PASSED  ] 1 test.
<end of output>
Test time =   0.12 sec
----------------------------------------------------------
Test Passed.
"EntityStatus.sample_rejected" end time: May 14 11:30 Pacific Daylight Time
"EntityStatus.sample_rejected" time elapsed: 00:00:00
----------------------------------------------------------

6/447 Testing: EntityStatus.liveliness_changed
6/447 Test: EntityStatus.liveliness_changed
Command: "Z:/Projects/cyclonedds-cxx/build.windows/bin/ddscxx_tests.exe" "--gtest_filter=EntityStatus.liveliness_changed"
Directory: Z:/Projects/cyclonedds-cxx/build.windows/src/ddscxx/tests
"EntityStatus.liveliness_changed" start time: May 14 11:30 Pacific Daylight Time
Output:
----------------------------------------------------------
Running main() from C:\J\w\cci_PR-4664@4\.conan\data\gtest\1.8.1\_\_\build\3f0ace30056da8c8008a05842de931e7808916f6\source_subfolder\googletest\src\gtest_main.cc
Note: Google Test filter = EntityStatus.liveliness_changed
[==========] Running 1 test from 1 test case.
[----------] Global test environment set-up.
[----------] 1 test from EntityStatus
[ RUN      ] EntityStatus.liveliness_changed
[       OK ] EntityStatus.liveliness_changed (44 ms)
[----------] 1 test from EntityStatus (45 ms total)

[----------] Global test environment tear-down
[==========] 1 test from 1 test case ran. (45 ms total)
[  PASSED  ] 1 test.
<end of output>
Test time =   0.12 sec
----------------------------------------------------------
Test Passed.
"EntityStatus.liveliness_changed" end time: May 14 11:30 Pacific Daylight Time
"EntityStatus.liveliness_changed" time elapsed: 00:00:00
----------------------------------------------------------

7/447 Testing: Listener.participant_with_listener
7/447 Test: Listener.participant_with_listener
Command: "Z:/Projects/cyclonedds-cxx/build.windows/bin/ddscxx_tests.exe" "--gtest_filter=Listener.participant_with_listener"
Directory: Z:/Projects/cyclonedds-cxx/build.windows/src/ddscxx/tests
"Listener.participant_with_listener" start time: May 14 11:30 Pacific Daylight Time
Output:
----------------------------------------------------------
Running main() from C:\J\w\cci_PR-4664@4\.conan\data\gtest\1.8.1\_\_\build\3f0ace30056da8c8008a05842de931e7808916f6\source_subfolder\googletest\src\gtest_main.cc
Note: Google Test filter = Listener.participant_with_listener
[==========] Running 1 test from 1 test case.
[----------] Global test environment set-up.
[----------] 1 test from Listener
[ RUN      ] Listener.participant_with_listener
[       OK ] Listener.participant_with_listener (23 ms)
[----------] 1 test from Listener (23 ms total)

[----------] Global test environment tear-down
[==========] 1 test from 1 test case ran. (23 ms total)
[  PASSED  ] 1 test.
<end of output>
Test time =   0.10 sec
----------------------------------------------------------
Test Passed.
"Listener.participant_with_listener" end time: May 14 11:30 Pacific Daylight Time
"Listener.participant_with_listener" time elapsed: 00:00:00
----------------------------------------------------------

8/447 Testing: Listener.already_closed_participant
8/447 Test: Listener.already_closed_participant
Command: "Z:/Projects/cyclonedds-cxx/build.windows/bin/ddscxx_tests.exe" "--gtest_filter=Listener.already_closed_participant"
Directory: Z:/Projects/cyclonedds-cxx/build.windows/src/ddscxx/tests
"Listener.already_closed_participant" start time: May 14 11:30 Pacific Daylight Time
Output:
----------------------------------------------------------
Running main() from C:\J\w\cci_PR-4664@4\.conan\data\gtest\1.8.1\_\_\build\3f0ace30056da8c8008a05842de931e7808916f6\source_subfolder\googletest\src\gtest_main.cc
Note: Google Test filter = Listener.already_closed_participant
[==========] Running 1 test from 1 test case.
[----------] Global test environment set-up.
[----------] 1 test from Listener
[ RUN      ] Listener.already_closed_participant
[       OK ] Listener.already_closed_participant (45 ms)
[----------] 1 test from Listener (45 ms total)

[----------] Global test environment tear-down
[==========] 1 test from 1 test case ran. (45 ms total)
[  PASSED  ] 1 test.
<end of output>
Test time =   0.11 sec
----------------------------------------------------------
Test Passed.
"Listener.already_closed_participant" end time: May 14 11:30 Pacific Daylight Time
"Listener.already_closed_participant" time elapsed: 00:00:00
----------------------------------------------------------

9/447 Testing: Listener.participant_without_listener
9/447 Test: Listener.participant_without_listener
Command: "Z:/Projects/cyclonedds-cxx/build.windows/bin/ddscxx_tests.exe" "--gtest_filter=Listener.participant_without_listener"
Directory: Z:/Projects/cyclonedds-cxx/build.windows/src/ddscxx/tests
"Listener.participant_without_listener" start time: May 14 11:30 Pacific Daylight Time
Output:
----------------------------------------------------------
Running main() from C:\J\w\cci_PR-4664@4\.conan\data\gtest\1.8.1\_\_\build\3f0ace30056da8c8008a05842de931e7808916f6\source_subfolder\googletest\src\gtest_main.cc
Note: Google Test filter = Listener.participant_without_listener
[==========] Running 1 test from 1 test case.
[----------] Global test environment set-up.
[----------] 1 test from Listener
[ RUN      ] Listener.participant_without_listener
[       OK ] Listener.participant_without_listener (31 ms)
[----------] 1 test from Listener (31 ms total)

[----------] Global test environment tear-down
[==========] 1 test from 1 test case ran. (31 ms total)
[  PASSED  ] 1 test.
<end of output>
Test time =   0.10 sec
----------------------------------------------------------
Test Passed.
"Listener.participant_without_listener" end time: May 14 11:30 Pacific Daylight Time
"Listener.participant_without_listener" time elapsed: 00:00:00
----------------------------------------------------------

10/447 Testing: Listener.topic_without_listener
10/447 Test: Listener.topic_without_listener
Command: "Z:/Projects/cyclonedds-cxx/build.windows/bin/ddscxx_tests.exe" "--gtest_filter=Listener.topic_without_listener"
Directory: Z:/Projects/cyclonedds-cxx/build.windows/src/ddscxx/tests
"Listener.topic_without_listener" start time: May 14 11:30 Pacific Daylight Time
Output:
----------------------------------------------------------
Running main() from C:\J\w\cci_PR-4664@4\.conan\data\gtest\1.8.1\_\_\build\3f0ace30056da8c8008a05842de931e7808916f6\source_subfolder\googletest\src\gtest_main.cc
Note: Google Test filter = Listener.topic_without_listener
[==========] Running 1 test from 1 test case.
[----------] Global test environment set-up.
[----------] 1 test from Listener
[ RUN      ] Listener.topic_without_listener
[       OK ] Listener.topic_without_listener (18 ms)
[----------] 1 test from Listener (18 ms total)

[----------] Global test environment tear-down
[==========] 1 test from 1 test case ran. (18 ms total)
[  PASSED  ] 1 test.
<end of output>
Test time =   0.08 sec
----------------------------------------------------------
Test Passed.
"Listener.topic_without_listener" end time: May 14 11:30 Pacific Daylight Time
"Listener.topic_without_listener" time elapsed: 00:00:00
----------------------------------------------------------

11/447 Testing: Listener.topic_with_listener
11/447 Test: Listener.topic_with_listener
Command: "Z:/Projects/cyclonedds-cxx/build.windows/bin/ddscxx_tests.exe" "--gtest_filter=Listener.topic_with_listener"
Directory: Z:/Projects/cyclonedds-cxx/build.windows/src/ddscxx/tests
"Listener.topic_with_listener" start time: May 14 11:30 Pacific Daylight Time
Output:
----------------------------------------------------------
Running main() from C:\J\w\cci_PR-4664@4\.conan\data\gtest\1.8.1\_\_\build\3f0ace30056da8c8008a05842de931e7808916f6\source_subfolder\googletest\src\gtest_main.cc
Note: Google Test filter = Listener.topic_with_listener
[==========] Running 1 test from 1 test case.
[----------] Global test environment set-up.
[----------] 1 test from Listener
[ RUN      ] Listener.topic_with_listener
[       OK ] Listener.topic_with_listener (29 ms)
[----------] 1 test from Listener (29 ms total)

[----------] Global test environment tear-down
[==========] 1 test from 1 test case ran. (29 ms total)
[  PASSED  ] 1 test.
<end of output>
Test time =   0.09 sec
----------------------------------------------------------
Test Passed.
"Listener.topic_with_listener" end time: May 14 11:30 Pacific Daylight Time
"Listener.topic_with_listener" time elapsed: 00:00:00
----------------------------------------------------------

12/447 Testing: Listener.already_closed_topic
12/447 Test: Listener.already_closed_topic
Command: "Z:/Projects/cyclonedds-cxx/build.windows/bin/ddscxx_tests.exe" "--gtest_filter=Listener.already_closed_topic"
Directory: Z:/Projects/cyclonedds-cxx/build.windows/src/ddscxx/tests
"Listener.already_closed_topic" start time: May 14 11:30 Pacific Daylight Time
Output:
----------------------------------------------------------
Running main() from C:\J\w\cci_PR-4664@4\.conan\data\gtest\1.8.1\_\_\build\3f0ace30056da8c8008a05842de931e7808916f6\source_subfolder\googletest\src\gtest_main.cc
Note: Google Test filter = Listener.already_closed_topic
[==========] Running 1 test from 1 test case.
[----------] Global test environment set-up.
[----------] 1 test from Listener
[ RUN      ] Listener.already_closed_topic
[       OK ] Listener.already_closed_topic (36 ms)
[----------] 1 test from Listener (37 ms total)

[----------] Global test environment tear-down
[==========] 1 test from 1 test case ran. (38 ms total)
[  PASSED  ] 1 test.
<end of output>
Test time =   0.11 sec
----------------------------------------------------------
Test Passed.
"Listener.already_closed_topic" end time: May 14 11:30 Pacific Daylight Time
"Listener.already_closed_topic" time elapsed: 00:00:00
----------------------------------------------------------

13/447 Testing: Listener.publisher_without_listener
13/447 Test: Listener.publisher_without_listener
Command: "Z:/Projects/cyclonedds-cxx/build.windows/bin/ddscxx_tests.exe" "--gtest_filter=Listener.publisher_without_listener"
Directory: Z:/Projects/cyclonedds-cxx/build.windows/src/ddscxx/tests
"Listener.publisher_without_listener" start time: May 14 11:30 Pacific Daylight Time
Output:
----------------------------------------------------------
Running main() from C:\J\w\cci_PR-4664@4\.conan\data\gtest\1.8.1\_\_\build\3f0ace30056da8c8008a05842de931e7808916f6\source_subfolder\googletest\src\gtest_main.cc
Note: Google Test filter = Listener.publisher_without_listener
[==========] Running 1 test from 1 test case.
[----------] Global test environment set-up.
[----------] 1 test from Listener
[ RUN      ] Listener.publisher_without_listener
[       OK ] Listener.publisher_without_listener (43 ms)
[----------] 1 test from Listener (43 ms total)

[----------] Global test environment tear-down
[==========] 1 test from 1 test case ran. (43 ms total)
[  PASSED  ] 1 test.
<end of output>
Test time =   0.12 sec
----------------------------------------------------------
Test Passed.
"Listener.publisher_without_listener" end time: May 14 11:30 Pacific Daylight Time
"Listener.publisher_without_listener" time elapsed: 00:00:00
----------------------------------------------------------

14/447 Testing: Listener.publisher_with_listener
14/447 Test: Listener.publisher_with_listener
Command: "Z:/Projects/cyclonedds-cxx/build.windows/bin/ddscxx_tests.exe" "--gtest_filter=Listener.publisher_with_listener"
Directory: Z:/Projects/cyclonedds-cxx/build.windows/src/ddscxx/tests
"Listener.publisher_with_listener" start time: May 14 11:30 Pacific Daylight Time
Output:
----------------------------------------------------------
Running main() from C:\J\w\cci_PR-4664@4\.conan\data\gtest\1.8.1\_\_\build\3f0ace30056da8c8008a05842de931e7808916f6\source_subfolder\googletest\src\gtest_main.cc
Note: Google Test filter = Listener.publisher_with_listener
[==========] Running 1 test from 1 test case.
[----------] Global test environment set-up.
[----------] 1 test from Listener
[ RUN      ] Listener.publisher_with_listener
[       OK ] Listener.publisher_with_listener (32 ms)
[----------] 1 test from Listener (32 ms total)

[----------] Global test environment tear-down
[==========] 1 test from 1 test case ran. (32 ms total)
[  PASSED  ] 1 test.
<end of output>
Test time =   0.10 sec
----------------------------------------------------------
Test Passed.
"Listener.publisher_with_listener" end time: May 14 11:30 Pacific Daylight Time
"Listener.publisher_with_listener" time elapsed: 00:00:00
----------------------------------------------------------

15/447 Testing: Listener.already_closed_publisher
15/447 Test: Listener.already_closed_publisher
Command: "Z:/Projects/cyclonedds-cxx/build.windows/bin/ddscxx_tests.exe" "--gtest_filter=Listener.already_closed_publisher"
Directory: Z:/Projects/cyclonedds-cxx/build.windows/src/ddscxx/tests
"Listener.already_closed_publisher" start time: May 14 11:30 Pacific Daylight Time
Output:
----------------------------------------------------------
Running main() from C:\J\w\cci_PR-4664@4\.conan\data\gtest\1.8.1\_\_\build\3f0ace30056da8c8008a05842de931e7808916f6\source_subfolder\googletest\src\gtest_main.cc
Note: Google Test filter = Listener.already_closed_publisher
[==========] Running 1 test from 1 test case.
[----------] Global test environment set-up.
[----------] 1 test from Listener
[ RUN      ] Listener.already_closed_publisher
[       OK ] Listener.already_closed_publisher (23 ms)
[----------] 1 test from Listener (23 ms total)

[----------] Global test environment tear-down
[==========] 1 test from 1 test case ran. (23 ms total)
[  PASSED  ] 1 test.
<end of output>
Test time =   0.09 sec
----------------------------------------------------------
Test Passed.
"Listener.already_closed_publisher" end time: May 14 11:30 Pacific Daylight Time
"Listener.already_closed_publisher" time elapsed: 00:00:00
----------------------------------------------------------

16/447 Testing: Listener.subscriber_without_listener
16/447 Test: Listener.subscriber_without_listener
Command: "Z:/Projects/cyclonedds-cxx/build.windows/bin/ddscxx_tests.exe" "--gtest_filter=Listener.subscriber_without_listener"
Directory: Z:/Projects/cyclonedds-cxx/build.windows/src/ddscxx/tests
"Listener.subscriber_without_listener" start time: May 14 11:30 Pacific Daylight Time
Output:
----------------------------------------------------------
Running main() from C:\J\w\cci_PR-4664@4\.conan\data\gtest\1.8.1\_\_\build\3f0ace30056da8c8008a05842de931e7808916f6\source_subfolder\googletest\src\gtest_main.cc
Note: Google Test filter = Listener.subscriber_without_listener
[==========] Running 1 test from 1 test case.
[----------] Global test environment set-up.
[----------] 1 test from Listener
[ RUN      ] Listener.subscriber_without_listener
[       OK ] Listener.subscriber_without_listener (27 ms)
[----------] 1 test from Listener (27 ms total)

[----------] Global test environment tear-down
[==========] 1 test from 1 test case ran. (27 ms total)
[  PASSED  ] 1 test.
<end of output>
Test time =   0.09 sec
----------------------------------------------------------
Test Passed.
"Listener.subscriber_without_listener" end time: May 14 11:30 Pacific Daylight Time
"Listener.subscriber_without_listener" time elapsed: 00:00:00
----------------------------------------------------------

17/447 Testing: Listener.subscriber_with_listener
17/447 Test: Listener.subscriber_with_listener
Command: "Z:/Projects/cyclonedds-cxx/build.windows/bin/ddscxx_tests.exe" "--gtest_filter=Listener.subscriber_with_listener"
Directory: Z:/Projects/cyclonedds-cxx/build.windows/src/ddscxx/tests
"Listener.subscriber_with_listener" start time: May 14 11:30 Pacific Daylight Time
Output:
----------------------------------------------------------
Running main() from C:\J\w\cci_PR-4664@4\.conan\data\gtest\1.8.1\_\_\build\3f0ace30056da8c8008a05842de931e7808916f6\source_subfolder\googletest\src\gtest_main.cc
Note: Google Test filter = Listener.subscriber_with_listener
[==========] Running 1 test from 1 test case.
[----------] Global test environment set-up.
[----------] 1 test from Listener
[ RUN      ] Listener.subscriber_with_listener
[       OK ] Listener.subscriber_with_listener (43 ms)
[----------] 1 test from Listener (43 ms total)

[----------] Global test environment tear-down
[==========] 1 test from 1 test case ran. (43 ms total)
[  PASSED  ] 1 test.
<end of output>
Test time =   0.11 sec
----------------------------------------------------------
Test Passed.
"Listener.subscriber_with_listener" end time: May 14 11:30 Pacific Daylight Time
"Listener.subscriber_with_listener" time elapsed: 00:00:00
----------------------------------------------------------

18/447 Testing: Listener.already_closed_subscriber
18/447 Test: Listener.already_closed_subscriber
Command: "Z:/Projects/cyclonedds-cxx/build.windows/bin/ddscxx_tests.exe" "--gtest_filter=Listener.already_closed_subscriber"
Directory: Z:/Projects/cyclonedds-cxx/build.windows/src/ddscxx/tests
"Listener.already_closed_subscriber" start time: May 14 11:30 Pacific Daylight Time
Output:
----------------------------------------------------------
Running main() from C:\J\w\cci_PR-4664@4\.conan\data\gtest\1.8.1\_\_\build\3f0ace30056da8c8008a05842de931e7808916f6\source_subfolder\googletest\src\gtest_main.cc
Note: Google Test filter = Listener.already_closed_subscriber
[==========] Running 1 test from 1 test case.
[----------] Global test environment set-up.
[----------] 1 test from Listener
[ RUN      ] Listener.already_closed_subscriber
[       OK ] Listener.already_closed_subscriber (11 ms)
[----------] 1 test from Listener (11 ms total)

[----------] Global test environment tear-down
[==========] 1 test from 1 test case ran. (11 ms total)
[  PASSED  ] 1 test.
<end of output>
Test time =   0.08 sec
----------------------------------------------------------
Test Passed.
"Listener.already_closed_subscriber" end time: May 14 11:30 Pacific Daylight Time
"Listener.already_closed_subscriber" time elapsed: 00:00:00
----------------------------------------------------------

19/447 Testing: Listener.writer_without_listener
19/447 Test: Listener.writer_without_listener
Command: "Z:/Projects/cyclonedds-cxx/build.windows/bin/ddscxx_tests.exe" "--gtest_filter=Listener.writer_without_listener"
Directory: Z:/Projects/cyclonedds-cxx/build.windows/src/ddscxx/tests
"Listener.writer_without_listener" start time: May 14 11:30 Pacific Daylight Time
Output:
----------------------------------------------------------
Running main() from C:\J\w\cci_PR-4664@4\.conan\data\gtest\1.8.1\_\_\build\3f0ace30056da8c8008a05842de931e7808916f6\source_subfolder\googletest\src\gtest_main.cc
Note: Google Test filter = Listener.writer_without_listener
[==========] Running 1 test from 1 test case.
[----------] Global test environment set-up.
[----------] 1 test from Listener
[ RUN      ] Listener.writer_without_listener
[       OK ] Listener.writer_without_listener (31 ms)
[----------] 1 test from Listener (32 ms total)

[----------] Global test environment tear-down
[==========] 1 test from 1 test case ran. (32 ms total)
[  PASSED  ] 1 test.
<end of output>
Test time =   0.09 sec
----------------------------------------------------------
Test Passed.
"Listener.writer_without_listener" end time: May 14 11:30 Pacific Daylight Time
"Listener.writer_without_listener" time elapsed: 00:00:00
----------------------------------------------------------

20/447 Testing: Listener.writer_with_listener
20/447 Test: Listener.writer_with_listener
Command: "Z:/Projects/cyclonedds-cxx/build.windows/bin/ddscxx_tests.exe" "--gtest_filter=Listener.writer_with_listener"
Directory: Z:/Projects/cyclonedds-cxx/build.windows/src/ddscxx/tests
"Listener.writer_with_listener" start time: May 14 11:30 Pacific Daylight Time
Output:
----------------------------------------------------------
Running main() from C:\J\w\cci_PR-4664@4\.conan\data\gtest\1.8.1\_\_\build\3f0ace30056da8c8008a05842de931e7808916f6\source_subfolder\googletest\src\gtest_main.cc
Note: Google Test filter = Listener.writer_with_listener
[==========] Running 1 test from 1 test case.
[----------] Global test environment set-up.
[----------] 1 test from Listener
[ RUN      ] Listener.writer_with_listener
[       OK ] Listener.writer_with_listener (52 ms)
[----------] 1 test from Listener (52 ms total)

[----------] Global test environment tear-down
[==========] 1 test from 1 test case ran. (52 ms total)
[  PASSED  ] 1 test.
<end of output>
Test time =   0.12 sec
----------------------------------------------------------
Test Passed.
"Listener.writer_with_listener" end time: May 14 11:30 Pacific Daylight Time
"Listener.writer_with_listener" time elapsed: 00:00:00
----------------------------------------------------------

21/447 Testing: Listener.already_closed_writer
21/447 Test: Listener.already_closed_writer
Command: "Z:/Projects/cyclonedds-cxx/build.windows/bin/ddscxx_tests.exe" "--gtest_filter=Listener.already_closed_writer"
Directory: Z:/Projects/cyclonedds-cxx/build.windows/src/ddscxx/tests
"Listener.already_closed_writer" start time: May 14 11:30 Pacific Daylight Time
Output:
----------------------------------------------------------
Running main() from C:\J\w\cci_PR-4664@4\.conan\data\gtest\1.8.1\_\_\build\3f0ace30056da8c8008a05842de931e7808916f6\source_subfolder\googletest\src\gtest_main.cc
Note: Google Test filter = Listener.already_closed_writer
[==========] Running 1 test from 1 test case.
[----------] Global test environment set-up.
[----------] 1 test from Listener
[ RUN      ] Listener.already_closed_writer
[       OK ] Listener.already_closed_writer (52 ms)
[----------] 1 test from Listener (52 ms total)

[----------] Global test environment tear-down
[==========] 1 test from 1 test case ran. (52 ms total)
[  PASSED  ] 1 test.
<end of output>
Test time =   0.12 sec
----------------------------------------------------------
Test Passed.
"Listener.already_closed_writer" end time: May 14 11:30 Pacific Daylight Time
"Listener.already_closed_writer" time elapsed: 00:00:00
----------------------------------------------------------

22/447 Testing: Listener.reader_without_listener
22/447 Test: Listener.reader_without_listener
Command: "Z:/Projects/cyclonedds-cxx/build.windows/bin/ddscxx_tests.exe" "--gtest_filter=Listener.reader_without_listener"
Directory: Z:/Projects/cyclonedds-cxx/build.windows/src/ddscxx/tests
"Listener.reader_without_listener" start time: May 14 11:30 Pacific Daylight Time
Output:
----------------------------------------------------------
Running main() from C:\J\w\cci_PR-4664@4\.conan\data\gtest\1.8.1\_\_\build\3f0ace30056da8c8008a05842de931e7808916f6\source_subfolder\googletest\src\gtest_main.cc
Note: Google Test filter = Listener.reader_without_listener
[==========] Running 1 test from 1 test case.
[----------] Global test environment set-up.
[----------] 1 test from Listener
[ RUN      ] Listener.reader_without_listener
[       OK ] Listener.reader_without_listener (42 ms)
[----------] 1 test from Listener (42 ms total)

[----------] Global test environment tear-down
[==========] 1 test from 1 test case ran. (42 ms total)
[  PASSED  ] 1 test.
<end of output>
Test time =   0.12 sec
----------------------------------------------------------
Test Passed.
"Listener.reader_without_listener" end time: May 14 11:30 Pacific Daylight Time
"Listener.reader_without_listener" time elapsed: 00:00:00
----------------------------------------------------------

23/447 Testing: Listener.reader_with_listener
23/447 Test: Listener.reader_with_listener
Command: "Z:/Projects/cyclonedds-cxx/build.windows/bin/ddscxx_tests.exe" "--gtest_filter=Listener.reader_with_listener"
Directory: Z:/Projects/cyclonedds-cxx/build.windows/src/ddscxx/tests
"Listener.reader_with_listener" start time: May 14 11:30 Pacific Daylight Time
Output:
----------------------------------------------------------
Running main() from C:\J\w\cci_PR-4664@4\.conan\data\gtest\1.8.1\_\_\build\3f0ace30056da8c8008a05842de931e7808916f6\source_subfolder\googletest\src\gtest_main.cc
Note: Google Test filter = Listener.reader_with_listener
[==========] Running 1 test from 1 test case.
[----------] Global test environment set-up.
[----------] 1 test from Listener
[ RUN      ] Listener.reader_with_listener
[       OK ] Listener.reader_with_listener (45 ms)
[----------] 1 test from Listener (46 ms total)

[----------] Global test environment tear-down
[==========] 1 test from 1 test case ran. (47 ms total)
[  PASSED  ] 1 test.
<end of output>
Test time =   0.12 sec
----------------------------------------------------------
Test Passed.
"Listener.reader_with_listener" end time: May 14 11:30 Pacific Daylight Time
"Listener.reader_with_listener" time elapsed: 00:00:00
----------------------------------------------------------

24/447 Testing: Listener.already_closed_reader
24/447 Test: Listener.already_closed_reader
Command: "Z:/Projects/cyclonedds-cxx/build.windows/bin/ddscxx_tests.exe" "--gtest_filter=Listener.already_closed_reader"
Directory: Z:/Projects/cyclonedds-cxx/build.windows/src/ddscxx/tests
"Listener.already_closed_reader" start time: May 14 11:30 Pacific Daylight Time
Output:
----------------------------------------------------------
Running main() from C:\J\w\cci_PR-4664@4\.conan\data\gtest\1.8.1\_\_\build\3f0ace30056da8c8008a05842de931e7808916f6\source_subfolder\googletest\src\gtest_main.cc
Note: Google Test filter = Listener.already_closed_reader
[==========] Running 1 test from 1 test case.
[----------] Global test environment set-up.
[----------] 1 test from Listener
[ RUN      ] Listener.already_closed_reader
[       OK ] Listener.already_closed_reader (43 ms)
[----------] 1 test from Listener (43 ms total)

[----------] Global test environment tear-down
[==========] 1 test from 1 test case ran. (43 ms total)
[  PASSED  ] 1 test.
<end of output>
Test time =   0.12 sec
----------------------------------------------------------
Test Passed.
"Listener.already_closed_reader" end time: May 14 11:30 Pacific Daylight Time
"Listener.already_closed_reader" time elapsed: 00:00:00
----------------------------------------------------------

25/447 Testing: Listener.incorrect_listener_mask
25/447 Test: Listener.incorrect_listener_mask
Command: "Z:/Projects/cyclonedds-cxx/build.windows/bin/ddscxx_tests.exe" "--gtest_filter=Listener.incorrect_listener_mask"
Directory: Z:/Projects/cyclonedds-cxx/build.windows/src/ddscxx/tests
"Listener.incorrect_listener_mask" start time: May 14 11:30 Pacific Daylight Time
Output:
----------------------------------------------------------
Running main() from C:\J\w\cci_PR-4664@4\.conan\data\gtest\1.8.1\_\_\build\3f0ace30056da8c8008a05842de931e7808916f6\source_subfolder\googletest\src\gtest_main.cc
Note: Google Test filter = Listener.incorrect_listener_mask
[==========] Running 1 test from 1 test case.
[----------] Global test environment set-up.
[----------] 1 test from Listener
[ RUN      ] Listener.incorrect_listener_mask
[       OK ] Listener.incorrect_listener_mask (1537 ms)
[----------] 1 test from Listener (1537 ms total)

[----------] Global test environment tear-down
[==========] 1 test from 1 test case ran. (1537 ms total)
[  PASSED  ] 1 test.
<end of output>
Test time =   1.60 sec
----------------------------------------------------------
Test Passed.
"Listener.incorrect_listener_mask" end time: May 14 11:30 Pacific Daylight Time
"Listener.incorrect_listener_mask" time elapsed: 00:00:01
----------------------------------------------------------

26/447 Testing: Listener.sample_lost
26/447 Test: Listener.sample_lost
Command: "Z:/Projects/cyclonedds-cxx/build.windows/bin/ddscxx_tests.exe" "--gtest_filter=Listener.sample_lost"
Directory: Z:/Projects/cyclonedds-cxx/build.windows/src/ddscxx/tests
"Listener.sample_lost" start time: May 14 11:30 Pacific Daylight Time
Output:
----------------------------------------------------------
Running main() from C:\J\w\cci_PR-4664@4\.conan\data\gtest\1.8.1\_\_\build\3f0ace30056da8c8008a05842de931e7808916f6\source_subfolder\googletest\src\gtest_main.cc
Note: Google Test filter = Listener.sample_lost
[==========] Running 1 test from 1 test case.
[----------] Global test environment set-up.
[----------] 1 test from Listener
[ RUN      ] Listener.sample_lost
[       OK ] Listener.sample_lost (39 ms)
[----------] 1 test from Listener (39 ms total)

[----------] Global test environment tear-down
[==========] 1 test from 1 test case ran. (39 ms total)
[  PASSED  ] 1 test.
<end of output>
Test time =   0.12 sec
----------------------------------------------------------
Test Passed.
"Listener.sample_lost" end time: May 14 11:30 Pacific Daylight Time
"Listener.sample_lost" time elapsed: 00:00:00
----------------------------------------------------------

27/447 Testing: Listener.sample_rejected
27/447 Test: Listener.sample_rejected
Command: "Z:/Projects/cyclonedds-cxx/build.windows/bin/ddscxx_tests.exe" "--gtest_filter=Listener.sample_rejected"
Directory: Z:/Projects/cyclonedds-cxx/build.windows/src/ddscxx/tests
"Listener.sample_rejected" start time: May 14 11:30 Pacific Daylight Time
Output:
----------------------------------------------------------
Running main() from C:\J\w\cci_PR-4664@4\.conan\data\gtest\1.8.1\_\_\build\3f0ace30056da8c8008a05842de931e7808916f6\source_subfolder\googletest\src\gtest_main.cc
Note: Google Test filter = Listener.sample_rejected
[==========] Running 1 test from 1 test case.
[----------] Global test environment set-up.
[----------] 1 test from Listener
[ RUN      ] Listener.sample_rejected
[       OK ] Listener.sample_rejected (44 ms)
[----------] 1 test from Listener (44 ms total)

[----------] Global test environment tear-down
[==========] 1 test from 1 test case ran. (44 ms total)
[  PASSED  ] 1 test.
<end of output>
Test time =   0.12 sec
----------------------------------------------------------
Test Passed.
"Listener.sample_rejected" end time: May 14 11:30 Pacific Daylight Time
"Listener.sample_rejected" time elapsed: 00:00:00
----------------------------------------------------------

28/447 Testing: Listener.liveliness_changed
28/447 Test: Listener.liveliness_changed
Command: "Z:/Projects/cyclonedds-cxx/build.windows/bin/ddscxx_tests.exe" "--gtest_filter=Listener.liveliness_changed"
Directory: Z:/Projects/cyclonedds-cxx/build.windows/src/ddscxx/tests
"Listener.liveliness_changed" start time: May 14 11:30 Pacific Daylight Time
Output:
----------------------------------------------------------
Running main() from C:\J\w\cci_PR-4664@4\.conan\data\gtest\1.8.1\_\_\build\3f0ace30056da8c8008a05842de931e7808916f6\source_subfolder\googletest\src\gtest_main.cc
Note: Google Test filter = Listener.liveliness_changed
[==========] Running 1 test from 1 test case.
[----------] Global test environment set-up.
[----------] 1 test from Listener
[ RUN      ] Listener.liveliness_changed
[       OK ] Listener.liveliness_changed (47 ms)
[----------] 1 test from Listener (47 ms total)

[----------] Global test environment tear-down
[==========] 1 test from 1 test case ran. (47 ms total)
[  PASSED  ] 1 test.
<end of output>
Test time =   0.12 sec
----------------------------------------------------------
Test Passed.
"Listener.liveliness_changed" end time: May 14 11:30 Pacific Daylight Time
"Listener.liveliness_changed" time elapsed: 00:00:00
----------------------------------------------------------

29/447 Testing: Listener.incompatible_qos
29/447 Test: Listener.incompatible_qos
Command: ""
Directory: Z:/Projects/cyclonedds-cxx/build.windows/src/ddscxx/tests
"Listener.incompatible_qos" start time: 
Output:
----------------------------------------------------------
<end of output>
Test time =   0.00 sec
----------------------------------------------------------
Test Passed.
"Listener.incompatible_qos" end time: May 14 11:30 Pacific Daylight Time
"Listener.incompatible_qos" time elapsed: 00:00:00
----------------------------------------------------------

30/447 Testing: Listener.publication_matched
30/447 Test: Listener.publication_matched
Command: "Z:/Projects/cyclonedds-cxx/build.windows/bin/ddscxx_tests.exe" "--gtest_filter=Listener.publication_matched"
Directory: Z:/Projects/cyclonedds-cxx/build.windows/src/ddscxx/tests
"Listener.publication_matched" start time: May 14 11:30 Pacific Daylight Time
Output:
----------------------------------------------------------
Running main() from C:\J\w\cci_PR-4664@4\.conan\data\gtest\1.8.1\_\_\build\3f0ace30056da8c8008a05842de931e7808916f6\source_subfolder\googletest\src\gtest_main.cc
Note: Google Test filter = Listener.publication_matched
[==========] Running 1 test from 1 test case.
[----------] Global test environment set-up.
[----------] 1 test from Listener
[ RUN      ] Listener.publication_matched
[       OK ] Listener.publication_matched (46 ms)
[----------] 1 test from Listener (46 ms total)

[----------] Global test environment tear-down
[==========] 1 test from 1 test case ran. (46 ms total)
[  PASSED  ] 1 test.
<end of output>
Test time =   0.12 sec
----------------------------------------------------------
Test Passed.
"Listener.publication_matched" end time: May 14 11:30 Pacific Daylight Time
"Listener.publication_matched" time elapsed: 00:00:00
----------------------------------------------------------

31/447 Testing: Listener.subscription_matched
31/447 Test: Listener.subscription_matched
Command: "Z:/Projects/cyclonedds-cxx/build.windows/bin/ddscxx_tests.exe" "--gtest_filter=Listener.subscription_matched"
Directory: Z:/Projects/cyclonedds-cxx/build.windows/src/ddscxx/tests
"Listener.subscription_matched" start time: May 14 11:30 Pacific Daylight Time
Output:
----------------------------------------------------------
Running main() from C:\J\w\cci_PR-4664@4\.conan\data\gtest\1.8.1\_\_\build\3f0ace30056da8c8008a05842de931e7808916f6\source_subfolder\googletest\src\gtest_main.cc
Note: Google Test filter = Listener.subscription_matched
[==========] Running 1 test from 1 test case.
[----------] Global test environment set-up.
[----------] 1 test from Listener
[ RUN      ] Listener.subscription_matched
[       OK ] Listener.subscription_matched (24 ms)
[----------] 1 test from Listener (24 ms total)

[----------] Global test environment tear-down
[==========] 1 test from 1 test case ran. (24 ms total)
[  PASSED  ] 1 test.
<end of output>
Test time =   0.10 sec
----------------------------------------------------------
Test Passed.
"Listener.subscription_matched" end time: May 14 11:30 Pacific Daylight Time
"Listener.subscription_matched" time elapsed: 00:00:00
----------------------------------------------------------

32/447 Testing: Listener.publication_subscription_matched
32/447 Test: Listener.publication_subscription_matched
Command: ""
Directory: Z:/Projects/cyclonedds-cxx/build.windows/src/ddscxx/tests
"Listener.publication_subscription_matched" start time: 
Output:
----------------------------------------------------------
<end of output>
Test time =   0.00 sec
----------------------------------------------------------
Test Passed.
"Listener.publication_subscription_matched" end time: May 14 11:30 Pacific Daylight Time
"Listener.publication_subscription_matched" time elapsed: 00:00:00
----------------------------------------------------------

33/447 Testing: Listener.data_available
33/447 Test: Listener.data_available
Command: "Z:/Projects/cyclonedds-cxx/build.windows/bin/ddscxx_tests.exe" "--gtest_filter=Listener.data_available"
Directory: Z:/Projects/cyclonedds-cxx/build.windows/src/ddscxx/tests
"Listener.data_available" start time: May 14 11:30 Pacific Daylight Time
Output:
----------------------------------------------------------
Running main() from C:\J\w\cci_PR-4664@4\.conan\data\gtest\1.8.1\_\_\build\3f0ace30056da8c8008a05842de931e7808916f6\source_subfolder\googletest\src\gtest_main.cc
Note: Google Test filter = Listener.data_available
[==========] Running 1 test from 1 test case.
[----------] Global test environment set-up.
[----------] 1 test from Listener
[ RUN      ] Listener.data_available
[       OK ] Listener.data_available (43 ms)
[----------] 1 test from Listener (43 ms total)

[----------] Global test environment tear-down
[==========] 1 test from 1 test case ran. (43 ms total)
[  PASSED  ] 1 test.
<end of output>
Test time =   0.11 sec
----------------------------------------------------------
Test Passed.
"Listener.data_available" end time: May 14 11:30 Pacific Daylight Time
"Listener.data_available" time elapsed: 00:00:00
----------------------------------------------------------

34/447 Testing: Listener.data_available_subscriber
34/447 Test: Listener.data_available_subscriber
Command: "Z:/Projects/cyclonedds-cxx/build.windows/bin/ddscxx_tests.exe" "--gtest_filter=Listener.data_available_subscriber"
Directory: Z:/Projects/cyclonedds-cxx/build.windows/src/ddscxx/tests
"Listener.data_available_subscriber" start time: May 14 11:30 Pacific Daylight Time
Output:
----------------------------------------------------------
Running main() from C:\J\w\cci_PR-4664@4\.conan\data\gtest\1.8.1\_\_\build\3f0ace30056da8c8008a05842de931e7808916f6\source_subfolder\googletest\src\gtest_main.cc
Note: Google Test filter = Listener.data_available_subscriber
[==========] Running 1 test from 1 test case.
[----------] Global test environment set-up.
[----------] 1 test from Listener
[ RUN      ] Listener.data_available_subscriber
[       OK ] Listener.data_available_subscriber (39 ms)
[----------] 1 test from Listener (39 ms total)

[----------] Global test environment tear-down
[==========] 1 test from 1 test case ran. (39 ms total)
[  PASSED  ] 1 test.
<end of output>
Test time =   0.12 sec
----------------------------------------------------------
Test Passed.
"Listener.data_available_subscriber" end time: May 14 11:30 Pacific Daylight Time
"Listener.data_available_subscriber" time elapsed: 00:00:00
----------------------------------------------------------

35/447 Testing: Listener.data_available_participant
35/447 Test: Listener.data_available_participant
Command: "Z:/Projects/cyclonedds-cxx/build.windows/bin/ddscxx_tests.exe" "--gtest_filter=Listener.data_available_participant"
Directory: Z:/Projects/cyclonedds-cxx/build.windows/src/ddscxx/tests
"Listener.data_available_participant" start time: May 14 11:30 Pacific Daylight Time
Output:
----------------------------------------------------------
Running main() from C:\J\w\cci_PR-4664@4\.conan\data\gtest\1.8.1\_\_\build\3f0ace30056da8c8008a05842de931e7808916f6\source_subfolder\googletest\src\gtest_main.cc
Note: Google Test filter = Listener.data_available_participant
[==========] Running 1 test from 1 test case.
[----------] Global test environment set-up.
[----------] 1 test from Listener
[ RUN      ] Listener.data_available_participant
[       OK ] Listener.data_available_participant (32 ms)
[----------] 1 test from Listener (32 ms total)

[----------] Global test environment tear-down
[==========] 1 test from 1 test case ran. (33 ms total)
[  PASSED  ] 1 test.
<end of output>
Test time =   0.10 sec
----------------------------------------------------------
Test Passed.
"Listener.data_available_participant" end time: May 14 11:30 Pacific Daylight Time
"Listener.data_available_participant" time elapsed: 00:00:00
----------------------------------------------------------

36/447 Testing: Listener.propagation
36/447 Test: Listener.propagation
Command: ""
Directory: Z:/Projects/cyclonedds-cxx/build.windows/src/ddscxx/tests
"Listener.propagation" start time: 
Output:
----------------------------------------------------------
<end of output>
Test time =   0.00 sec
----------------------------------------------------------
Test Passed.
"Listener.propagation" end time: May 14 11:30 Pacific Daylight Time
"Listener.propagation" time elapsed: 00:00:00
----------------------------------------------------------

37/447 Testing: listener_stress.data_available_reader
37/447 Test: listener_stress.data_available_reader
Command: ""
Directory: Z:/Projects/cyclonedds-cxx/build.windows/src/ddscxx/tests
"listener_stress.data_available_reader" start time: 
Output:
----------------------------------------------------------
<end of output>
Test time =   0.00 sec
----------------------------------------------------------
Test Passed.
"listener_stress.data_available_reader" end time: May 14 11:30 Pacific Daylight Time
"listener_stress.data_available_reader" time elapsed: 00:00:00
----------------------------------------------------------

38/447 Testing: listener_stress.data_available_subscriber
38/447 Test: listener_stress.data_available_subscriber
Command: ""
Directory: Z:/Projects/cyclonedds-cxx/build.windows/src/ddscxx/tests
"listener_stress.data_available_subscriber" start time: 
Output:
----------------------------------------------------------
<end of output>
Test time =   0.00 sec
----------------------------------------------------------
Test Passed.
"listener_stress.data_available_subscriber" end time: May 14 11:30 Pacific Daylight Time
"listener_stress.data_available_subscriber" time elapsed: 00:00:00
----------------------------------------------------------

39/447 Testing: listener_stress.data_available_participant
39/447 Test: listener_stress.data_available_participant
Command: ""
Directory: Z:/Projects/cyclonedds-cxx/build.windows/src/ddscxx/tests
"listener_stress.data_available_participant" start time: 
Output:
----------------------------------------------------------
<end of output>
Test time =   0.00 sec
----------------------------------------------------------
Test Passed.
"listener_stress.data_available_participant" end time: May 14 11:30 Pacific Daylight Time
"listener_stress.data_available_participant" time elapsed: 00:00:00
----------------------------------------------------------

40/447 Testing: DomainParticipant.null
40/447 Test: DomainParticipant.null
Command: "Z:/Projects/cyclonedds-cxx/build.windows/bin/ddscxx_tests.exe" "--gtest_filter=DomainParticipant.null"
Directory: Z:/Projects/cyclonedds-cxx/build.windows/src/ddscxx/tests
"DomainParticipant.null" start time: May 14 11:30 Pacific Daylight Time
Output:
----------------------------------------------------------
Running main() from C:\J\w\cci_PR-4664@4\.conan\data\gtest\1.8.1\_\_\build\3f0ace30056da8c8008a05842de931e7808916f6\source_subfolder\googletest\src\gtest_main.cc
Note: Google Test filter = DomainParticipant.null
[==========] Running 1 test from 1 test case.
[----------] Global test environment set-up.
[----------] 1 test from DomainParticipant
[ RUN      ] DomainParticipant.null
[       OK ] DomainParticipant.null (0 ms)
[----------] 1 test from DomainParticipant (0 ms total)

[----------] Global test environment tear-down
[==========] 1 test from 1 test case ran. (0 ms total)
[  PASSED  ] 1 test.
<end of output>
Test time =   0.07 sec
----------------------------------------------------------
Test Passed.
"DomainParticipant.null" end time: May 14 11:30 Pacific Daylight Time
"DomainParticipant.null" time elapsed: 00:00:00
----------------------------------------------------------

41/447 Testing: DomainParticipant.create_with_conf
41/447 Test: DomainParticipant.create_with_conf
Command: "Z:/Projects/cyclonedds-cxx/build.windows/bin/ddscxx_tests.exe" "--gtest_filter=DomainParticipant.create_with_conf"
Directory: Z:/Projects/cyclonedds-cxx/build.windows/src/ddscxx/tests
"DomainParticipant.create_with_conf" start time: May 14 11:30 Pacific Daylight Time
Output:
----------------------------------------------------------
Running main() from C:\J\w\cci_PR-4664@4\.conan\data\gtest\1.8.1\_\_\build\3f0ace30056da8c8008a05842de931e7808916f6\source_subfolder\googletest\src\gtest_main.cc
Note: Google Test filter = DomainParticipant.create_with_conf
[==========] Running 1 test from 1 test case.
[----------] Global test environment set-up.
[----------] 1 test from DomainParticipant
[ RUN      ] DomainParticipant.create_with_conf
1621017019.473907 [3]       8400: config: //CycloneDDS/Domain/Id: setting moved to //CycloneDDS/Domain[@Id] (file://config_simple.xml line 17)
1621017019.473985 [3]       8400: config: //CycloneDDS/General: settings moved to //CycloneDDS/Domain/General (line 19)
1621017019.474017 [3]       8400: config: //CycloneDDS/Compatibility: settings moved to //CycloneDDS/Domain/Compatibility (line 24)
1621017019.479271 [3]       8400: selected interface "Loopback Pseudo-Interface 1" is not multicast-capable: disabling multicast
[       OK ] DomainParticipant.create_with_conf (34 ms)
[----------] 1 test from DomainParticipant (34 ms total)

[----------] Global test environment tear-down
[==========] 1 test from 1 test case ran. (34 ms total)
[  PASSED  ] 1 test.
<end of output>
Test time =   0.10 sec
----------------------------------------------------------
Test Passed.
"DomainParticipant.create_with_conf" end time: May 14 11:30 Pacific Daylight Time
"DomainParticipant.create_with_conf" time elapsed: 00:00:00
----------------------------------------------------------

42/447 Testing: DomainParticipant.create_with_str_conffile
42/447 Test: DomainParticipant.create_with_str_conffile
Command: "Z:/Projects/cyclonedds-cxx/build.windows/bin/ddscxx_tests.exe" "--gtest_filter=DomainParticipant.create_with_str_conffile"
Directory: Z:/Projects/cyclonedds-cxx/build.windows/src/ddscxx/tests
"DomainParticipant.create_with_str_conffile" start time: May 14 11:30 Pacific Daylight Time
Output:
----------------------------------------------------------
Running main() from C:\J\w\cci_PR-4664@4\.conan\data\gtest\1.8.1\_\_\build\3f0ace30056da8c8008a05842de931e7808916f6\source_subfolder\googletest\src\gtest_main.cc
Note: Google Test filter = DomainParticipant.create_with_str_conffile
[==========] Running 1 test from 1 test case.
[----------] Global test environment set-up.
[----------] 1 test from DomainParticipant
[ RUN      ] DomainParticipant.create_with_str_conffile
1621017019.570722 [3]       9740: config: //CycloneDDS/Domain/Id: setting moved to //CycloneDDS/Domain[@Id] (file://config_simple.xml line 17)
1621017019.570776 [3]       9740: config: //CycloneDDS/General: settings moved to //CycloneDDS/Domain/General (line 19)
1621017019.570794 [3]       9740: config: //CycloneDDS/Compatibility: settings moved to //CycloneDDS/Domain/Compatibility (line 24)
1621017019.575832 [3]       9740: selected interface "Loopback Pseudo-Interface 1" is not multicast-capable: disabling multicast
[       OK ] DomainParticipant.create_with_str_conffile (30 ms)
[----------] 1 test from DomainParticipant (30 ms total)

[----------] Global test environment tear-down
[==========] 1 test from 1 test case ran. (30 ms total)
[  PASSED  ] 1 test.
<end of output>
Test time =   0.09 sec
----------------------------------------------------------
Test Passed.
"DomainParticipant.create_with_str_conffile" end time: May 14 11:30 Pacific Daylight Time
"DomainParticipant.create_with_str_conffile" time elapsed: 00:00:00
----------------------------------------------------------

43/447 Testing: DomainParticipant.create_with_str_conf
43/447 Test: DomainParticipant.create_with_str_conf
Command: "Z:/Projects/cyclonedds-cxx/build.windows/bin/ddscxx_tests.exe" "--gtest_filter=DomainParticipant.create_with_str_conf"
Directory: Z:/Projects/cyclonedds-cxx/build.windows/src/ddscxx/tests
"DomainParticipant.create_with_str_conf" start time: May 14 11:30 Pacific Daylight Time
Output:
----------------------------------------------------------
Running main() from C:\J\w\cci_PR-4664@4\.conan\data\gtest\1.8.1\_\_\build\3f0ace30056da8c8008a05842de931e7808916f6\source_subfolder\googletest\src\gtest_main.cc
Note: Google Test filter = DomainParticipant.create_with_str_conf
[==========] Running 1 test from 1 test case.
[----------] Global test environment set-up.
[----------] 1 test from DomainParticipant
[ RUN      ] DomainParticipant.create_with_str_conf
1621017019.667953 [7]       2924: config: //CycloneDDS/Domain/Id: setting moved to //CycloneDDS/Domain[@Id] (CYCLONEDDS_URI+0 line 1)
1621017019.677421 [8]       2924: config: //CycloneDDS/Domain/Id: setting moved to //CycloneDDS/Domain[@Id] (CYCLONEDDS_URI+0 line 1)
[       OK ] DomainParticipant.create_with_str_conf (45 ms)
[----------] 1 test from DomainParticipant (45 ms total)

[----------] Global test environment tear-down
[==========] 1 test from 1 test case ran. (45 ms total)
[  PASSED  ] 1 test.
<end of output>
Test time =   0.11 sec
----------------------------------------------------------
Test Passed.
"DomainParticipant.create_with_str_conf" end time: May 14 11:30 Pacific Daylight Time
"DomainParticipant.create_with_str_conf" time elapsed: 00:00:00
----------------------------------------------------------

44/447 Testing: DomainParticipant.recreate_with_str_conf
44/447 Test: DomainParticipant.recreate_with_str_conf
Command: "Z:/Projects/cyclonedds-cxx/build.windows/bin/ddscxx_tests.exe" "--gtest_filter=DomainParticipant.recreate_with_str_conf"
Directory: Z:/Projects/cyclonedds-cxx/build.windows/src/ddscxx/tests
"DomainParticipant.recreate_with_str_conf" start time: May 14 11:30 Pacific Daylight Time
Output:
----------------------------------------------------------
Running main() from C:\J\w\cci_PR-4664@4\.conan\data\gtest\1.8.1\_\_\build\3f0ace30056da8c8008a05842de931e7808916f6\source_subfolder\googletest\src\gtest_main.cc
Note: Google Test filter = DomainParticipant.recreate_with_str_conf
[==========] Running 1 test from 1 test case.
[----------] Global test environment set-up.
[----------] 1 test from DomainParticipant
[ RUN      ] DomainParticipant.recreate_with_str_conf
1621017019.785607 [3]       4660: config: //CycloneDDS/Domain/Id: setting moved to //CycloneDDS/Domain[@Id] (CYCLONEDDS_URI+0 line 1)
1621017019.819319 [3]       4660: config: //CycloneDDS/Domain/Id: setting moved to //CycloneDDS/Domain[@Id] (CYCLONEDDS_URI+0 line 1)
[       OK ] DomainParticipant.recreate_with_str_conf (65 ms)
[----------] 1 test from DomainParticipant (65 ms total)

[----------] Global test environment tear-down
[==========] 1 test from 1 test case ran. (65 ms total)
[  PASSED  ] 1 test.
<end of output>
Test time =   0.14 sec
----------------------------------------------------------
Test Passed.
"DomainParticipant.recreate_with_str_conf" end time: May 14 11:30 Pacific Daylight Time
"DomainParticipant.recreate_with_str_conf" time elapsed: 00:00:00
----------------------------------------------------------

45/447 Testing: DomainParticipant.create_with_str_conf_default
45/447 Test: DomainParticipant.create_with_str_conf_default
Command: "Z:/Projects/cyclonedds-cxx/build.windows/bin/ddscxx_tests.exe" "--gtest_filter=DomainParticipant.create_with_str_conf_default"
Directory: Z:/Projects/cyclonedds-cxx/build.windows/src/ddscxx/tests
"DomainParticipant.create_with_str_conf_default" start time: May 14 11:30 Pacific Daylight Time
Output:
----------------------------------------------------------
Running main() from C:\J\w\cci_PR-4664@4\.conan\data\gtest\1.8.1\_\_\build\3f0ace30056da8c8008a05842de931e7808916f6\source_subfolder\googletest\src\gtest_main.cc
Note: Google Test filter = DomainParticipant.create_with_str_conf_default
[==========] Running 1 test from 1 test case.
[----------] Global test environment set-up.
[----------] 1 test from DomainParticipant
[ RUN      ] DomainParticipant.create_with_str_conf_default
[       OK ] DomainParticipant.create_with_str_conf_default (1 ms)
[----------] 1 test from DomainParticipant (1 ms total)

[----------] Global test environment tear-down
[==========] 1 test from 1 test case ran. (1 ms total)
[  PASSED  ] 1 test.
<end of output>
Test time =   0.06 sec
----------------------------------------------------------
Test Passed.
"DomainParticipant.create_with_str_conf_default" end time: May 14 11:30 Pacific Daylight Time
"DomainParticipant.create_with_str_conf_default" time elapsed: 00:00:00
----------------------------------------------------------

46/447 Testing: DomainParticipant.create_with_str_conf_invalid
46/447 Test: DomainParticipant.create_with_str_conf_invalid
Command: "Z:/Projects/cyclonedds-cxx/build.windows/bin/ddscxx_tests.exe" "--gtest_filter=DomainParticipant.create_with_str_conf_invalid"
Directory: Z:/Projects/cyclonedds-cxx/build.windows/src/ddscxx/tests
"DomainParticipant.create_with_str_conf_invalid" start time: May 14 11:30 Pacific Daylight Time
Output:
----------------------------------------------------------
Running main() from C:\J\w\cci_PR-4664@4\.conan\data\gtest\1.8.1\_\_\build\3f0ace30056da8c8008a05842de931e7808916f6\source_subfolder\googletest\src\gtest_main.cc
Note: Google Test filter = DomainParticipant.create_with_str_conf_invalid
[==========] Running 1 test from 1 test case.
[----------] Global test environment set-up.
[----------] 1 test from DomainParticipant
[ RUN      ] DomainParticipant.create_with_str_conf_invalid
1621017019.989837 [1]        400: config: //CycloneDDS: parser error expecting '=' following attribute name (incorrect) at line 1 (CYCLONEDDS_URI+0 line 1)
[       OK ] DomainParticipant.create_with_str_conf_invalid (1 ms)
[----------] 1 test from DomainParticipant (1 ms total)

[----------] Global test environment tear-down
[==========] 1 test from 1 test case ran. (1 ms total)
[  PASSED  ] 1 test.
<end of output>
Test time =   0.06 sec
----------------------------------------------------------
Test Passed.
"DomainParticipant.create_with_str_conf_invalid" end time: May 14 11:30 Pacific Daylight Time
"DomainParticipant.create_with_str_conf_invalid" time elapsed: 00:00:00
----------------------------------------------------------

47/447 Testing: DomainParticipant.create_without_conf
47/447 Test: DomainParticipant.create_without_conf
Command: "Z:/Projects/cyclonedds-cxx/build.windows/bin/ddscxx_tests.exe" "--gtest_filter=DomainParticipant.create_without_conf"
Directory: Z:/Projects/cyclonedds-cxx/build.windows/src/ddscxx/tests
"DomainParticipant.create_without_conf" start time: May 14 11:30 Pacific Daylight Time
Output:
----------------------------------------------------------
Running main() from C:\J\w\cci_PR-4664@4\.conan\data\gtest\1.8.1\_\_\build\3f0ace30056da8c8008a05842de931e7808916f6\source_subfolder\googletest\src\gtest_main.cc
Note: Google Test filter = DomainParticipant.create_without_conf
[==========] Running 1 test from 1 test case.
[----------] Global test environment set-up.
[----------] 1 test from DomainParticipant
[ RUN      ] DomainParticipant.create_without_conf
[       OK ] DomainParticipant.create_without_conf (30 ms)
[----------] 1 test from DomainParticipant (30 ms total)

[----------] Global test environment tear-down
[==========] 1 test from 1 test case ran. (31 ms total)
[  PASSED  ] 1 test.
<end of output>
Test time =   0.09 sec
----------------------------------------------------------
Test Passed.
"DomainParticipant.create_without_conf" end time: May 14 11:30 Pacific Daylight Time
"DomainParticipant.create_without_conf" time elapsed: 00:00:00
----------------------------------------------------------

48/447 Testing: DomainParticipant.create_multiple
48/447 Test: DomainParticipant.create_multiple
Command: "Z:/Projects/cyclonedds-cxx/build.windows/bin/ddscxx_tests.exe" "--gtest_filter=DomainParticipant.create_multiple"
Directory: Z:/Projects/cyclonedds-cxx/build.windows/src/ddscxx/tests
"DomainParticipant.create_multiple" start time: May 14 11:30 Pacific Daylight Time
Output:
----------------------------------------------------------
Running main() from C:\J\w\cci_PR-4664@4\.conan\data\gtest\1.8.1\_\_\build\3f0ace30056da8c8008a05842de931e7808916f6\source_subfolder\googletest\src\gtest_main.cc
Note: Google Test filter = DomainParticipant.create_multiple
[==========] Running 1 test from 1 test case.
[----------] Global test environment set-up.
[----------] 1 test from DomainParticipant
[ RUN      ] DomainParticipant.create_multiple
[       OK ] DomainParticipant.create_multiple (34 ms)
[----------] 1 test from DomainParticipant (34 ms total)

[----------] Global test environment tear-down
[==========] 1 test from 1 test case ran. (34 ms total)
[  PASSED  ] 1 test.
<end of output>
Test time =   0.10 sec
----------------------------------------------------------
Test Passed.
"DomainParticipant.create_multiple" end time: May 14 11:30 Pacific Daylight Time
"DomainParticipant.create_multiple" time elapsed: 00:00:00
----------------------------------------------------------

49/447 Testing: DomainParticipant.create_invalid
49/447 Test: DomainParticipant.create_invalid
Command: "Z:/Projects/cyclonedds-cxx/build.windows/bin/ddscxx_tests.exe" "--gtest_filter=DomainParticipant.create_invalid"
Directory: Z:/Projects/cyclonedds-cxx/build.windows/src/ddscxx/tests
"DomainParticipant.create_invalid" start time: May 14 11:30 Pacific Daylight Time
Output:
----------------------------------------------------------
Running main() from C:\J\w\cci_PR-4664@4\.conan\data\gtest\1.8.1\_\_\build\3f0ace30056da8c8008a05842de931e7808916f6\source_subfolder\googletest\src\gtest_main.cc
Note: Google Test filter = DomainParticipant.create_invalid
[==========] Running 1 test from 1 test case.
[----------] Global test environment set-up.
[----------] 1 test from DomainParticipant
[ RUN      ] DomainParticipant.create_invalid
[       OK ] DomainParticipant.create_invalid (1 ms)
[----------] 1 test from DomainParticipant (1 ms total)

[----------] Global test environment tear-down
[==========] 1 test from 1 test case ran. (1 ms total)
[  PASSED  ] 1 test.
<end of output>
Test time =   0.06 sec
----------------------------------------------------------
Test Passed.
"DomainParticipant.create_invalid" end time: May 14 11:30 Pacific Daylight Time
"DomainParticipant.create_invalid" time elapsed: 00:00:00
----------------------------------------------------------

50/447 Testing: DomainParticipant.recreate_after_delete
50/447 Test: DomainParticipant.recreate_after_delete
Command: "Z:/Projects/cyclonedds-cxx/build.windows/bin/ddscxx_tests.exe" "--gtest_filter=DomainParticipant.recreate_after_delete"
Directory: Z:/Projects/cyclonedds-cxx/build.windows/src/ddscxx/tests
"DomainParticipant.recreate_after_delete" start time: May 14 11:30 Pacific Daylight Time
Output:
----------------------------------------------------------
Running main() from C:\J\w\cci_PR-4664@4\.conan\data\gtest\1.8.1\_\_\build\3f0ace30056da8c8008a05842de931e7808916f6\source_subfolder\googletest\src\gtest_main.cc
Note: Google Test filter = DomainParticipant.recreate_after_delete
[==========] Running 1 test from 1 test case.
[----------] Global test environment set-up.
[----------] 1 test from DomainParticipant
[ RUN      ] DomainParticipant.recreate_after_delete
[       OK ] DomainParticipant.recreate_after_delete (65 ms)
[----------] 1 test from DomainParticipant (65 ms total)

[----------] Global test environment tear-down
[==========] 1 test from 1 test case ran. (65 ms total)
[  PASSED  ] 1 test.
<end of output>
Test time =   0.13 sec
----------------------------------------------------------
Test Passed.
"DomainParticipant.recreate_after_delete" end time: May 14 11:30 Pacific Daylight Time
"DomainParticipant.recreate_after_delete" time elapsed: 00:00:00
----------------------------------------------------------

51/447 Testing: DomainParticipant.recreate_after_close
51/447 Test: DomainParticipant.recreate_after_close
Command: "Z:/Projects/cyclonedds-cxx/build.windows/bin/ddscxx_tests.exe" "--gtest_filter=DomainParticipant.recreate_after_close"
Directory: Z:/Projects/cyclonedds-cxx/build.windows/src/ddscxx/tests
"DomainParticipant.recreate_after_close" start time: May 14 11:30 Pacific Daylight Time
Output:
----------------------------------------------------------
Running main() from C:\J\w\cci_PR-4664@4\.conan\data\gtest\1.8.1\_\_\build\3f0ace30056da8c8008a05842de931e7808916f6\source_subfolder\googletest\src\gtest_main.cc
Note: Google Test filter = DomainParticipant.recreate_after_close
[==========] Running 1 test from 1 test case.
[----------] Global test environment set-up.
[----------] 1 test from DomainParticipant
[ RUN      ] DomainParticipant.recreate_after_close
[       OK ] DomainParticipant.recreate_after_close (37 ms)
[----------] 1 test from DomainParticipant (37 ms total)

[----------] Global test environment tear-down
[==========] 1 test from 1 test case ran. (37 ms total)
[  PASSED  ] 1 test.
<end of output>
Test time =   0.10 sec
----------------------------------------------------------
Test Passed.
"DomainParticipant.recreate_after_close" end time: May 14 11:30 Pacific Daylight Time
"DomainParticipant.recreate_after_close" time elapsed: 00:00:00
----------------------------------------------------------

52/447 Testing: DomainParticipant.use_after_close
52/447 Test: DomainParticipant.use_after_close
Command: "Z:/Projects/cyclonedds-cxx/build.windows/bin/ddscxx_tests.exe" "--gtest_filter=DomainParticipant.use_after_close"
Directory: Z:/Projects/cyclonedds-cxx/build.windows/src/ddscxx/tests
"DomainParticipant.use_after_close" start time: May 14 11:30 Pacific Daylight Time
Output:
----------------------------------------------------------
Running main() from C:\J\w\cci_PR-4664@4\.conan\data\gtest\1.8.1\_\_\build\3f0ace30056da8c8008a05842de931e7808916f6\source_subfolder\googletest\src\gtest_main.cc
Note: Google Test filter = DomainParticipant.use_after_close
[==========] Running 1 test from 1 test case.
[----------] Global test environment set-up.
[----------] 1 test from DomainParticipant
[ RUN      ] DomainParticipant.use_after_close
[       OK ] DomainParticipant.use_after_close (32 ms)
[----------] 1 test from DomainParticipant (32 ms total)

[----------] Global test environment tear-down
[==========] 1 test from 1 test case ran. (32 ms total)
[  PASSED  ] 1 test.
<end of output>
Test time =   0.10 sec
----------------------------------------------------------
Test Passed.
"DomainParticipant.use_after_close" end time: May 14 11:30 Pacific Daylight Time
"DomainParticipant.use_after_close" time elapsed: 00:00:00
----------------------------------------------------------

53/447 Testing: DomainParticipant.use_after_deletion
53/447 Test: DomainParticipant.use_after_deletion
Command: "Z:/Projects/cyclonedds-cxx/build.windows/bin/ddscxx_tests.exe" "--gtest_filter=DomainParticipant.use_after_deletion"
Directory: Z:/Projects/cyclonedds-cxx/build.windows/src/ddscxx/tests
"DomainParticipant.use_after_deletion" start time: May 14 11:30 Pacific Daylight Time
Output:
----------------------------------------------------------
Running main() from C:\J\w\cci_PR-4664@4\.conan\data\gtest\1.8.1\_\_\build\3f0ace30056da8c8008a05842de931e7808916f6\source_subfolder\googletest\src\gtest_main.cc
Note: Google Test filter = DomainParticipant.use_after_deletion
[==========] Running 1 test from 1 test case.
[----------] Global test environment set-up.
[----------] 1 test from DomainParticipant
[ RUN      ] DomainParticipant.use_after_deletion
[       OK ] DomainParticipant.use_after_deletion (25 ms)
[----------] 1 test from DomainParticipant (25 ms total)

[----------] Global test environment tear-down
[==========] 1 test from 1 test case ran. (25 ms total)
[  PASSED  ] 1 test.
<end of output>
Test time =   0.09 sec
----------------------------------------------------------
Test Passed.
"DomainParticipant.use_after_deletion" end time: May 14 11:30 Pacific Daylight Time
"DomainParticipant.use_after_deletion" time elapsed: 00:00:00
----------------------------------------------------------

54/447 Testing: DomainParticipant.find_none
54/447 Test: DomainParticipant.find_none
Command: "Z:/Projects/cyclonedds-cxx/build.windows/bin/ddscxx_tests.exe" "--gtest_filter=DomainParticipant.find_none"
Directory: Z:/Projects/cyclonedds-cxx/build.windows/src/ddscxx/tests
"DomainParticipant.find_none" start time: May 14 11:30 Pacific Daylight Time
Output:
----------------------------------------------------------
Running main() from C:\J\w\cci_PR-4664@4\.conan\data\gtest\1.8.1\_\_\build\3f0ace30056da8c8008a05842de931e7808916f6\source_subfolder\googletest\src\gtest_main.cc
Note: Google Test filter = DomainParticipant.find_none
[==========] Running 1 test from 1 test case.
[----------] Global test environment set-up.
[----------] 1 test from DomainParticipant
[ RUN      ] DomainParticipant.find_none
[       OK ] DomainParticipant.find_none (1 ms)
[----------] 1 test from DomainParticipant (1 ms total)

[----------] Global test environment tear-down
[==========] 1 test from 1 test case ran. (1 ms total)
[  PASSED  ] 1 test.
<end of output>
Test time =   0.06 sec
----------------------------------------------------------
Test Passed.
"DomainParticipant.find_none" end time: May 14 11:30 Pacific Daylight Time
"DomainParticipant.find_none" time elapsed: 00:00:00
----------------------------------------------------------

55/447 Testing: DomainParticipant.find_wrong
55/447 Test: DomainParticipant.find_wrong
Command: "Z:/Projects/cyclonedds-cxx/build.windows/bin/ddscxx_tests.exe" "--gtest_filter=DomainParticipant.find_wrong"
Directory: Z:/Projects/cyclonedds-cxx/build.windows/src/ddscxx/tests
"DomainParticipant.find_wrong" start time: May 14 11:30 Pacific Daylight Time
Output:
----------------------------------------------------------
Running main() from C:\J\w\cci_PR-4664@4\.conan\data\gtest\1.8.1\_\_\build\3f0ace30056da8c8008a05842de931e7808916f6\source_subfolder\googletest\src\gtest_main.cc
Note: Google Test filter = DomainParticipant.find_wrong
[==========] Running 1 test from 1 test case.
[----------] Global test environment set-up.
[----------] 1 test from DomainParticipant
[ RUN      ] DomainParticipant.find_wrong
[       OK ] DomainParticipant.find_wrong (37 ms)
[----------] 1 test from DomainParticipant (37 ms total)

[----------] Global test environment tear-down
[==========] 1 test from 1 test case ran. (37 ms total)
[  PASSED  ] 1 test.
<end of output>
Test time =   0.10 sec
----------------------------------------------------------
Test Passed.
"DomainParticipant.find_wrong" end time: May 14 11:30 Pacific Daylight Time
"DomainParticipant.find_wrong" time elapsed: 00:00:00
----------------------------------------------------------

56/447 Testing: DomainParticipant.find_deleted
56/447 Test: DomainParticipant.find_deleted
Command: "Z:/Projects/cyclonedds-cxx/build.windows/bin/ddscxx_tests.exe" "--gtest_filter=DomainParticipant.find_deleted"
Directory: Z:/Projects/cyclonedds-cxx/build.windows/src/ddscxx/tests
"DomainParticipant.find_deleted" start time: May 14 11:30 Pacific Daylight Time
Output:
----------------------------------------------------------
Running main() from C:\J\w\cci_PR-4664@4\.conan\data\gtest\1.8.1\_\_\build\3f0ace30056da8c8008a05842de931e7808916f6\source_subfolder\googletest\src\gtest_main.cc
Note: Google Test filter = DomainParticipant.find_deleted
[==========] Running 1 test from 1 test case.
[----------] Global test environment set-up.
[----------] 1 test from DomainParticipant
[ RUN      ] DomainParticipant.find_deleted
[       OK ] DomainParticipant.find_deleted (31 ms)
[----------] 1 test from DomainParticipant (31 ms total)

[----------] Global test environment tear-down
[==========] 1 test from 1 test case ran. (31 ms total)
[  PASSED  ] 1 test.
<end of output>
Test time =   0.10 sec
----------------------------------------------------------
Test Passed.
"DomainParticipant.find_deleted" end time: May 14 11:30 Pacific Daylight Time
"DomainParticipant.find_deleted" time elapsed: 00:00:00
----------------------------------------------------------

57/447 Testing: DomainParticipant.find_one
57/447 Test: DomainParticipant.find_one
Command: "Z:/Projects/cyclonedds-cxx/build.windows/bin/ddscxx_tests.exe" "--gtest_filter=DomainParticipant.find_one"
Directory: Z:/Projects/cyclonedds-cxx/build.windows/src/ddscxx/tests
"DomainParticipant.find_one" start time: May 14 11:30 Pacific Daylight Time
Output:
----------------------------------------------------------
Running main() from C:\J\w\cci_PR-4664@4\.conan\data\gtest\1.8.1\_\_\build\3f0ace30056da8c8008a05842de931e7808916f6\source_subfolder\googletest\src\gtest_main.cc
Note: Google Test filter = DomainParticipant.find_one
[==========] Running 1 test from 1 test case.
[----------] Global test environment set-up.
[----------] 1 test from DomainParticipant
[ RUN      ] DomainParticipant.find_one
[       OK ] DomainParticipant.find_one (27 ms)
[----------] 1 test from DomainParticipant (27 ms total)

[----------] Global test environment tear-down
[==========] 1 test from 1 test case ran. (27 ms total)
[  PASSED  ] 1 test.
<end of output>
Test time =   0.09 sec
----------------------------------------------------------
Test Passed.
"DomainParticipant.find_one" end time: May 14 11:30 Pacific Daylight Time
"DomainParticipant.find_one" time elapsed: 00:00:00
----------------------------------------------------------

58/447 Testing: DomainParticipant.find_multiple
58/447 Test: DomainParticipant.find_multiple
Command: "Z:/Projects/cyclonedds-cxx/build.windows/bin/ddscxx_tests.exe" "--gtest_filter=DomainParticipant.find_multiple"
Directory: Z:/Projects/cyclonedds-cxx/build.windows/src/ddscxx/tests
"DomainParticipant.find_multiple" start time: May 14 11:30 Pacific Daylight Time
Output:
----------------------------------------------------------
Running main() from C:\J\w\cci_PR-4664@4\.conan\data\gtest\1.8.1\_\_\build\3f0ace30056da8c8008a05842de931e7808916f6\source_subfolder\googletest\src\gtest_main.cc
Note: Google Test filter = DomainParticipant.find_multiple
[==========] Running 1 test from 1 test case.
[----------] Global test environment set-up.
[----------] 1 test from DomainParticipant
[ RUN      ] DomainParticipant.find_multiple
[       OK ] DomainParticipant.find_multiple (39 ms)
[----------] 1 test from DomainParticipant (39 ms total)

[----------] Global test environment tear-down
[==========] 1 test from 1 test case ran. (39 ms total)
[  PASSED  ] 1 test.
<end of output>
Test time =   0.11 sec
----------------------------------------------------------
Test Passed.
"DomainParticipant.find_multiple" end time: May 14 11:30 Pacific Daylight Time
"DomainParticipant.find_multiple" time elapsed: 00:00:00
----------------------------------------------------------

59/447 Testing: DomainParticipant.find_first
59/447 Test: DomainParticipant.find_first
Command: "Z:/Projects/cyclonedds-cxx/build.windows/bin/ddscxx_tests.exe" "--gtest_filter=DomainParticipant.find_first"
Directory: Z:/Projects/cyclonedds-cxx/build.windows/src/ddscxx/tests
"DomainParticipant.find_first" start time: May 14 11:30 Pacific Daylight Time
Output:
----------------------------------------------------------
Running main() from C:\J\w\cci_PR-4664@4\.conan\data\gtest\1.8.1\_\_\build\3f0ace30056da8c8008a05842de931e7808916f6\source_subfolder\googletest\src\gtest_main.cc
Note: Google Test filter = DomainParticipant.find_first
[==========] Running 1 test from 1 test case.
[----------] Global test environment set-up.
[----------] 1 test from DomainParticipant
[ RUN      ] DomainParticipant.find_first
[       OK ] DomainParticipant.find_first (36 ms)
[----------] 1 test from DomainParticipant (36 ms total)

[----------] Global test environment tear-down
[==========] 1 test from 1 test case ran. (36 ms total)
[  PASSED  ] 1 test.
<end of output>
Test time =   0.10 sec
----------------------------------------------------------
Test Passed.
"DomainParticipant.find_first" end time: May 14 11:30 Pacific Daylight Time
"DomainParticipant.find_first" time elapsed: 00:00:00
----------------------------------------------------------

60/447 Testing: DomainParticipant.find_second
60/447 Test: DomainParticipant.find_second
Command: "Z:/Projects/cyclonedds-cxx/build.windows/bin/ddscxx_tests.exe" "--gtest_filter=DomainParticipant.find_second"
[...]
[  PASSED  ] 1 test.
<end of output>
Test time =   0.05 sec
----------------------------------------------------------
Test Passed.
"Qos.DataWriter" end time: May 14 11:31 Pacific Daylight Time
"Qos.DataWriter" time elapsed: 00:00:00
----------------------------------------------------------

433/447 Testing: Qos.DataReader
433/447 Test: Qos.DataReader
Command: "Z:/Projects/cyclonedds-cxx/build.windows/bin/ddscxx_tests.exe" "--gtest_filter=Qos.DataReader"
Directory: Z:/Projects/cyclonedds-cxx/build.windows/src/ddscxx/tests
"Qos.DataReader" start time: May 14 11:31 Pacific Daylight Time
Output:
----------------------------------------------------------
Running main() from C:\J\w\cci_PR-4664@4\.conan\data\gtest\1.8.1\_\_\build\3f0ace30056da8c8008a05842de931e7808916f6\source_subfolder\googletest\src\gtest_main.cc
Note: Google Test filter = Qos.DataReader
[==========] Running 1 test from 1 test case.
[----------] Global test environment set-up.
[----------] 1 test from Qos
[ RUN      ] Qos.DataReader
[       OK ] Qos.DataReader (0 ms)
[----------] 1 test from Qos (0 ms total)

[----------] Global test environment tear-down
[==========] 1 test from 1 test case ran. (0 ms total)
[  PASSED  ] 1 test.
<end of output>
Test time =   0.05 sec
----------------------------------------------------------
Test Passed.
"Qos.DataReader" end time: May 14 11:31 Pacific Daylight Time
"Qos.DataReader" time elapsed: 00:00:00
----------------------------------------------------------

434/447 Testing: Qos.invalid_values
434/447 Test: Qos.invalid_values
Command: "Z:/Projects/cyclonedds-cxx/build.windows/bin/ddscxx_tests.exe" "--gtest_filter=Qos.invalid_values"
Directory: Z:/Projects/cyclonedds-cxx/build.windows/src/ddscxx/tests
"Qos.invalid_values" start time: May 14 11:31 Pacific Daylight Time
Output:
----------------------------------------------------------
Running main() from C:\J\w\cci_PR-4664@4\.conan\data\gtest\1.8.1\_\_\build\3f0ace30056da8c8008a05842de931e7808916f6\source_subfolder\googletest\src\gtest_main.cc
Note: Google Test filter = Qos.invalid_values
[==========] Running 1 test from 1 test case.
[----------] Global test environment set-up.
[----------] 1 test from Qos
[ RUN      ] Qos.invalid_values
[       OK ] Qos.invalid_values (1 ms)
[----------] 1 test from Qos (1 ms total)

[----------] Global test environment tear-down
[==========] 1 test from 1 test case ran. (1 ms total)
[  PASSED  ] 1 test.
<end of output>
Test time =   0.05 sec
----------------------------------------------------------
Test Passed.
"Qos.invalid_values" end time: May 14 11:31 Pacific Daylight Time
"Qos.invalid_values" time elapsed: 00:00:00
----------------------------------------------------------

435/447 Testing: Qos.invalid_policies
435/447 Test: Qos.invalid_policies
Command: "Z:/Projects/cyclonedds-cxx/build.windows/bin/ddscxx_tests.exe" "--gtest_filter=Qos.invalid_policies"
Directory: Z:/Projects/cyclonedds-cxx/build.windows/src/ddscxx/tests
"Qos.invalid_policies" start time: May 14 11:31 Pacific Daylight Time
Output:
----------------------------------------------------------
Running main() from C:\J\w\cci_PR-4664@4\.conan\data\gtest\1.8.1\_\_\build\3f0ace30056da8c8008a05842de931e7808916f6\source_subfolder\googletest\src\gtest_main.cc
Note: Google Test filter = Qos.invalid_policies
[==========] Running 1 test from 1 test case.
[----------] Global test environment set-up.
[----------] 1 test from Qos
[ RUN      ] Qos.invalid_policies
[       OK ] Qos.invalid_policies (1 ms)
[----------] 1 test from Qos (1 ms total)

[----------] Global test environment tear-down
[==========] 1 test from 1 test case ran. (1 ms total)
[  PASSED  ] 1 test.
<end of output>
Test time =   0.05 sec
----------------------------------------------------------
Test Passed.
"Qos.invalid_policies" end time: May 14 11:31 Pacific Daylight Time
"Qos.invalid_policies" time elapsed: 00:00:00
----------------------------------------------------------

436/447 Testing: Qos.policy_name
436/447 Test: Qos.policy_name
Command: "Z:/Projects/cyclonedds-cxx/build.windows/bin/ddscxx_tests.exe" "--gtest_filter=Qos.policy_name"
Directory: Z:/Projects/cyclonedds-cxx/build.windows/src/ddscxx/tests
"Qos.policy_name" start time: May 14 11:31 Pacific Daylight Time
Output:
----------------------------------------------------------
Running main() from C:\J\w\cci_PR-4664@4\.conan\data\gtest\1.8.1\_\_\build\3f0ace30056da8c8008a05842de931e7808916f6\source_subfolder\googletest\src\gtest_main.cc
Note: Google Test filter = Qos.policy_name
[==========] Running 1 test from 1 test case.
[----------] Global test environment set-up.
[----------] 1 test from Qos
[ RUN      ] Qos.policy_name
[       OK ] Qos.policy_name (0 ms)
[----------] 1 test from Qos (0 ms total)

[----------] Global test environment tear-down
[==========] 1 test from 1 test case ran. (0 ms total)
[  PASSED  ] 1 test.
<end of output>
Test time =   0.05 sec
----------------------------------------------------------
Test Passed.
"Qos.policy_name" end time: May 14 11:31 Pacific Daylight Time
"Qos.policy_name" time elapsed: 00:00:00
----------------------------------------------------------

437/447 Testing: Condition.create
437/447 Test: Condition.create
Command: "Z:/Projects/cyclonedds-cxx/build.windows/bin/ddscxx_tests.exe" "--gtest_filter=Condition.create"
Directory: Z:/Projects/cyclonedds-cxx/build.windows/src/ddscxx/tests
"Condition.create" start time: May 14 11:31 Pacific Daylight Time
Output:
----------------------------------------------------------
Running main() from C:\J\w\cci_PR-4664@4\.conan\data\gtest\1.8.1\_\_\build\3f0ace30056da8c8008a05842de931e7808916f6\source_subfolder\googletest\src\gtest_main.cc
Note: Google Test filter = Condition.create
[==========] Running 1 test from 1 test case.
[----------] Global test environment set-up.
[----------] 1 test from Condition
[ RUN      ] Condition.create
[       OK ] Condition.create (56 ms)
[----------] 1 test from Condition (56 ms total)

[----------] Global test environment tear-down
[==========] 1 test from 1 test case ran. (56 ms total)
[  PASSED  ] 1 test.
<end of output>
Test time =   0.11 sec
----------------------------------------------------------
Test Passed.
"Condition.create" end time: May 14 11:31 Pacific Daylight Time
"Condition.create" time elapsed: 00:00:00
----------------------------------------------------------

438/447 Testing: Condition.handler
438/447 Test: Condition.handler
Command: "Z:/Projects/cyclonedds-cxx/build.windows/bin/ddscxx_tests.exe" "--gtest_filter=Condition.handler"
Directory: Z:/Projects/cyclonedds-cxx/build.windows/src/ddscxx/tests
"Condition.handler" start time: May 14 11:31 Pacific Daylight Time
Output:
----------------------------------------------------------
Running main() from C:\J\w\cci_PR-4664@4\.conan\data\gtest\1.8.1\_\_\build\3f0ace30056da8c8008a05842de931e7808916f6\source_subfolder\googletest\src\gtest_main.cc
Note: Google Test filter = Condition.handler
[==========] Running 1 test from 1 test case.
[----------] Global test environment set-up.
[----------] 1 test from Condition
[ RUN      ] Condition.handler
[       OK ] Condition.handler (26 ms)
[----------] 1 test from Condition (26 ms total)

[----------] Global test environment tear-down
[==========] 1 test from 1 test case ran. (26 ms total)
[  PASSED  ] 1 test.
<end of output>
Test time =   0.08 sec
----------------------------------------------------------
Test Passed.
"Condition.handler" end time: May 14 11:31 Pacific Daylight Time
"Condition.handler" time elapsed: 00:00:00
----------------------------------------------------------

439/447 Testing: Condition.status_condition
439/447 Test: Condition.status_condition
Command: "Z:/Projects/cyclonedds-cxx/build.windows/bin/ddscxx_tests.exe" "--gtest_filter=Condition.status_condition"
Directory: Z:/Projects/cyclonedds-cxx/build.windows/src/ddscxx/tests
"Condition.status_condition" start time: May 14 11:31 Pacific Daylight Time
Output:
----------------------------------------------------------
Running main() from C:\J\w\cci_PR-4664@4\.conan\data\gtest\1.8.1\_\_\build\3f0ace30056da8c8008a05842de931e7808916f6\source_subfolder\googletest\src\gtest_main.cc
Note: Google Test filter = Condition.status_condition
[==========] Running 1 test from 1 test case.
[----------] Global test environment set-up.
[----------] 1 test from Condition
[ RUN      ] Condition.status_condition
[       OK ] Condition.status_condition (68 ms)
[----------] 1 test from Condition (68 ms total)

[----------] Global test environment tear-down
[==========] 1 test from 1 test case ran. (68 ms total)
[  PASSED  ] 1 test.
<end of output>
Test time =   0.13 sec
----------------------------------------------------------
Test Passed.
"Condition.status_condition" end time: May 14 11:31 Pacific Daylight Time
"Condition.status_condition" time elapsed: 00:00:00
----------------------------------------------------------

440/447 Testing: Condition.status_condition_entity
440/447 Test: Condition.status_condition_entity
Command: "Z:/Projects/cyclonedds-cxx/build.windows/bin/ddscxx_tests.exe" "--gtest_filter=Condition.status_condition_entity"
Directory: Z:/Projects/cyclonedds-cxx/build.windows/src/ddscxx/tests
"Condition.status_condition_entity" start time: May 14 11:31 Pacific Daylight Time
Output:
----------------------------------------------------------
Running main() from C:\J\w\cci_PR-4664@4\.conan\data\gtest\1.8.1\_\_\build\3f0ace30056da8c8008a05842de931e7808916f6\source_subfolder\googletest\src\gtest_main.cc
Note: Google Test filter = Condition.status_condition_entity
[==========] Running 1 test from 1 test case.
[----------] Global test environment set-up.
[----------] 1 test from Condition
[ RUN      ] Condition.status_condition_entity
[       OK ] Condition.status_condition_entity (49 ms)
[----------] 1 test from Condition (49 ms total)

[----------] Global test environment tear-down
[==========] 1 test from 1 test case ran. (49 ms total)
[  PASSED  ] 1 test.
<end of output>
Test time =   0.12 sec
----------------------------------------------------------
Test Passed.
"Condition.status_condition_entity" end time: May 14 11:31 Pacific Daylight Time
"Condition.status_condition_entity" time elapsed: 00:00:00
----------------------------------------------------------

441/447 Testing: Condition.guard_condition
441/447 Test: Condition.guard_condition
Command: "Z:/Projects/cyclonedds-cxx/build.windows/bin/ddscxx_tests.exe" "--gtest_filter=Condition.guard_condition"
Directory: Z:/Projects/cyclonedds-cxx/build.windows/src/ddscxx/tests
"Condition.guard_condition" start time: May 14 11:31 Pacific Daylight Time
Output:
----------------------------------------------------------
Running main() from C:\J\w\cci_PR-4664@4\.conan\data\gtest\1.8.1\_\_\build\3f0ace30056da8c8008a05842de931e7808916f6\source_subfolder\googletest\src\gtest_main.cc
Note: Google Test filter = Condition.guard_condition
[==========] Running 1 test from 1 test case.
[----------] Global test environment set-up.
[----------] 1 test from Condition
[ RUN      ] Condition.guard_condition
[       OK ] Condition.guard_condition (54 ms)
[----------] 1 test from Condition (54 ms total)

[----------] Global test environment tear-down
[==========] 1 test from 1 test case ran. (54 ms total)
[  PASSED  ] 1 test.
<end of output>
Test time =   0.12 sec
----------------------------------------------------------
Test Passed.
"Condition.guard_condition" end time: May 14 11:31 Pacific Daylight Time
"Condition.guard_condition" time elapsed: 00:00:00
----------------------------------------------------------

442/447 Testing: Condition.read_condition
442/447 Test: Condition.read_condition
Command: "Z:/Projects/cyclonedds-cxx/build.windows/bin/ddscxx_tests.exe" "--gtest_filter=Condition.read_condition"
Directory: Z:/Projects/cyclonedds-cxx/build.windows/src/ddscxx/tests
"Condition.read_condition" start time: May 14 11:31 Pacific Daylight Time
Output:
----------------------------------------------------------
Running main() from C:\J\w\cci_PR-4664@4\.conan\data\gtest\1.8.1\_\_\build\3f0ace30056da8c8008a05842de931e7808916f6\source_subfolder\googletest\src\gtest_main.cc
Note: Google Test filter = Condition.read_condition
[==========] Running 1 test from 1 test case.
[----------] Global test environment set-up.
[----------] 1 test from Condition
[ RUN      ] Condition.read_condition
[       OK ] Condition.read_condition (57 ms)
[----------] 1 test from Condition (57 ms total)

[----------] Global test environment tear-down
[==========] 1 test from 1 test case ran. (57 ms total)
[  PASSED  ] 1 test.
<end of output>
Test time =   0.12 sec
----------------------------------------------------------
Test Passed.
"Condition.read_condition" end time: May 14 11:31 Pacific Daylight Time
"Condition.read_condition" time elapsed: 00:00:00
----------------------------------------------------------

443/447 Testing: Condition.read_condition_functor
443/447 Test: Condition.read_condition_functor
Command: "Z:/Projects/cyclonedds-cxx/build.windows/bin/ddscxx_tests.exe" "--gtest_filter=Condition.read_condition_functor"
Directory: Z:/Projects/cyclonedds-cxx/build.windows/src/ddscxx/tests
"Condition.read_condition_functor" start time: May 14 11:31 Pacific Daylight Time
Output:
----------------------------------------------------------
Running main() from C:\J\w\cci_PR-4664@4\.conan\data\gtest\1.8.1\_\_\build\3f0ace30056da8c8008a05842de931e7808916f6\source_subfolder\googletest\src\gtest_main.cc
Note: Google Test filter = Condition.read_condition_functor
[==========] Running 1 test from 1 test case.
[----------] Global test environment set-up.
[----------] 1 test from Condition
[ RUN      ] Condition.read_condition_functor
[       OK ] Condition.read_condition_functor (72 ms)
[----------] 1 test from Condition (72 ms total)

[----------] Global test environment tear-down
[==========] 1 test from 1 test case ran. (72 ms total)
[  PASSED  ] 1 test.
<end of output>
Test time =   0.13 sec
----------------------------------------------------------
Test Passed.
"Condition.read_condition_functor" end time: May 14 11:31 Pacific Daylight Time
"Condition.read_condition_functor" time elapsed: 00:00:00
----------------------------------------------------------

444/447 Testing: Condition.query_condition
444/447 Test: Condition.query_condition
Command: "Z:/Projects/cyclonedds-cxx/build.windows/bin/ddscxx_tests.exe" "--gtest_filter=Condition.query_condition"
Directory: Z:/Projects/cyclonedds-cxx/build.windows/src/ddscxx/tests
"Condition.query_condition" start time: May 14 11:31 Pacific Daylight Time
Output:
----------------------------------------------------------
Running main() from C:\J\w\cci_PR-4664@4\.conan\data\gtest\1.8.1\_\_\build\3f0ace30056da8c8008a05842de931e7808916f6\source_subfolder\googletest\src\gtest_main.cc
Note: Google Test filter = Condition.query_condition
[==========] Running 1 test from 1 test case.
[----------] Global test environment set-up.
[----------] 1 test from Condition
[ RUN      ] Condition.query_condition
[       OK ] Condition.query_condition (52 ms)
[----------] 1 test from Condition (52 ms total)

[----------] Global test environment tear-down
[==========] 1 test from 1 test case ran. (52 ms total)
[  PASSED  ] 1 test.
<end of output>
Test time =   0.10 sec
----------------------------------------------------------
Test Passed.
"Condition.query_condition" end time: May 14 11:31 Pacific Daylight Time
"Condition.query_condition" time elapsed: 00:00:00
----------------------------------------------------------

445/447 Testing: Condition.conversion_null
445/447 Test: Condition.conversion_null
Command: "Z:/Projects/cyclonedds-cxx/build.windows/bin/ddscxx_tests.exe" "--gtest_filter=Condition.conversion_null"
Directory: Z:/Projects/cyclonedds-cxx/build.windows/src/ddscxx/tests
"Condition.conversion_null" start time: May 14 11:31 Pacific Daylight Time
Output:
----------------------------------------------------------
Running main() from C:\J\w\cci_PR-4664@4\.conan\data\gtest\1.8.1\_\_\build\3f0ace30056da8c8008a05842de931e7808916f6\source_subfolder\googletest\src\gtest_main.cc
Note: Google Test filter = Condition.conversion_null
[==========] Running 1 test from 1 test case.
[----------] Global test environment set-up.
[----------] 1 test from Condition
[ RUN      ] Condition.conversion_null
[       OK ] Condition.conversion_null (43 ms)
[----------] 1 test from Condition (43 ms total)

[----------] Global test environment tear-down
[==========] 1 test from 1 test case ran. (43 ms total)
[  PASSED  ] 1 test.
<end of output>
Test time =   0.10 sec
----------------------------------------------------------
Test Passed.
"Condition.conversion_null" end time: May 14 11:31 Pacific Daylight Time
"Condition.conversion_null" time elapsed: 00:00:00
----------------------------------------------------------

446/447 Testing: Condition.conversion
446/447 Test: Condition.conversion
Command: "Z:/Projects/cyclonedds-cxx/build.windows/bin/ddscxx_tests.exe" "--gtest_filter=Condition.conversion"
Directory: Z:/Projects/cyclonedds-cxx/build.windows/src/ddscxx/tests
"Condition.conversion" start time: May 14 11:31 Pacific Daylight Time
Output:
----------------------------------------------------------
Running main() from C:\J\w\cci_PR-4664@4\.conan\data\gtest\1.8.1\_\_\build\3f0ace30056da8c8008a05842de931e7808916f6\source_subfolder\googletest\src\gtest_main.cc
Note: Google Test filter = Condition.conversion
[==========] Running 1 test from 1 test case.
[----------] Global test environment set-up.
[----------] 1 test from Condition
[ RUN      ] Condition.conversion
[       OK ] Condition.conversion (22 ms)
[----------] 1 test from Condition (22 ms total)

[----------] Global test environment tear-down
[==========] 1 test from 1 test case ran. (22 ms total)
[  PASSED  ] 1 test.
<end of output>
Test time =   0.07 sec
----------------------------------------------------------
Test Passed.
"Condition.conversion" end time: May 14 11:31 Pacific Daylight Time
"Condition.conversion" time elapsed: 00:00:00
----------------------------------------------------------

447/447 Testing: Condition.conversion_invalid
447/447 Test: Condition.conversion_invalid
Command: "Z:/Projects/cyclonedds-cxx/build.windows/bin/ddscxx_tests.exe" "--gtest_filter=Condition.conversion_invalid"
Directory: Z:/Projects/cyclonedds-cxx/build.windows/src/ddscxx/tests
"Condition.conversion_invalid" start time: May 14 11:31 Pacific Daylight Time
Output:
----------------------------------------------------------
Running main() from C:\J\w\cci_PR-4664@4\.conan\data\gtest\1.8.1\_\_\build\3f0ace30056da8c8008a05842de931e7808916f6\source_subfolder\googletest\src\gtest_main.cc
Note: Google Test filter = Condition.conversion_invalid
[==========] Running 1 test from 1 test case.
[----------] Global test environment set-up.
[----------] 1 test from Condition
[ RUN      ] Condition.conversion_invalid
[       OK ] Condition.conversion_invalid (55 ms)
[----------] 1 test from Condition (55 ms total)

[----------] Global test environment tear-down
[==========] 1 test from 1 test case ran. (55 ms total)
[  PASSED  ] 1 test.
<end of output>
Test time =   0.11 sec
----------------------------------------------------------
Test Passed.
"Condition.conversion_invalid" end time: May 14 11:31 Pacific Daylight Time
"Condition.conversion_invalid" time elapsed: 00:00:00
----------------------------------------------------------

End testing: May 14 11:31 Pacific Daylight Time
